#
# A fatal error has been detected by the Java Runtime Environment:
#
#  SIGSEGV (0xb) at pc=0x00007fffc882205d, pid=28746, tid=0x0000000000000307
#
# JRE version: Java(TM) SE Runtime Environment (8.0_101-b13) (build 1.8.0_101-b13)
# Java VM: Java HotSpot(TM) 64-Bit Server VM (25.101-b13 mixed mode bsd-amd64 compressed oops)
# Problematic frame:
# C  [libobjc.A.dylib+0x705d]  objc_msgSend+0x1d
#
# Failed to write core dump. Core dumps have been disabled. To enable core dumping, try "ulimit -c unlimited" before starting Java again
#
# If you would like to submit a bug report, please visit:
#   http://bugreport.java.com/bugreport/crash.jsp
# The crash happened outside the Java Virtual Machine in native code.
# See problematic frame for where to report the bug.
#

---------------  T H R E A D  ---------------

Current thread (0x00007f931a9e2800):  JavaThread "AppKit Thread" daemon [_thread_in_native, id=775, stack(0x00007fff5ec48000,0x00007fff5f448000)]

siginfo: si_signo: 11 (SIGSEGV), si_code: 1 (SEGV_MAPERR), si_addr: 0x000007f931b77970

Registers:
RAX=0x00007f9318d2a9f0, RBX=0x00007f931b6829f0, RCX=0x00007f9318d54900, RDX=0x00007f9318d2a9f0
RSP=0x00007fff5f442a98, RBP=0x00007fff5f442aa0, RSI=0x00007fffb2135861, RDI=0x00007f9318d54900
R8 =0x00000000000001ff, R9 =0x00007f931b6b77e0, R10=0x000007f931b77958, R11=0x00007fffb2135861
R12=0x0000000000000000, R13=0x00007f931b6b77e0, R14=0x00007f9318d2a9f0, R15=0x0000000000000000
RIP=0x00007fffc882205d, EFLAGS=0x0000000000010202, ERR=0x0000000000000004
  TRAPNO=0x000000000000000e

Top of Stack: (sp=0x00007fff5f442a98)
0x00007fff5f442a98:   00007fffb39c850c 00007fff5f442b10
0x00007fff5f442aa8:   00007fffb39c840b 0000000000000000
0x00007fff5f442ab8:   00007fffd2006060 00000000c2000000
0x00007fff5f442ac8:   00007fffb39c8460 00007fffce886680
0x00007fff5f442ad8:   00007f931b6b77e0 00007f9318d2a9f0
0x00007fff5f442ae8:   00007fff5f4432d8 00007fffc8822040
0x00007fff5f442af8:   00007fff5f442be0 00007f931b6b77e0
0x00007fff5f442b08:   00007fffb20cd078 00007fff5f442b50
0x00007fff5f442b18:   00007fffb39c8172 00007fff5f443120
0x00007fff5f442b28:   0000000000000001 00007fffc8822040
0x00007fff5f442b38:   00007fff5f442be0 00007fff5f4432d8
0x00007fff5f442b48:   00007fffb20cd078 00007fff5f443270
0x00007fff5f442b58:   00007fffb39855a3 00000001007d8400
0x00007fff5f442b68:   0000000000000004 00000001007d4000
0x00007fff5f442b78:   00007f9318e00000 00007f9318d09ee0
0x00007fff5f442b88:   00007fffce887cb0 0000000000000000
0x00007fff5f442b98:   00007f931a0770d0 00007f9318d09e01
0x00007fff5f442ba8:   00007f9318d69f70 00007fffce9ba0e0
0x00007fff5f442bb8:   0000000000000000 0000000000000000
0x00007fff5f442bc8:   0000000000000000 00007f9318d6d9e0
0x00007fff5f442bd8:   00007fffce8c6900 00007fff5f443120
0x00007fff5f442be8:   0000000000000002 0000000000000100
0x00007fff5f442bf8:   00007fffc8824500 00007fff5f443020
0x00007fff5f442c08:   0000000000000000 0000000000000100
0x00007fff5f442c18:   00007fffb39c8d00 ffff806ce71c8410
0x00007fff5f442c28:   00007f9318e37bf0 00007fffce9b7640
0x00007fff5f442c38:   00007f9318e37bf0 00007fff5f442c70
0x00007fff5f442c48:   00007fffb39c8e08 ffff806ce71c8410
0x00007fff5f442c58:   00007f9318e37bf0 00007fffce9b78c0
0x00007fff5f442c68:   00007f9318e37bf0 00007fff5f442ca0
0x00007fff5f442c78:   00007fffb39c8eeb 0000000000000d40
0x00007fff5f442c88:   ffff806ce73b2e30 00007f9318c4d1d0 

Instructions: (pc=0x00007fffc882205d)
0x00007fffc882203d:   0f 1f 00 48 85 ff 2e 74 62 40 f6 c7 01 2e 75 66
0x00007fffc882204d:   49 ba f8 ff ff ff ff 7f 00 00 4c 23 17 49 89 f3
0x00007fffc882205d:   45 23 5a 18 49 c1 e3 04 4d 03 5a 10 49 3b 33 75
0x00007fffc882206d:   04 41 ff 63 08 49 83 3b 01 76 0d 49 83 c3 10 49 

Register to memory mapping:

RAX=0x00007f9318d2a9f0 is an unknown value
RBX=0x00007f931b6829f0 is an unknown value
RCX=0x00007f9318d54900 is an unknown value
RDX=0x00007f9318d2a9f0 is an unknown value
RSP=0x00007fff5f442a98 is pointing into the stack for thread: 0x00007f931a9e2800
RBP=0x00007fff5f442aa0 is pointing into the stack for thread: 0x00007f931a9e2800
RSI=0x00007fffb2135861: __NSStyleNameIndexTable+0xe0419 in /System/Library/Frameworks/AppKit.framework/Versions/C/AppKit at 0x00007fffb1468000
RDI=0x00007f9318d54900 is an unknown value
R8 =0x00000000000001ff is an unknown value
R9 =0x00007f931b6b77e0 is an unknown value
R10=0x000007f931b77958 is an unknown value
R11=0x00007fffb2135861: __NSStyleNameIndexTable+0xe0419 in /System/Library/Frameworks/AppKit.framework/Versions/C/AppKit at 0x00007fffb1468000
R12=0x0000000000000000 is an unknown value
R13=0x00007f931b6b77e0 is an unknown value
R14=0x00007f9318d2a9f0 is an unknown value
R15=0x0000000000000000 is an unknown value


Stack: [0x00007fff5ec48000,0x00007fff5f448000],  sp=0x00007fff5f442a98,  free space=8170k
Native frames: (J=compiled Java code, j=interpreted, Vv=VM code, C=native code)
C  [libobjc.A.dylib+0x705d]  objc_msgSend+0x1d
C  [CoreFoundation+0x9d40b]  _CFXRegistrationPost+0x1ab
C  [CoreFoundation+0x9d172]  ___CFXNotificationPost_block_invoke+0x32
C  [CoreFoundation+0x5a5a3]  -[_CFXNotificationRegistrar find:object:observer:enumerator:]+0x723
C  [CoreFoundation+0x595dc]  _CFXNotificationPost+0x25c
C  [Foundation+0x6997]  -[NSNotificationCenter postNotificationName:object:userInfo:]+0x42
C  [AppKit+0x24f177]  -[NSSurface _disposeSurface]+0x98
C  [AppKit+0x24ed26]  -[NSSurface setWindow:]+0x35
C  [AppKit+0x28d30]  -[NSView _setWindow:]+0xa0f
C  [AppKit+0x2b957]  -[NSView removeFromSuperview]+0x1d1
C  [AppKit+0x14d130]  -[NSView removeFromSuperviewWithoutNeedingDisplay]+0x26
C  [liblwjgl.dylib+0xa205]  +[MacOSXKeyableWindow destroyWindow]+0xb5
C  [Foundation+0x7184a]  __NSThreadPerformPerform+0x146
C  [CoreFoundation+0xa73c1]  __CFRUNLOOP_IS_CALLING_OUT_TO_A_SOURCE0_PERFORM_FUNCTION__+0x11
C  [CoreFoundation+0x882cd]  __CFRunLoopDoSources0+0x22d
C  [CoreFoundation+0x877c6]  __CFRunLoopRun+0x3a6
C  [CoreFoundation+0x871c4]  CFRunLoopRunSpecific+0x1a4
C  [HIToolbox+0x30ebc]  RunCurrentEventLoopInMode+0xf0
C  [HIToolbox+0x30cf1]  ReceiveNextEventCommon+0x1b0
C  [HIToolbox+0x30b26]  _BlockUntilNextEventMatchingListInModeWithFilter+0x47
C  [AppKit+0x46e24]  _DPSNextEvent+0x460
C  [AppKit+0x7c285e]  -[NSApplication(NSEvent) _nextEventMatchingEventMask:untilDate:inMode:dequeue:]+0xaec
C  [libosxapp.dylib+0x23aa]  -[NSApplicationAWT nextEventMatchingMask:untilDate:inMode:dequeue:]+0x7c
C  [AppKit+0x3b7ab]  -[NSApplication run]+0x39e
C  [libosxapp.dylib+0x214d]  +[NSApplicationAWT runAWTLoopWithApp:]+0x9c
C  [libawt_lwawt.dylib+0x444b3]  -[AWTStarter starter:]+0x389
C  [Foundation+0x7184a]  __NSThreadPerformPerform+0x146
C  [CoreFoundation+0xa73c1]  __CFRUNLOOP_IS_CALLING_OUT_TO_A_SOURCE0_PERFORM_FUNCTION__+0x11
C  [CoreFoundation+0x882cd]  __CFRunLoopDoSources0+0x22d
C  [CoreFoundation+0x877c6]  __CFRunLoopRun+0x3a6
C  [CoreFoundation+0x871c4]  CFRunLoopRunSpecific+0x1a4
C  [java+0x6465]  CreateExecutionEnvironment+0x367
C  [java+0x218c]  JLI_Launch+0x7a0
C  [java+0x84c2]  main+0x65
C  [java+0x19e4]  start+0x34
C  0x0000000000000006


---------------  P R O C E S S  ---------------

Java Threads: ( => current thread )
  0x00007f9319d6c000 JavaThread "AWT-Shutdown" [_thread_blocked, id=29703, stack(0x00007000070f6000,0x00007000071f6000)]
  0x00007f93199bb000 JavaThread "Java2D Disposer" daemon [_thread_blocked, id=59423, stack(0x0000700007402000,0x0000700007502000)]
  0x00007f931a27f000 JavaThread "Java2D Queue Flusher" daemon [_thread_blocked, id=59151, stack(0x00007000072ff000,0x00007000073ff000)]
=>0x00007f931a9e2800 JavaThread "AppKit Thread" daemon [_thread_in_native, id=775, stack(0x00007fff5ec48000,0x00007fff5f448000)]
  0x00007f931981d000 JavaThread "Service Thread" daemon [_thread_blocked, id=18435, stack(0x0000700006e6d000,0x0000700006f6d000)]
  0x00007f931a82e800 JavaThread "C1 CompilerThread2" daemon [_thread_blocked, id=17923, stack(0x0000700006d6a000,0x0000700006e6a000)]
  0x00007f931981c800 JavaThread "C2 CompilerThread1" daemon [_thread_blocked, id=17411, stack(0x0000700006c67000,0x0000700006d67000)]
  0x00007f931901d000 JavaThread "C2 CompilerThread0" daemon [_thread_blocked, id=16899, stack(0x0000700006b64000,0x0000700006c64000)]
  0x00007f931901b800 JavaThread "Signal Dispatcher" daemon [_thread_blocked, id=16387, stack(0x0000700006a61000,0x0000700006b61000)]
  0x00007f931a01c800 JavaThread "Finalizer" daemon [_thread_blocked, id=12291, stack(0x00007000068db000,0x00007000069db000)]
  0x00007f9319018800 JavaThread "Reference Handler" daemon [_thread_blocked, id=11779, stack(0x00007000067d8000,0x00007000068d8000)]
  0x00007f931a001800 JavaThread "main" [_thread_in_native, id=6915, stack(0x00007000061c6000,0x00007000062c6000)]

Other Threads:
  0x00007f931a83e000 VMThread [stack: 0x00007000066d5000,0x00007000067d5000] [id=11267]
  0x00007f931901c800 WatcherThread [stack: 0x0000700006f70000,0x0000700007070000] [id=18947]

VM state:not at safepoint (normal execution)

VM Mutex/Monitor currently owned by a thread: None

Heap:
 PSYoungGen      total 38400K, used 21949K [0x0000000795580000, 0x000000079a080000, 0x00000007c0000000)
  eden space 33280K, 50% used [0x0000000795580000,0x00000007965f6b78,0x0000000797600000)
  from space 5120K, 99% used [0x0000000797b00000,0x0000000797ff8920,0x0000000798000000)
  to   space 5120K, 0% used [0x0000000797600000,0x0000000797600000,0x0000000797b00000)
 ParOldGen       total 87552K, used 5575K [0x0000000740000000, 0x0000000745580000, 0x0000000795580000)
  object space 87552K, 6% used [0x0000000740000000,0x0000000740571f68,0x0000000745580000)
 Metaspace       used 11297K, capacity 11541K, committed 11776K, reserved 1060864K
  class space    used 1198K, capacity 1261K, committed 1280K, reserved 1048576K

Card table byte_map: [0x00000001118f5000,0x0000000111cf6000] byte_map_base: 0x000000010def5000

Marking Bits: (ParMarkBitMap*) 0x0000000101aedd20
 Begin Bits: [0x0000000111cf6000, 0x0000000113cf6000)
 End Bits:   [0x0000000113cf6000, 0x0000000115cf6000)

Polling page: 0x0000000100878000

CodeCache: size=245760Kb used=4807Kb max_used=4818Kb free=240952Kb
 bounds [0x0000000102535000, 0x00000001029f5000, 0x0000000111535000]
 total_blobs=1865 nmethods=1329 adapters=450
 compilation: enabled

Compilation events (10 events):
Event: 10.050 Thread 0x00007f931a82e800 1326       3       game.Player::update (448 bytes)
Event: 10.054 Thread 0x00007f931a82e800 nmethod 1326 0x00000001029dded0 code [0x00000001029de560, 0x00000001029e3018]
Event: 10.054 Thread 0x00007f931a82e800 1327       3       screen.FreePlayConfigure::render (9 bytes)
Event: 10.054 Thread 0x00007f931a82e800 nmethod 1327 0x00000001029e4d10 code [0x00000001029e4e80, 0x00000001029e50a8]
Event: 10.054 Thread 0x00007f931a82e800 1328       3       org.newdawn.slick.Graphics::popTransform (80 bytes)
Event: 10.056 Thread 0x00007f931a82e800 nmethod 1328 0x00000001029e5190 code [0x00000001029e54e0, 0x00000001029e6d58]
Event: 10.107 Thread 0x00007f931a82e800 1329  s    3       org.lwjgl.opengl.MacOSXNativeMouse::mouseMoved (138 bytes)
Event: 10.107 Thread 0x00007f931a82e800 nmethod 1329 0x00000001029e7e90 code [0x00000001029e80a0, 0x00000001029e8928]
Event: 10.221 Thread 0x00007f931901d000 1330       4       java.nio.DirectByteBuffer::put (18 bytes)
Event: 10.221 Thread 0x00007f931901d000 nmethod 1330 0x00000001029eb790 code [0x00000001029eb8e0, 0x00000001029eb998]

GC Heap History (4 events):
Event: 3.364 GC heap before
{Heap before GC invocations=1 (full 0):
 PSYoungGen      total 38400K, used 33280K [0x0000000795580000, 0x0000000798000000, 0x00000007c0000000)
  eden space 33280K, 100% used [0x0000000795580000,0x0000000797600000,0x0000000797600000)
  from space 5120K, 0% used [0x0000000797b00000,0x0000000797b00000,0x0000000798000000)
  to   space 5120K, 0% used [0x0000000797600000,0x0000000797600000,0x0000000797b00000)
 ParOldGen       total 87552K, used 0K [0x0000000740000000, 0x0000000745580000, 0x0000000795580000)
  object space 87552K, 0% used [0x0000000740000000,0x0000000740000000,0x0000000745580000)
 Metaspace       used 10725K, capacity 10913K, committed 11264K, reserved 1058816K
  class space    used 1160K, capacity 1215K, committed 1280K, reserved 1048576K
Event: 3.376 GC heap after
Heap after GC invocations=1 (full 0):
 PSYoungGen      total 38400K, used 5110K [0x0000000795580000, 0x0000000798000000, 0x00000007c0000000)
  eden space 33280K, 0% used [0x0000000795580000,0x0000000795580000,0x0000000797600000)
  from space 5120K, 99% used [0x0000000797600000,0x0000000797afd898,0x0000000797b00000)
  to   space 5120K, 0% used [0x0000000797b00000,0x0000000797b00000,0x0000000798000000)
 ParOldGen       total 87552K, used 5471K [0x0000000740000000, 0x0000000745580000, 0x0000000795580000)
  object space 87552K, 6% used [0x0000000740000000,0x0000000740557f68,0x0000000745580000)
 Metaspace       used 10725K, capacity 10913K, committed 11264K, reserved 1058816K
  class space    used 1160K, capacity 1215K, committed 1280K, reserved 1048576K
}
Event: 3.579 GC heap before
{Heap before GC invocations=2 (full 0):
 PSYoungGen      total 38400K, used 38390K [0x0000000795580000, 0x0000000798000000, 0x00000007c0000000)
  eden space 33280K, 100% used [0x0000000795580000,0x0000000797600000,0x0000000797600000)
  from space 5120K, 99% used [0x0000000797600000,0x0000000797afd898,0x0000000797b00000)
  to   space 5120K, 0% used [0x0000000797b00000,0x0000000797b00000,0x0000000798000000)
 ParOldGen       total 87552K, used 5471K [0x0000000740000000, 0x0000000745580000, 0x0000000795580000)
  object space 87552K, 6% used [0x0000000740000000,0x0000000740557f68,0x0000000745580000)
 Metaspace       used 10832K, capacity 11045K, committed 11264K, reserved 1058816K
  class space    used 1160K, capacity 1215K, committed 1280K, reserved 1048576K
Event: 3.584 GC heap after
Heap after GC invocations=2 (full 0):
 PSYoungGen      total 38400K, used 5090K [0x0000000795580000, 0x000000079a080000, 0x00000007c0000000)
  eden space 33280K, 0% used [0x0000000795580000,0x0000000795580000,0x0000000797600000)
  from space 5120K, 99% used [0x0000000797b00000,0x0000000797ff8920,0x0000000798000000)
  to   space 5120K, 0% used [0x0000000797600000,0x0000000797600000,0x0000000797b00000)
 ParOldGen       total 87552K, used 5575K [0x0000000740000000, 0x0000000745580000, 0x0000000795580000)
  object space 87552K, 6% used [0x0000000740000000,0x0000000740571f68,0x0000000745580000)
 Metaspace       used 10832K, capacity 11045K, committed 11264K, reserved 1058816K
  class space    used 1160K, capacity 1215K, committed 1280K, reserved 1048576K
}

Deoptimization events (6 events):
Event: 0.320 Thread 0x00007f931a001800 Uncommon trap: reason=unstable_if action=reinterpret pc=0x00000001026afcac method=java.lang.String.indexOf([CII[CIII)I @ 134
Event: 0.847 Thread 0x00007f931a001800 Uncommon trap: reason=unstable_if action=reinterpret pc=0x000000010278fdc8 method=java.lang.String.indexOf([CII[CIII)I @ 3
Event: 3.245 Thread 0x00007f931a001800 Uncommon trap: reason=class_check action=maybe_recompile pc=0x00000001027a7b00 method=java.util.HashMap.putVal(ILjava/lang/Object;Ljava/lang/Object;ZZ)Ljava/lang/Object; @ 91
Event: 3.246 Thread 0x00007f931a001800 Uncommon trap: reason=class_check action=maybe_recompile pc=0x00000001027a7b00 method=java.util.HashMap.putVal(ILjava/lang/Object;Ljava/lang/Object;ZZ)Ljava/lang/Object; @ 91
Event: 3.247 Thread 0x00007f931a001800 Uncommon trap: reason=class_check action=maybe_recompile pc=0x00000001027a7b00 method=java.util.HashMap.putVal(ILjava/lang/Object;Ljava/lang/Object;ZZ)Ljava/lang/Object; @ 91
Event: 3.247 Thread 0x00007f931a001800 Uncommon trap: reason=class_check action=maybe_recompile pc=0x00000001027a7b00 method=java.util.HashMap.putVal(ILjava/lang/Object;Ljava/lang/Object;ZZ)Ljava/lang/Object; @ 91

Internal exceptions (10 events):
Event: 0.240 Thread 0x00007f931a001800 Exception <a 'java/lang/ClassNotFoundException': org/apache/log4j/ConsoleAppenderCustomizer> (0x0000000795a032f8) thrown at [/HUDSON3/workspace/8-2-build-macosx-x86_64/jdk8u101/7261/hotspot/src/share/vm/classfile/systemDictionary.cpp, line 210]
Event: 0.245 Thread 0x00007f931a001800 Exception <a 'java/lang/ClassNotFoundException': org/apache/log4j/PatternLayoutBeanInfo> (0x0000000795a31af8) thrown at [/HUDSON3/workspace/8-2-build-macosx-x86_64/jdk8u101/7261/hotspot/src/share/vm/classfile/systemDictionary.cpp, line 210]
Event: 0.245 Thread 0x00007f931a001800 Exception <a 'java/lang/ClassNotFoundException': org/apache/log4j/PatternLayoutCustomizer> (0x0000000795a37c08) thrown at [/HUDSON3/workspace/8-2-build-macosx-x86_64/jdk8u101/7261/hotspot/src/share/vm/classfile/systemDictionary.cpp, line 210]
Event: 0.246 Thread 0x00007f931a001800 Exception <a 'java/lang/ClassNotFoundException': org/apache/log4j/FileAppenderBeanInfo> (0x0000000795a449d0) thrown at [/HUDSON3/workspace/8-2-build-macosx-x86_64/jdk8u101/7261/hotspot/src/share/vm/classfile/systemDictionary.cpp, line 210]
Event: 0.246 Thread 0x00007f931a001800 Exception <a 'java/lang/ClassNotFoundException': org/apache/log4j/FileAppenderCustomizer> (0x0000000795a4a9b8) thrown at [/HUDSON3/workspace/8-2-build-macosx-x86_64/jdk8u101/7261/hotspot/src/share/vm/classfile/systemDictionary.cpp, line 210]
Event: 0.300 Thread 0x00007f931a001800 Exception <a 'java/lang/NoSuchFieldError': method resolution failed> (0x0000000795bdc438) thrown at [/HUDSON3/workspace/8-2-build-macosx-x86_64/jdk8u101/7261/hotspot/src/share/vm/prims/methodHandles.cpp, line 1146]
Event: 0.301 Thread 0x00007f931a001800 Exception <a 'java/lang/NoSuchFieldError': method resolution failed> (0x0000000795be9b28) thrown at [/HUDSON3/workspace/8-2-build-macosx-x86_64/jdk8u101/7261/hotspot/src/share/vm/prims/methodHandles.cpp, line 1146]
Event: 0.502 Thread 0x00007f931a001800 Exception <a 'java/io/FileNotFoundException'> (0x0000000795c64630) thrown at [/HUDSON3/workspace/8-2-build-macosx-x86_64/jdk8u101/7261/hotspot/src/share/vm/prims/jni.cpp, line 709]
Event: 0.502 Thread 0x00007f931a001800 Exception <a 'java/io/FileNotFoundException'> (0x0000000795c651d0) thrown at [/HUDSON3/workspace/8-2-build-macosx-x86_64/jdk8u101/7261/hotspot/src/share/vm/prims/jni.cpp, line 709]
Event: 0.538 Thread 0x00007f931a001800 Exception <a 'java/io/FileNotFoundException'> (0x0000000795d97b50) thrown at [/HUDSON3/workspace/8-2-build-macosx-x86_64/jdk8u101/7261/hotspot/src/share/vm/prims/jni.cpp, line 709]

Events (10 events):
Event: 4.026 loading class game/Util
Event: 4.026 loading class game/Util done
Event: 4.124 Executing VM operation: EnableBiasedLocking
Event: 4.124 Executing VM operation: EnableBiasedLocking done
Event: 5.714 loading class game/MapGenerator$TileDirection
Event: 5.714 loading class game/MapGenerator$TileDirection done
Event: 5.794 Thread 0x00007f931a001800 DEOPT PACKING pc=0x00000001029404d3 sp=0x00007000062c5600
Event: 5.794 Thread 0x00007f931a001800 DEOPT UNPACKING pc=0x000000010257c633 sp=0x00007000062c5430 mode 0
Event: 10.219 loading class org/lwjgl/opengl/CallbackUtil
Event: 10.219 loading class org/lwjgl/opengl/CallbackUtil done


Dynamic libraries:
0x000000003e5b7000 	/System/Library/Frameworks/Cocoa.framework/Versions/A/Cocoa
0x000000003e5b7000 	/System/Library/Frameworks/Security.framework/Versions/A/Security
0x000000003e5b7000 	/System/Library/Frameworks/ApplicationServices.framework/Versions/A/ApplicationServices
0x000000003e5b7000 	/usr/lib/libz.1.dylib
0x000000003e5b7000 	/usr/lib/libSystem.B.dylib
0x000000003e5b7000 	/usr/lib/libobjc.A.dylib
0x000000003e5b7000 	/System/Library/Frameworks/CoreFoundation.framework/Versions/A/CoreFoundation
0x000000003e5b7000 	/System/Library/Frameworks/Foundation.framework/Versions/C/Foundation
0x000000003e5b7000 	/System/Library/Frameworks/AppKit.framework/Versions/C/AppKit
0x000000003e5b7000 	/System/Library/Frameworks/CoreData.framework/Versions/A/CoreData
0x000000003e5b7000 	/System/Library/PrivateFrameworks/RemoteViewServices.framework/Versions/A/RemoteViewServices
0x000000003e5b7000 	/System/Library/PrivateFrameworks/UIFoundation.framework/Versions/A/UIFoundation
0x000000003e5b7000 	/System/Library/PrivateFrameworks/DFRFoundation.framework/Versions/A/DFRFoundation
0x000000003e5b7000 	/usr/lib/libenergytrace.dylib
0x000000003e5b7000 	/System/Library/PrivateFrameworks/SkyLight.framework/Versions/A/SkyLight
0x000000003e5b7000 	/System/Library/Frameworks/CoreGraphics.framework/Versions/A/CoreGraphics
0x000000003e5b7000 	/usr/lib/libScreenReader.dylib
0x000000003e5b7000 	/System/Library/Frameworks/Accelerate.framework/Versions/A/Accelerate
0x000000003e5b7000 	/System/Library/Frameworks/IOSurface.framework/Versions/A/IOSurface
0x000000003e5b7000 	/System/Library/Frameworks/AudioToolbox.framework/Versions/A/AudioToolbox
0x000000003e5b7000 	/System/Library/Frameworks/AudioUnit.framework/Versions/A/AudioUnit
0x000000003e5b7000 	/System/Library/PrivateFrameworks/DataDetectorsCore.framework/Versions/A/DataDetectorsCore
0x000000003e5b7000 	/System/Library/PrivateFrameworks/DesktopServicesPriv.framework/Versions/A/DesktopServicesPriv
0x000000003e5b7000 	/System/Library/Frameworks/Carbon.framework/Versions/A/Frameworks/HIToolbox.framework/Versions/A/HIToolbox
0x000000003e5b7000 	/usr/lib/libicucore.A.dylib
0x000000003e5b7000 	/System/Library/Frameworks/QuartzCore.framework/Versions/A/QuartzCore
0x000000003e5b7000 	/System/Library/Frameworks/Carbon.framework/Versions/A/Frameworks/SpeechRecognition.framework/Versions/A/SpeechRecognition
0x000000003e5b7000 	/usr/lib/libauto.dylib
0x000000003e5b7000 	/usr/lib/libxml2.2.dylib
0x000000003e5b7000 	/System/Library/PrivateFrameworks/CoreUI.framework/Versions/A/CoreUI
0x000000003e5b7000 	/System/Library/Frameworks/CoreAudio.framework/Versions/A/CoreAudio
0x000000003e5b7000 	/System/Library/Frameworks/DiskArbitration.framework/Versions/A/DiskArbitration
0x000000003e5b7000 	/usr/lib/liblangid.dylib
0x000000003e5b7000 	/System/Library/PrivateFrameworks/MultitouchSupport.framework/Versions/A/MultitouchSupport
0x000000003e5b7000 	/System/Library/Frameworks/IOKit.framework/Versions/A/IOKit
0x000000003e5b7000 	/usr/lib/libDiagnosticMessagesClient.dylib
0x000000003e5b7000 	/System/Library/Frameworks/CoreServices.framework/Versions/A/CoreServices
0x000000003e5b7000 	/System/Library/PrivateFrameworks/PerformanceAnalysis.framework/Versions/A/PerformanceAnalysis
0x000000003e5b7000 	/System/Library/PrivateFrameworks/GenerationalStorage.framework/Versions/A/GenerationalStorage
0x000000003e5b7000 	/System/Library/Frameworks/OpenGL.framework/Versions/A/OpenGL
0x000000003e5b7000 	/System/Library/Frameworks/CoreImage.framework/Versions/A/CoreImage
0x000000003e5b7000 	/System/Library/Frameworks/CoreText.framework/Versions/A/CoreText
0x000000003e5b7000 	/System/Library/Frameworks/ImageIO.framework/Versions/A/ImageIO
0x000000003e5b7000 	/System/Library/PrivateFrameworks/Backup.framework/Versions/A/Backup
0x000000003e5b7000 	/usr/lib/libarchive.2.dylib
0x000000003e5b7000 	/System/Library/Frameworks/CFNetwork.framework/Versions/A/CFNetwork
0x000000003e5b7000 	/System/Library/Frameworks/SystemConfiguration.framework/Versions/A/SystemConfiguration
0x000000003e5b7000 	/usr/lib/libCRFSuite.dylib
0x000000003e5b7000 	/usr/lib/libc++.1.dylib
0x000000003e5b7000 	/usr/lib/libc++abi.dylib
0x000000003e5b7000 	/usr/lib/system/libcache.dylib
0x000000003e5b7000 	/usr/lib/system/libcommonCrypto.dylib
0x000000003e5b7000 	/usr/lib/system/libcompiler_rt.dylib
0x000000003e5b7000 	/usr/lib/system/libcopyfile.dylib
0x000000003e5b7000 	/usr/lib/system/libcorecrypto.dylib
0x000000003e5b7000 	/usr/lib/system/libdispatch.dylib
0x000000003e5b7000 	/usr/lib/system/libdyld.dylib
0x000000003e5b7000 	/usr/lib/system/libkeymgr.dylib
0x000000003e5b7000 	/usr/lib/system/liblaunch.dylib
0x000000003e5b7000 	/usr/lib/system/libmacho.dylib
0x000000003e5b7000 	/usr/lib/system/libquarantine.dylib
0x000000003e5b7000 	/usr/lib/system/libremovefile.dylib
0x000000003e5b7000 	/usr/lib/system/libsystem_asl.dylib
0x000000003e5b7000 	/usr/lib/system/libsystem_blocks.dylib
0x000000003e5b7000 	/usr/lib/system/libsystem_c.dylib
0x000000003e5b7000 	/usr/lib/system/libsystem_configuration.dylib
0x000000003e5b7000 	/usr/lib/system/libsystem_coreservices.dylib
0x000000003e5b7000 	/usr/lib/system/libsystem_coretls.dylib
0x000000003e5b7000 	/usr/lib/system/libsystem_dnssd.dylib
0x000000003e5b7000 	/usr/lib/system/libsystem_info.dylib
0x000000003e5b7000 	/usr/lib/system/libsystem_kernel.dylib
0x000000003e5b7000 	/usr/lib/system/libsystem_m.dylib
0x000000003e5b7000 	/usr/lib/system/libsystem_malloc.dylib
0x000000003e5b7000 	/usr/lib/system/libsystem_network.dylib
0x000000003e5b7000 	/usr/lib/system/libsystem_networkextension.dylib
0x000000003e5b7000 	/usr/lib/system/libsystem_notify.dylib
0x000000003e5b7000 	/usr/lib/system/libsystem_platform.dylib
0x000000003e5b7000 	/usr/lib/system/libsystem_pthread.dylib
0x000000003e5b7000 	/usr/lib/system/libsystem_sandbox.dylib
0x000000003e5b7000 	/usr/lib/system/libsystem_secinit.dylib
0x000000003e5b7000 	/usr/lib/system/libsystem_symptoms.dylib
0x000000003e5b7000 	/usr/lib/system/libsystem_trace.dylib
0x000000003e5b7000 	/usr/lib/system/libunwind.dylib
0x000000003e5b7000 	/usr/lib/system/libxpc.dylib
0x000000003e5b7000 	/usr/lib/libbsm.0.dylib
0x000000003e5b7000 	/usr/lib/system/libkxld.dylib
0x000000003e5b7000 	/usr/lib/libcoretls.dylib
0x000000003e5b7000 	/usr/lib/libcoretls_cfhelpers.dylib
0x000000003e5b7000 	/usr/lib/libOpenScriptingUtil.dylib
0x000000003e5b7000 	/usr/lib/libpam.2.dylib
0x000000003e5b7000 	/usr/lib/libsqlite3.dylib
0x000000003e5b7000 	/usr/lib/libxar.1.dylib
0x000000003e5b7000 	/usr/lib/libbz2.1.0.dylib
0x000000003e5b7000 	/usr/lib/liblzma.5.dylib
0x000000003e5b7000 	/usr/lib/libnetwork.dylib
0x000000003e5b7000 	/usr/lib/libpcap.A.dylib
0x000000003e5b7000 	/System/Library/Frameworks/CoreServices.framework/Versions/A/Frameworks/FSEvents.framework/Versions/A/FSEvents
0x000000003e5b7000 	/System/Library/Frameworks/CoreServices.framework/Versions/A/Frameworks/CarbonCore.framework/Versions/A/CarbonCore
0x000000003e5b7000 	/System/Library/Frameworks/CoreServices.framework/Versions/A/Frameworks/Metadata.framework/Versions/A/Metadata
0x000000003e5b7000 	/System/Library/Frameworks/CoreServices.framework/Versions/A/Frameworks/OSServices.framework/Versions/A/OSServices
0x000000003e5b7000 	/System/Library/Frameworks/CoreServices.framework/Versions/A/Frameworks/SearchKit.framework/Versions/A/SearchKit
0x000000003e5b7000 	/System/Library/Frameworks/CoreServices.framework/Versions/A/Frameworks/AE.framework/Versions/A/AE
0x000000003e5b7000 	/System/Library/Frameworks/CoreServices.framework/Versions/A/Frameworks/LaunchServices.framework/Versions/A/LaunchServices
0x000000003e5b7000 	/System/Library/Frameworks/CoreServices.framework/Versions/A/Frameworks/DictionaryServices.framework/Versions/A/DictionaryServices
0x000000003e5b7000 	/System/Library/Frameworks/CoreServices.framework/Versions/A/Frameworks/SharedFileList.framework/Versions/A/SharedFileList
0x000000003e5b7000 	/System/Library/Frameworks/NetFS.framework/Versions/A/NetFS
0x000000003e5b7000 	/System/Library/PrivateFrameworks/NetAuth.framework/Versions/A/NetAuth
0x000000003e5b7000 	/System/Library/PrivateFrameworks/login.framework/Versions/A/Frameworks/loginsupport.framework/Versions/A/loginsupport
0x000000003e5b7000 	/System/Library/PrivateFrameworks/TCC.framework/Versions/A/TCC
0x000000003e5b7000 	/usr/lib/libmecabra.dylib
0x000000003e5b7000 	/System/Library/Frameworks/ApplicationServices.framework/Versions/A/Frameworks/ATS.framework/Versions/A/ATS
0x000000003e5b7000 	/System/Library/Frameworks/ApplicationServices.framework/Versions/A/Frameworks/ColorSync.framework/Versions/A/ColorSync
0x000000003e5b7000 	/System/Library/Frameworks/ApplicationServices.framework/Versions/A/Frameworks/HIServices.framework/Versions/A/HIServices
0x000000003e5b7000 	/System/Library/Frameworks/ApplicationServices.framework/Versions/A/Frameworks/LangAnalysis.framework/Versions/A/LangAnalysis
0x000000003e5b7000 	/System/Library/Frameworks/ApplicationServices.framework/Versions/A/Frameworks/PrintCore.framework/Versions/A/PrintCore
0x000000003e5b7000 	/System/Library/Frameworks/ApplicationServices.framework/Versions/A/Frameworks/QD.framework/Versions/A/QD
0x000000003e5b7000 	/System/Library/Frameworks/ApplicationServices.framework/Versions/A/Frameworks/SpeechSynthesis.framework/Versions/A/SpeechSynthesis
0x000000003e5b7000 	/System/Library/Frameworks/Accelerate.framework/Versions/A/Frameworks/vImage.framework/Versions/A/vImage
0x000000003e5b7000 	/System/Library/Frameworks/Accelerate.framework/Versions/A/Frameworks/vecLib.framework/Versions/A/vecLib
0x000000003e5b7000 	/System/Library/Frameworks/Accelerate.framework/Versions/A/Frameworks/vecLib.framework/Versions/A/libvDSP.dylib
0x000000003e5b7000 	/System/Library/Frameworks/Accelerate.framework/Versions/A/Frameworks/vecLib.framework/Versions/A/libBNNS.dylib
0x000000003e5b7000 	/System/Library/Frameworks/Accelerate.framework/Versions/A/Frameworks/vecLib.framework/Versions/A/libQuadrature.dylib
0x000000003e5b7000 	/System/Library/Frameworks/Accelerate.framework/Versions/A/Frameworks/vecLib.framework/Versions/A/libvMisc.dylib
0x000000003e5b7000 	/System/Library/Frameworks/Accelerate.framework/Versions/A/Frameworks/vecLib.framework/Versions/A/libLAPACK.dylib
0x000000003e5b7000 	/System/Library/Frameworks/Accelerate.framework/Versions/A/Frameworks/vecLib.framework/Versions/A/libBLAS.dylib
0x000000003e5b7000 	/System/Library/Frameworks/Accelerate.framework/Versions/A/Frameworks/vecLib.framework/Versions/A/libLinearAlgebra.dylib
0x000000003e5b7000 	/System/Library/Frameworks/Accelerate.framework/Versions/A/Frameworks/vecLib.framework/Versions/A/libSparseBLAS.dylib
0x000000003e5b7000 	/System/Library/Frameworks/ApplicationServices.framework/Versions/A/Frameworks/ATS.framework/Versions/A/Resources/libFontParser.dylib
0x000000003e5b7000 	/System/Library/Frameworks/ApplicationServices.framework/Versions/A/Frameworks/ATS.framework/Versions/A/Resources/libFontRegistry.dylib
0x000000003e5b7000 	/System/Library/Frameworks/ImageIO.framework/Versions/A/Resources/libJPEG.dylib
0x000000003e5b7000 	/System/Library/Frameworks/ImageIO.framework/Versions/A/Resources/libTIFF.dylib
0x000000003e5b7000 	/System/Library/Frameworks/ImageIO.framework/Versions/A/Resources/libPng.dylib
0x000000003e5b7000 	/System/Library/Frameworks/ImageIO.framework/Versions/A/Resources/libGIF.dylib
0x000000003e5b7000 	/System/Library/Frameworks/ImageIO.framework/Versions/A/Resources/libJP2.dylib
0x000000003e5b7000 	/System/Library/Frameworks/ImageIO.framework/Versions/A/Resources/libRadiance.dylib
0x000000003e5b7000 	/usr/lib/libcompression.dylib
0x000000003e5b7000 	/System/Library/PrivateFrameworks/AppleJPEG.framework/Versions/A/AppleJPEG
0x000000003e5b7000 	/usr/lib/libcups.2.dylib
0x000000003e5b7000 	/System/Library/Frameworks/Kerberos.framework/Versions/A/Kerberos
0x000000003e5b7000 	/System/Library/Frameworks/GSS.framework/Versions/A/GSS
0x000000003e5b7000 	/usr/lib/libresolv.9.dylib
0x000000003e5b7000 	/usr/lib/libiconv.2.dylib
0x000000003e5b7000 	/System/Library/PrivateFrameworks/Heimdal.framework/Versions/A/Heimdal
0x000000003e5b7000 	/usr/lib/libheimdal-asn1.dylib
0x000000003e5b7000 	/System/Library/Frameworks/OpenDirectory.framework/Versions/A/OpenDirectory
0x000000003e5b7000 	/System/Library/PrivateFrameworks/CommonAuth.framework/Versions/A/CommonAuth
0x000000003e5b7000 	/System/Library/Frameworks/OpenDirectory.framework/Versions/A/Frameworks/CFOpenDirectory.framework/Versions/A/CFOpenDirectory
0x000000003e5b7000 	/System/Library/Frameworks/SecurityFoundation.framework/Versions/A/SecurityFoundation
0x000000003e5b7000 	/System/Library/PrivateFrameworks/LanguageModeling.framework/Versions/A/LanguageModeling
0x000000003e5b7000 	/usr/lib/libmarisa.dylib
0x000000003e5b7000 	/usr/lib/libChineseTokenizer.dylib
0x000000003e5b7000 	/usr/lib/libcmph.dylib
0x000000003e5b7000 	/System/Library/PrivateFrameworks/CoreEmoji.framework/Versions/A/CoreEmoji
0x000000003e5b7000 	/System/Library/Frameworks/ServiceManagement.framework/Versions/A/ServiceManagement
0x000000003e5b7000 	/usr/lib/libxslt.1.dylib
0x000000003e5b7000 	/System/Library/Frameworks/Carbon.framework/Versions/A/Frameworks/Ink.framework/Versions/A/Ink
0x000000003e5b7000 	/System/Library/PrivateFrameworks/TextureIO.framework/Versions/A/TextureIO
0x000000003e5b7000 	/System/Library/Frameworks/Metal.framework/Versions/A/Metal
0x000000003e5b7000 	/usr/lib/libate.dylib
0x000000003e5b7000 	/System/Library/PrivateFrameworks/GPUCompiler.framework/libmetal_timestamp.dylib
0x000000003e5b7000 	/System/Library/Frameworks/OpenGL.framework/Versions/A/Libraries/libCoreFSCache.dylib
0x000000003e5b7000 	/System/Library/PrivateFrameworks/IOAccelerator.framework/Versions/A/IOAccelerator
0x000000003e5b7000 	/System/Library/Frameworks/CoreVideo.framework/Versions/A/CoreVideo
0x000000003e5b7000 	/usr/lib/libFosl_dynamic.dylib
0x000000003e5b7000 	/System/Library/PrivateFrameworks/MetalPerformanceShaders.framework/Versions/A/MetalPerformanceShaders
0x000000003e5b7000 	/System/Library/PrivateFrameworks/FaceCore.framework/Versions/A/FaceCore
0x000000003e5b7000 	/System/Library/Frameworks/OpenCL.framework/Versions/A/OpenCL
0x000000003e5b7000 	/System/Library/Frameworks/OpenGL.framework/Versions/A/Libraries/libGLU.dylib
0x000000003e5b7000 	/System/Library/Frameworks/OpenGL.framework/Versions/A/Libraries/libGFXShared.dylib
0x000000003e5b7000 	/System/Library/Frameworks/OpenGL.framework/Versions/A/Libraries/libGL.dylib
0x000000003e5b7000 	/System/Library/Frameworks/OpenGL.framework/Versions/A/Libraries/libGLImage.dylib
0x000000003e5b7000 	/System/Library/Frameworks/OpenGL.framework/Versions/A/Libraries/libCVMSPluginSupport.dylib
0x000000003e5b7000 	/System/Library/Frameworks/OpenGL.framework/Versions/A/Libraries/libCoreVMClient.dylib
0x000000003e5b7000 	/System/Library/PrivateFrameworks/CrashReporterSupport.framework/Versions/A/CrashReporterSupport
0x000000003e5b7000 	/System/Library/PrivateFrameworks/Sharing.framework/Versions/A/Sharing
0x000000003e5b7000 	/System/Library/PrivateFrameworks/IconServices.framework/Versions/A/IconServices
0x000000003e5b7000 	/System/Library/PrivateFrameworks/ProtocolBuffer.framework/Versions/A/ProtocolBuffer
0x000000003e5b7000 	/System/Library/PrivateFrameworks/Apple80211.framework/Versions/A/Apple80211
0x000000003e5b7000 	/System/Library/Frameworks/CoreWLAN.framework/Versions/A/CoreWLAN
0x000000003e5b7000 	/System/Library/PrivateFrameworks/CoreUtils.framework/Versions/A/CoreUtils
0x000000003e5b7000 	/System/Library/Frameworks/IOBluetooth.framework/Versions/A/IOBluetooth
0x000000003e5b7000 	/System/Library/PrivateFrameworks/CoreWiFi.framework/Versions/A/CoreWiFi
0x000000003e5b7000 	/System/Library/Frameworks/CoreBluetooth.framework/Versions/A/CoreBluetooth
0x000000003e5b7000 	/System/Library/Frameworks/CoreDisplay.framework/Versions/A/CoreDisplay
0x000000003e5b7000 	/System/Library/PrivateFrameworks/IOPresentment.framework/Versions/A/IOPresentment
0x000000003e5b7000 	/System/Library/PrivateFrameworks/DSExternalDisplay.framework/Versions/A/DSExternalDisplay
0x000000003e5b7000 	/System/Library/PrivateFrameworks/DebugSymbols.framework/Versions/A/DebugSymbols
0x000000003e5b7000 	/System/Library/PrivateFrameworks/CoreSymbolication.framework/Versions/A/CoreSymbolication
0x000000003e5b7000 	/System/Library/PrivateFrameworks/Symbolication.framework/Versions/A/Symbolication
0x000000003e5b7000 	/System/Library/PrivateFrameworks/AppleFSCompression.framework/Versions/A/AppleFSCompression
0x000000003e5b7000 	/System/Library/PrivateFrameworks/SpeechRecognitionCore.framework/Versions/A/SpeechRecognitionCore
0x000000003e5b7000 	/System/Library/PrivateFrameworks/ChunkingLibrary.framework/Versions/A/ChunkingLibrary
0x0000000101200000 	/Library/Java/JavaVirtualMachines/jdk1.8.0_101.jdk/Contents/Home/jre/lib/server/libjvm.dylib
0x000000003e5b7000 	/usr/lib/libstdc++.6.dylib
0x0000000100835000 	/Library/Java/JavaVirtualMachines/jdk1.8.0_101.jdk/Contents/Home/jre/lib/libverify.dylib
0x0000000100843000 	/Library/Java/JavaVirtualMachines/jdk1.8.0_101.jdk/Contents/Home/jre/lib/libjava.dylib
0x0000000100882000 	/Library/Java/JavaVirtualMachines/jdk1.8.0_101.jdk/Contents/Home/jre/lib/libzip.dylib
0x0000000117a1b000 	/System/Library/Frameworks/JavaVM.framework/Frameworks/JavaRuntimeSupport.framework/JavaRuntimeSupport
0x0000000117a35000 	/System/Library/Frameworks/JavaVM.framework/Versions/A/Frameworks/JavaNativeFoundation.framework/Versions/A/JavaNativeFoundation
0x0000000117a4a000 	/System/Library/Frameworks/JavaVM.framework/Versions/A/JavaVM
0x000000003e5b7000 	/System/Library/Frameworks/Carbon.framework/Versions/A/Carbon
0x0000000117a57000 	/System/Library/PrivateFrameworks/JavaLaunching.framework/Versions/A/JavaLaunching
0x000000003e5b7000 	/System/Library/Frameworks/Carbon.framework/Versions/A/Frameworks/CommonPanels.framework/Versions/A/CommonPanels
0x000000003e5b7000 	/System/Library/Frameworks/Carbon.framework/Versions/A/Frameworks/Help.framework/Versions/A/Help
0x000000003e5b7000 	/System/Library/Frameworks/Carbon.framework/Versions/A/Frameworks/ImageCapture.framework/Versions/A/ImageCapture
0x000000003e5b7000 	/System/Library/Frameworks/Carbon.framework/Versions/A/Frameworks/OpenScripting.framework/Versions/A/OpenScripting
0x000000003e5b7000 	/System/Library/Frameworks/Carbon.framework/Versions/A/Frameworks/Print.framework/Versions/A/Print
0x000000003e5b7000 	/System/Library/Frameworks/Carbon.framework/Versions/A/Frameworks/SecurityHI.framework/Versions/A/SecurityHI
0x00000001193a0000 	/Library/Java/JavaVirtualMachines/jdk1.8.0_101.jdk/Contents/Home/jre/lib/libawt.dylib
0x0000000119448000 	/Library/Java/JavaVirtualMachines/jdk1.8.0_101.jdk/Contents/Home/jre/lib/./libmlib_image.dylib
0x0000000119514000 	/Library/Java/JavaVirtualMachines/jdk1.8.0_101.jdk/Contents/Home/jre/lib/libawt_lwawt.dylib
0x00000001195c9000 	/Library/Java/JavaVirtualMachines/jdk1.8.0_101.jdk/Contents/Home/jre/lib/./libosxapp.dylib
0x000000003e5b7000 	/System/Library/Frameworks/ExceptionHandling.framework/Versions/A/ExceptionHandling
0x000000003e5b7000 	/System/Library/PrivateFrameworks/CoreServicesInternal.framework/Versions/A/CoreServicesInternal
0x000000003e5b7000 	/System/Library/CoreServices/RawCamera.bundle/Contents/MacOS/RawCamera
0x000000003e5b7000 	/System/Library/Frameworks/Accelerate.framework/Versions/A/Frameworks/vImage.framework/Versions/A/Libraries/libCGInterfaces.dylib
0x000000003e5b7000 	/System/Library/Frameworks/ApplicationServices.framework/Versions/A/Frameworks/ATS.framework/Versions/A/Resources/libTrueTypeScaler.dylib
0x000000011b481000 	/System/Library/Frameworks/OpenGL.framework/Resources/GLEngine.bundle/GLEngine
0x000000003e5b7000 	/System/Library/Frameworks/OpenGL.framework/Versions/A/Libraries/libGLProgrammability.dylib
0x000000011b666000 	/System/Library/Extensions/AppleIntelHD5000GraphicsGLDriver.bundle/Contents/MacOS/AppleIntelHD5000GraphicsGLDriver
0x000000003e5b7000 	/System/Library/PrivateFrameworks/GPUSupport.framework/Versions/A/Libraries/libGPUSupportMercury.dylib
0x000000011a139000 	/System/Library/Frameworks/OpenGL.framework/Resources//GLRendererFloat.bundle/GLRendererFloat
0x000000003e5b7000 	/System/Library/Frameworks/OpenCL.framework/Versions/A/Libraries/libcldcpuengine.dylib
0x000000003e5b7000 	/usr/lib/libcrypto.0.9.8.dylib
0x000000003e5b7000 	/System/Library/PrivateFrameworks/TrustEvaluationAgent.framework/Versions/A/TrustEvaluationAgent
0x000000011bdd4000 	/System/Library/Extensions/AppleIntelHD5000GraphicsMTLDriver.bundle/Contents/MacOS/AppleIntelHD5000GraphicsMTLDriver
0x000000003e5b7000 	/System/Library/PrivateFrameworks/FamilyControls.framework/Versions/A/FamilyControls
0x000000003e5b7000 	/System/Library/PrivateFrameworks/CommerceKit.framework/Versions/A/Frameworks/CommerceCore.framework/Versions/A/CommerceCore
0x000000003e5b7000 	/System/Library/PrivateFrameworks/SystemAdministration.framework/Versions/A/SystemAdministration
0x000000003e5b7000 	/System/Library/PrivateFrameworks/AppContainer.framework/Versions/A/AppContainer
0x000000003e5b7000 	/System/Library/PrivateFrameworks/SecCodeWrapper.framework/Versions/A/SecCodeWrapper
0x000000003e5b7000 	/System/Library/Frameworks/DirectoryService.framework/Versions/A/DirectoryService
0x000000003e5b7000 	/System/Library/PrivateFrameworks/DiskImages.framework/Versions/A/DiskImages
0x000000003e5b7000 	/System/Library/PrivateFrameworks/LoginUIKit.framework/Versions/A/Frameworks/LoginUICore.framework/Versions/A/LoginUICore
0x000000003e5b7000 	/usr/lib/libCoreStorage.dylib
0x000000003e5b7000 	/usr/lib/libcsfde.dylib
0x000000003e5b7000 	/usr/lib/libodfde.dylib
0x000000003e5b7000 	/System/Library/Frameworks/DiscRecording.framework/Versions/A/DiscRecording
0x000000003e5b7000 	/usr/lib/libcurl.4.dylib
0x000000003e5b7000 	/System/Library/PrivateFrameworks/MediaKit.framework/Versions/A/MediaKit
0x000000003e5b7000 	/System/Library/PrivateFrameworks/ProtectedCloudStorage.framework/Versions/A/ProtectedCloudStorage
0x000000003e5b7000 	/System/Library/PrivateFrameworks/EFILogin.framework/Versions/A/EFILogin
0x000000003e5b7000 	/usr/lib/libutil.dylib
0x000000003e5b7000 	/System/Library/Frameworks/LDAP.framework/Versions/A/LDAP
0x000000003e5b7000 	/usr/lib/libsasl2.2.dylib
0x000000003e5b7000 	/System/Library/PrivateFrameworks/CoreDaemon.framework/Versions/B/CoreDaemon
0x000000003e5b7000 	/System/Library/PrivateFrameworks/AppleSRP.framework/Versions/A/AppleSRP
0x000000003e5b7000 	/System/Library/PrivateFrameworks/APFS.framework/Versions/A/APFS
0x000000011d20c000 	/Library/Java/JavaVirtualMachines/jdk1.8.0_101.jdk/Contents/Home/jre/lib/libfontmanager.dylib
0x000000011d273000 	/Users/collindutter/Documents/School/CPE307/slick/liblwjgl.dylib
0x00000001199d9000 	/Library/Java/JavaVirtualMachines/jdk1.8.0_101.jdk/Contents/Home/jre/lib/libjawt.dylib
0x00000001199f6000 	/Users/collindutter/Documents/School/CPE307/slick/libjinput-osx.dylib
0x0000000120b52000 	/System/Library/Extensions/IOHIDFamily.kext/Contents/PlugIns/IOHIDLib.plugin/Contents/MacOS/IOHIDLib
0x00000001216b6000 	/Library/Java/JavaVirtualMachines/jdk1.8.0_101.jdk/Contents/Home/jre/lib/libnet.dylib
0x0000000121928000 	/Library/Java/JavaVirtualMachines/jdk1.8.0_101.jdk/Contents/Home/jre/lib/libnio.dylib

VM Arguments:
jvm_args: -Djava.library.path=/Users/collindutter/Documents/School/CPE307/slick -Dfile.encoding=UTF-8 
java_command: main.OperationIceCream
java_class_path (initial): /Users/collindutter/Documents/School/CPE307/oic2/trunk/target/classes:/Library/Java/JavaVirtualMachines/jdk1.8.0_101.jdk/Contents/Home/jre/lib/javaws.jar:/Users/collindutter/.m2/repository/org/slick2d/slick2d-basic-game-archetype/1.0.2/slick2d-basic-game-archetype-1.0.2.jar:/Users/collindutter/.m2/repository/org/slick2d/slick2d-core/1.0.2/slick2d-core-1.0.2.jar:/Users/collindutter/.m2/repository/org/lwjgl/lwjgl/lwjgl/2.9.3/lwjgl-2.9.3.jar:/Users/collindutter/.m2/repository/org/lwjgl/lwjgl/lwjgl-platform/2.9.3/lwjgl-platform-2.9.3-natives-windows.jar:/Users/collindutter/.m2/repository/org/lwjgl/lwjgl/lwjgl-platform/2.9.3/lwjgl-platform-2.9.3-natives-linux.jar:/Users/collindutter/.m2/repository/org/lwjgl/lwjgl/lwjgl-platform/2.9.3/lwjgl-platform-2.9.3-natives-osx.jar:/Users/collindutter/.m2/repository/net/java/jinput/jinput/2.0.5/jinput-2.0.5.jar:/Users/collindutter/.m2/repository/net/java/jutils/jutils/1.0.0/jutils-1.0.0.jar:/Users/collindutter/.m2/repository/net/java/jinput/jinput-platform/2.0.5/jinput-platform-2.0.5-natives-linux.jar:/Users/collindutter/.m2/repository/net/java/jinput/jinput-platform/2.0.5/jinput-platform-2.0.5-natives-windows.jar:/Users/collindutter/.m2/repository/net/java/jinput/jinput-platform/2.0.5/jinput-platform-2.0.5-natives-osx.jar:/Users/collindutter/.m2/repository/org/jcraft/jorbis/0.0.17/jorbis-0.0.17.jar:/Users/collindutter/.m2/repository/org/slf4j/slf4j-api/1.7.5/slf4j-api-1.7.5.jar:/Users/collindutter/.m2/repository/org/slf4j/slf4j-log4j12/1.7.5/slf4j-log4j12-1.7.5.jar:/Users/collindutter/.m2/repository/log4j/log4j/1.2.17/log4j-1.2.17.jar
Launcher Type: SUN_STANDARD

Environment Variables:
PATH=/usr/bin:/bin:/usr/sbin:/sbin
SHELL=/usr/local/bin/fish
DISPLAY=/private/tmp/com.apple.launchd.GyPwawu5Qg/org.macosforge.xquartz:0

Signal Handlers:
SIGSEGV: [libjvm.dylib+0x5af145], sa_mask[0]=11111111011111110111111111111111, sa_flags=SA_ONSTACK|SA_RESTART|SA_SIGINFO
SIGBUS: [libjvm.dylib+0x5af145], sa_mask[0]=11111111011111110111111111111111, sa_flags=SA_RESTART|SA_SIGINFO
SIGFPE: [libjvm.dylib+0x48694c], sa_mask[0]=11111111011111110111111111111111, sa_flags=SA_RESTART|SA_SIGINFO
SIGPIPE: [libjvm.dylib+0x48694c], sa_mask[0]=11111111011111110111111111111111, sa_flags=SA_RESTART|SA_SIGINFO
SIGXFSZ: [libjvm.dylib+0x48694c], sa_mask[0]=11111111011111110111111111111111, sa_flags=SA_RESTART|SA_SIGINFO
SIGILL: [libjvm.dylib+0x48694c], sa_mask[0]=11111111011111110111111111111111, sa_flags=SA_RESTART|SA_SIGINFO
SIGUSR1: SIG_DFL, sa_mask[0]=00000000000000000000000000000000, sa_flags=none
SIGUSR2: [libjvm.dylib+0x48646a], sa_mask[0]=00100000000000000000000000000000, sa_flags=SA_RESTART|SA_SIGINFO
SIGHUP: [libjvm.dylib+0x484a41], sa_mask[0]=11111111011111110111111111111111, sa_flags=SA_RESTART|SA_SIGINFO
SIGINT: [libjvm.dylib+0x484a41], sa_mask[0]=11111111011111110111111111111111, sa_flags=SA_RESTART|SA_SIGINFO
SIGTERM: [libjvm.dylib+0x484a41], sa_mask[0]=11111111011111110111111111111111, sa_flags=SA_RESTART|SA_SIGINFO
SIGQUIT: [libjvm.dylib+0x484a41], sa_mask[0]=11111111011111110111111111111111, sa_flags=SA_RESTART|SA_SIGINFO


---------------  S Y S T E M  ---------------

OS:Bsduname:Darwin 16.5.0 Darwin Kernel Version 16.5.0: Fri Mar  3 16:52:33 PST 2017; root:xnu-3789.51.2~3/RELEASE_X86_64 x86_64
rlimit: STACK 8192k, CORE 0k, NPROC 709, NOFILE 10240, AS infinity
load average:1.92 2.35 2.40

CPU:total 4 (2 cores per cpu, 2 threads per core) family 6 model 69 stepping 1, cmov, cx8, fxsr, mmx, sse, sse2, sse3, ssse3, sse4.1, sse4.2, popcnt, avx, avx2, aes, clmul, erms, lzcnt, ht, tsc, tscinvbit, bmi1, bmi2

Memory: 4k page, physical 8388608k(138852k free)

/proc/meminfo:


vm_info: Java HotSpot(TM) 64-Bit Server VM (25.101-b13) for bsd-amd64 JRE (1.8.0_101-b13), built on Jun 22 2016 02:42:15 by "java_re" with gcc 4.2.1 (Based on Apple Inc. build 5658) (LLVM build 2336.11.00)

time: Tue May 16 13:42:50 2017
elapsed time: 10 seconds (0d 0h 0m 10s)

