#
# A fatal error has been detected by the Java Runtime Environment:
#
#  SIGSEGV (0xb) at pc=0x00007fffdd1b105d, pid=1268, tid=0x0000000000000307
#
# JRE version: Java(TM) SE Runtime Environment (8.0_101-b13) (build 1.8.0_101-b13)
# Java VM: Java HotSpot(TM) 64-Bit Server VM (25.101-b13 mixed mode bsd-amd64 compressed oops)
# Problematic frame:
# C  [libobjc.A.dylib+0x705d]  objc_msgSend+0x1d
#
# Failed to write core dump. Core dumps have been disabled. To enable core dumping, try "ulimit -c unlimited" before starting Java again
#
# If you would like to submit a bug report, please visit:
#   http://bugreport.java.com/bugreport/crash.jsp
# The crash happened outside the Java Virtual Machine in native code.
# See problematic frame for where to report the bug.
#

---------------  T H R E A D  ---------------

Current thread (0x00007fb4958a2000):  JavaThread "AppKit Thread" daemon [_thread_in_native, id=775, stack(0x00007fff4fc44000,0x00007fff50444000)]

siginfo: si_signo: 11 (SIGSEGV), si_code: 1 (SEGV_MAPERR), si_addr: 0x000007fb497e1bd8

Registers:
RAX=0x00007fb493d7bc30, RBX=0x00007fb493e55cb0, RCX=0x00007fb493c9d550, RDX=0x00007fb493d7bc30
RSP=0x00007fff5043e9f8, RBP=0x00007fff5043ea00, RSI=0x00007fffc6aab843, RDI=0x00007fb493c9d550
R8 =0x00000000000001ff, R9 =0x00007fb493e55820, R10=0x000007fb497e1bc0, R11=0x00007fffc6aab843
R12=0x0000000000000000, R13=0x00007fb493e55820, R14=0x00007fb493d7bc30, R15=0x0000000000000000
RIP=0x00007fffdd1b105d, EFLAGS=0x0000000000010206, ERR=0x0000000000000004
  TRAPNO=0x000000000000000e

Top of Stack: (sp=0x00007fff5043e9f8)
0x00007fff5043e9f8:   00007fffc834045c 00007fff5043ea70
0x00007fff5043ea08:   00007fffc834035b 0000000000000000
0x00007fff5043ea18:   00007fffe699d060 00000000c2000000
0x00007fff5043ea28:   00007fffc83403b0 00007fffe3215680
0x00007fff5043ea38:   00007fb493e55820 00007fb493d7bc30
0x00007fff5043ea48:   00007fff5043f238 00007fffdd1b1040
0x00007fff5043ea58:   00007fff5043eb40 00007fb493e55820
0x00007fff5043ea68:   00007fffc6a4305a 00007fff5043eab0
0x00007fff5043ea78:   00007fffc83400c2 00007fff5043f080
0x00007fff5043ea88:   0000000000000001 00007fffdd1b1040
0x00007fff5043ea98:   00007fff5043eb40 00007fff5043f238
0x00007fff5043eaa8:   00007fffc6a4305a 00007fff5043f1d0
0x00007fff5043eab8:   00007fffc82fd523 00007fb493f00000
0x00007fff5043eac8:   0000000000000000 000000010f7dba00
0x00007fff5043ead8:   0000000000000004 00007fb493d08bc0
0x00007fff5043eae8:   00007fffe3216cb0 0000000000000000
0x00007fff5043eaf8:   00007fb4958a10d0 00007fb493d08b01
0x00007fff5043eb08:   00007fb493cb14b0 00007fffe33490e0
0x00007fff5043eb18:   0000000000000000 0000000000000000
0x00007fff5043eb28:   0000000000000000 00007fb493cb2120
0x00007fff5043eb38:   00007fffe3255900 00007fff5043f080
0x00007fff5043eb48:   0000000000000002 0000000000000100
0x00007fff5043eb58:   00007fffe690a400 00007fff5043ef80
0x00007fff5043eb68:   0000000000000000 0000000000000100
0x00007fff5043eb78:   00007fb493fba700 00007fff5043ebb0
0x00007fff5043eb88:   00007fffc8340d0c ffff804b6c045840
0x00007fff5043eb98:   00007fb493fba7c0 00007fffe3346640
0x00007fff5043eba8:   00007fb493fba7c0 00007fff5043ebe0
0x00007fff5043ebb8:   00007fffc8340d58 ffff804b6c045840
0x00007fff5043ebc8:   00007fb493fba7c0 00007fffe33468c0
0x00007fff5043ebd8:   00007fb493fba7c0 00007fff5043ec10
0x00007fff5043ebe8:   00007fffc8340e3b 0000000000000040 

Instructions: (pc=0x00007fffdd1b105d)
0x00007fffdd1b103d:   0f 1f 00 48 85 ff 2e 74 62 40 f6 c7 01 2e 75 66
0x00007fffdd1b104d:   49 ba f8 ff ff ff ff 7f 00 00 4c 23 17 49 89 f3
0x00007fffdd1b105d:   45 23 5a 18 49 c1 e3 04 4d 03 5a 10 49 3b 33 75
0x00007fffdd1b106d:   04 41 ff 63 08 49 83 3b 01 76 0d 49 83 c3 10 49 

Register to memory mapping:

RAX=0x00007fb493d7bc30 is an unknown value
RBX=0x00007fb493e55cb0 is an unknown value
RCX=0x00007fb493c9d550 is an unknown value
RDX=0x00007fb493d7bc30 is an unknown value
RSP=0x00007fff5043e9f8 is pointing into the stack for thread: 0x00007fb4958a2000
RBP=0x00007fff5043ea00 is pointing into the stack for thread: 0x00007fb4958a2000
RSI=0x00007fffc6aab843: __NSStyleNameIndexTable+0xe048b in /System/Library/Frameworks/AppKit.framework/Versions/C/AppKit at 0x00007fffc5dde000
RDI=0x00007fb493c9d550 is an unknown value
R8 =0x00000000000001ff is an unknown value
R9 =0x00007fb493e55820 is an unknown value
R10=0x000007fb497e1bc0 is an unknown value
R11=0x00007fffc6aab843: __NSStyleNameIndexTable+0xe048b in /System/Library/Frameworks/AppKit.framework/Versions/C/AppKit at 0x00007fffc5dde000
R12=0x0000000000000000 is an unknown value
R13=0x00007fb493e55820 is an unknown value
R14=0x00007fb493d7bc30 is an unknown value
R15=0x0000000000000000 is an unknown value


Stack: [0x00007fff4fc44000,0x00007fff50444000],  sp=0x00007fff5043e9f8,  free space=8170k
Native frames: (J=compiled Java code, j=interpreted, Vv=VM code, C=native code)
C  [libobjc.A.dylib+0x705d]  objc_msgSend+0x1d
C  [CoreFoundation+0x9d35b]  _CFXRegistrationPost+0x1ab
C  [CoreFoundation+0x9d0c2]  ___CFXNotificationPost_block_invoke+0x32
C  [CoreFoundation+0x5a523]  -[_CFXNotificationRegistrar find:object:observer:enumerator:]+0x723
C  [CoreFoundation+0x5955c]  _CFXNotificationPost+0x25c
C  [Foundation+0x6907]  -[NSNotificationCenter postNotificationName:object:userInfo:]+0x42
C  [AppKit+0x24ee3b]  -[NSSurface _disposeSurface]+0x98
C  [AppKit+0x24e9ea]  -[NSSurface setWindow:]+0x35
C  [AppKit+0x28960]  -[NSView _setWindow:]+0xa0f
C  [AppKit+0x2b587]  -[NSView removeFromSuperview]+0x1d1
C  [AppKit+0x14cd60]  -[NSView removeFromSuperviewWithoutNeedingDisplay]+0x26
C  [liblwjgl.dylib+0xa205]  +[MacOSXKeyableWindow destroyWindow]+0xb5
C  [Foundation+0x717ba]  __NSThreadPerformPerform+0x146
C  [CoreFoundation+0xa7321]  __CFRUNLOOP_IS_CALLING_OUT_TO_A_SOURCE0_PERFORM_FUNCTION__+0x11
C  [CoreFoundation+0x8821d]  __CFRunLoopDoSources0+0x22d
C  [CoreFoundation+0x87716]  __CFRunLoopRun+0x3a6
C  [CoreFoundation+0x87114]  CFRunLoopRunSpecific+0x1a4
C  [HIToolbox+0x30ebc]  RunCurrentEventLoopInMode+0xf0
C  [HIToolbox+0x30cf1]  ReceiveNextEventCommon+0x1b0
C  [HIToolbox+0x30b26]  _BlockUntilNextEventMatchingListInModeWithFilter+0x47
C  [AppKit+0x46a54]  _DPSNextEvent+0x460
C  [AppKit+0x7c27ee]  -[NSApplication(NSEvent) _nextEventMatchingEventMask:untilDate:inMode:dequeue:]+0xaec
C  [libosxapp.dylib+0x23aa]  -[NSApplicationAWT nextEventMatchingMask:untilDate:inMode:dequeue:]+0x7c
C  [AppKit+0x3b3db]  -[NSApplication run]+0x39e
C  [libosxapp.dylib+0x214d]  +[NSApplicationAWT runAWTLoopWithApp:]+0x9c
C  [libawt_lwawt.dylib+0x444b3]  -[AWTStarter starter:]+0x389
C  [Foundation+0x717ba]  __NSThreadPerformPerform+0x146
C  [CoreFoundation+0xa7321]  __CFRUNLOOP_IS_CALLING_OUT_TO_A_SOURCE0_PERFORM_FUNCTION__+0x11
C  [CoreFoundation+0x8821d]  __CFRunLoopDoSources0+0x22d
C  [CoreFoundation+0x87716]  __CFRunLoopRun+0x3a6
C  [CoreFoundation+0x87114]  CFRunLoopRunSpecific+0x1a4
C  [java+0x6465]  CreateExecutionEnvironment+0x367
C  [java+0x218c]  JLI_Launch+0x7a0
C  [java+0x84c2]  main+0x65
C  [java+0x19e4]  start+0x34
C  0x0000000000000006


---------------  P R O C E S S  ---------------

Java Threads: ( => current thread )
  0x00007fb49492d000 JavaThread "AWT-Shutdown" [_thread_blocked, id=29959, stack(0x0000700008385000,0x0000700008485000)]
  0x00007fb4942a6800 JavaThread "Java2D Disposer" daemon [_thread_blocked, id=61715, stack(0x0000700008691000,0x0000700008791000)]
  0x00007fb4949e8800 JavaThread "Java2D Queue Flusher" daemon [_thread_blocked, id=61959, stack(0x000070000858e000,0x000070000868e000)]
=>0x00007fb4958a2000 JavaThread "AppKit Thread" daemon [_thread_in_native, id=775, stack(0x00007fff4fc44000,0x00007fff50444000)]
  0x00007fb49484a800 JavaThread "Service Thread" daemon [_thread_blocked, id=18435, stack(0x00007000080fc000,0x00007000081fc000)]
  0x00007fb49483d000 JavaThread "C1 CompilerThread2" daemon [_thread_blocked, id=17923, stack(0x0000700007ff9000,0x00007000080f9000)]
  0x00007fb49403c800 JavaThread "C2 CompilerThread1" daemon [_thread_blocked, id=17411, stack(0x0000700007ef6000,0x0000700007ff6000)]
  0x00007fb49483c800 JavaThread "C2 CompilerThread0" daemon [_thread_blocked, id=16899, stack(0x0000700007df3000,0x0000700007ef3000)]
  0x00007fb49483b800 JavaThread "Signal Dispatcher" daemon [_thread_blocked, id=16387, stack(0x0000700007cf0000,0x0000700007df0000)]
  0x00007fb494000800 JavaThread "Finalizer" daemon [_thread_blocked, id=12547, stack(0x0000700007bed000,0x0000700007ced000)]
  0x00007fb49500d800 JavaThread "Reference Handler" daemon [_thread_blocked, id=12035, stack(0x0000700007aea000,0x0000700007bea000)]
  0x00007fb494808800 JavaThread "main" [_thread_in_native, id=7171, stack(0x00007000074d8000,0x00007000075d8000)]

Other Threads:
  0x00007fb494830800 VMThread [stack: 0x00007000079e7000,0x0000700007ae7000] [id=11523]
  0x00007fb495000800 WatcherThread [stack: 0x00007000081ff000,0x00007000082ff000] [id=18947]

VM state:not at safepoint (normal execution)

VM Mutex/Monitor currently owned by a thread: None

Heap:
 PSYoungGen      total 71680K, used 39164K [0x0000000795580000, 0x000000079a080000, 0x00000007c0000000)
  eden space 66560K, 55% used [0x0000000795580000,0x0000000797953278,0x0000000799680000)
  from space 5120K, 48% used [0x0000000799b80000,0x0000000799dec010,0x000000079a080000)
  to   space 5120K, 0% used [0x0000000799680000,0x0000000799680000,0x0000000799b80000)
 ParOldGen       total 87552K, used 7325K [0x0000000740000000, 0x0000000745580000, 0x0000000795580000)
  object space 87552K, 8% used [0x0000000740000000,0x00000007407276b0,0x0000000745580000)
 Metaspace       used 11474K, capacity 11749K, committed 11904K, reserved 1060864K
  class space    used 1229K, capacity 1297K, committed 1408K, reserved 1048576K

Card table byte_map: [0x00000001113f5000,0x00000001117f6000] byte_map_base: 0x000000010d9f5000

Marking Bits: (ParMarkBitMap*) 0x0000000110126d20
 Begin Bits: [0x0000000111aa1000, 0x0000000113aa1000)
 End Bits:   [0x0000000113aa1000, 0x0000000115aa1000)

Polling page: 0x00000001107e4000

CodeCache: size=245760Kb used=5363Kb max_used=5374Kb free=240396Kb
 bounds [0x000000011b24c000, 0x000000011b79c000, 0x000000012a24c000]
 total_blobs=2079 nmethods=1541 adapters=452
 compilation: enabled

Compilation events (10 events):
Event: 8.073 Thread 0x00007fb49483d000 nmethod 1536 0x000000011b7735d0 code [0x000000011b7737a0, 0x000000011b773f68]
Event: 8.073 Thread 0x00007fb49483d000 1537   !   3       org.lwjgl.opengl.MacOSXDisplay::isCloseRequested (26 bytes)
Event: 8.073 Thread 0x00007fb49483d000 nmethod 1537 0x000000011b7742d0 code [0x000000011b774440, 0x000000011b774730]
Event: 8.076 Thread 0x00007fb49403c800 nmethod 1538 0x000000011b777690 code [0x000000011b7777e0, 0x000000011b777ab8]
Event: 8.222 Thread 0x00007fb49483d000 1539       3       org.newdawn.slick.Input::poll (1565 bytes)
Event: 8.234 Thread 0x00007fb49483d000 nmethod 1539 0x000000011b777c10 code [0x000000011b778dc0, 0x000000011b786818]
Event: 8.256 Thread 0x00007fb49483c800 1540       4       org.newdawn.slick.geom.Shape::setY (112 bytes)
Event: 8.260 Thread 0x00007fb49483c800 nmethod 1540 0x000000011b78e610 code [0x000000011b78e760, 0x000000011b78ea38]
Event: 8.440 Thread 0x00007fb49403c800 1541       4       java.util.LinkedList$ListItr::hasNext (20 bytes)
Event: 8.440 Thread 0x00007fb49403c800 nmethod 1541 0x000000011b7425d0 code [0x000000011b742720, 0x000000011b7427b8]

GC Heap History (8 events):
Event: 3.339 GC heap before
{Heap before GC invocations=1 (full 0):
 PSYoungGen      total 38400K, used 33280K [0x0000000795580000, 0x0000000798000000, 0x00000007c0000000)
  eden space 33280K, 100% used [0x0000000795580000,0x0000000797600000,0x0000000797600000)
  from space 5120K, 0% used [0x0000000797b00000,0x0000000797b00000,0x0000000798000000)
  to   space 5120K, 0% used [0x0000000797600000,0x0000000797600000,0x0000000797b00000)
 ParOldGen       total 87552K, used 0K [0x0000000740000000, 0x0000000745580000, 0x0000000795580000)
  object space 87552K, 0% used [0x0000000740000000,0x0000000740000000,0x0000000745580000)
 Metaspace       used 10728K, capacity 10913K, committed 11264K, reserved 1058816K
  class space    used 1163K, capacity 1215K, committed 1280K, reserved 1048576K
Event: 3.349 GC heap after
Heap after GC invocations=1 (full 0):
 PSYoungGen      total 38400K, used 5104K [0x0000000795580000, 0x0000000798000000, 0x00000007c0000000)
  eden space 33280K, 0% used [0x0000000795580000,0x0000000795580000,0x0000000797600000)
  from space 5120K, 99% used [0x0000000797600000,0x0000000797afc040,0x0000000797b00000)
  to   space 5120K, 0% used [0x0000000797b00000,0x0000000797b00000,0x0000000798000000)
 ParOldGen       total 87552K, used 5237K [0x0000000740000000, 0x0000000745580000, 0x0000000795580000)
  object space 87552K, 5% used [0x0000000740000000,0x000000074051d690,0x0000000745580000)
 Metaspace       used 10728K, capacity 10913K, committed 11264K, reserved 1058816K
  class space    used 1163K, capacity 1215K, committed 1280K, reserved 1048576K
}
Event: 3.568 GC heap before
{Heap before GC invocations=2 (full 0):
 PSYoungGen      total 38400K, used 37645K [0x0000000795580000, 0x0000000798000000, 0x00000007c0000000)
  eden space 33280K, 97% used [0x0000000795580000,0x00000007975476f8,0x0000000797600000)
  from space 5120K, 99% used [0x0000000797600000,0x0000000797afc040,0x0000000797b00000)
  to   space 5120K, 0% used [0x0000000797b00000,0x0000000797b00000,0x0000000798000000)
 ParOldGen       total 87552K, used 5237K [0x0000000740000000, 0x0000000745580000, 0x0000000795580000)
  object space 87552K, 5% used [0x0000000740000000,0x000000074051d690,0x0000000745580000)
 Metaspace       used 10842K, capacity 10977K, committed 11264K, reserved 1058816K
  class space    used 1163K, capacity 1215K, committed 1280K, reserved 1048576K
Event: 3.573 GC heap after
Heap after GC invocations=2 (full 0):
 PSYoungGen      total 38400K, used 4208K [0x0000000795580000, 0x000000079a080000, 0x00000007c0000000)
  eden space 33280K, 0% used [0x0000000795580000,0x0000000795580000,0x0000000797600000)
  from space 5120K, 82% used [0x0000000797b00000,0x0000000797f1c030,0x0000000798000000)
  to   space 5120K, 0% used [0x0000000797600000,0x0000000797600000,0x0000000797b00000)
 ParOldGen       total 87552K, used 6269K [0x0000000740000000, 0x0000000745580000, 0x0000000795580000)
  object space 87552K, 7% used [0x0000000740000000,0x000000074061f6a0,0x0000000745580000)
 Metaspace       used 10842K, capacity 10977K, committed 11264K, reserved 1058816K
  class space    used 1163K, capacity 1215K, committed 1280K, reserved 1048576K
}
Event: 3.684 GC heap before
{Heap before GC invocations=3 (full 0):
 PSYoungGen      total 38400K, used 37488K [0x0000000795580000, 0x000000079a080000, 0x00000007c0000000)
  eden space 33280K, 100% used [0x0000000795580000,0x0000000797600000,0x0000000797600000)
  from space 5120K, 82% used [0x0000000797b00000,0x0000000797f1c030,0x0000000798000000)
  to   space 5120K, 0% used [0x0000000797600000,0x0000000797600000,0x0000000797b00000)
 ParOldGen       total 87552K, used 6269K [0x0000000740000000, 0x0000000745580000, 0x0000000795580000)
  object space 87552K, 7% used [0x0000000740000000,0x000000074061f6a0,0x0000000745580000)
 Metaspace       used 10859K, capacity 11045K, committed 11264K, reserved 1058816K
  class space    used 1163K, capacity 1215K, committed 1280K, reserved 1048576K
Event: 3.688 GC heap after
Heap after GC invocations=3 (full 0):
 PSYoungGen      total 38400K, used 5104K [0x0000000795580000, 0x000000079a080000, 0x00000007c0000000)
  eden space 33280K, 0% used [0x0000000795580000,0x0000000795580000,0x0000000797600000)
  from space 5120K, 99% used [0x0000000797600000,0x0000000797afc040,0x0000000797b00000)
  to   space 5120K, 0% used [0x0000000799b80000,0x0000000799b80000,0x000000079a080000)
 ParOldGen       total 87552K, used 7317K [0x0000000740000000, 0x0000000745580000, 0x0000000795580000)
  object space 87552K, 8% used [0x0000000740000000,0x00000007407256b0,0x0000000745580000)
 Metaspace       used 10859K, capacity 11045K, committed 11264K, reserved 1058816K
  class space    used 1163K, capacity 1215K, committed 1280K, reserved 1048576K
}
Event: 5.775 GC heap before
{Heap before GC invocations=4 (full 0):
 PSYoungGen      total 38400K, used 38384K [0x0000000795580000, 0x000000079a080000, 0x00000007c0000000)
  eden space 33280K, 100% used [0x0000000795580000,0x0000000797600000,0x0000000797600000)
  from space 5120K, 99% used [0x0000000797600000,0x0000000797afc040,0x0000000797b00000)
  to   space 5120K, 0% used [0x0000000799b80000,0x0000000799b80000,0x000000079a080000)
 ParOldGen       total 87552K, used 7317K [0x0000000740000000, 0x0000000745580000, 0x0000000795580000)
  object space 87552K, 8% used [0x0000000740000000,0x00000007407256b0,0x0000000745580000)
 Metaspace       used 11398K, capacity 11685K, committed 11904K, reserved 1060864K
  class space    used 1229K, capacity 1297K, committed 1408K, reserved 1048576K
Event: 5.780 GC heap after
Heap after GC invocations=4 (full 0):
 PSYoungGen      total 71680K, used 2480K [0x0000000795580000, 0x000000079a080000, 0x00000007c0000000)
  eden space 66560K, 0% used [0x0000000795580000,0x0000000795580000,0x0000000799680000)
  from space 5120K, 48% used [0x0000000799b80000,0x0000000799dec010,0x000000079a080000)
  to   space 5120K, 0% used [0x0000000799680000,0x0000000799680000,0x0000000799b80000)
 ParOldGen       total 87552K, used 7325K [0x0000000740000000, 0x0000000745580000, 0x0000000795580000)
  object space 87552K, 8% used [0x0000000740000000,0x00000007407276b0,0x0000000745580000)
 Metaspace       used 11398K, capacity 11685K, committed 11904K, reserved 1060864K
  class space    used 1229K, capacity 1297K, committed 1408K, reserved 1048576K
}

Deoptimization events (10 events):
Event: 0.805 Thread 0x00007fb494808800 Uncommon trap: reason=unstable_if action=reinterpret pc=0x000000011b4a8908 method=java.lang.String.indexOf([CII[CIII)I @ 3
Event: 3.227 Thread 0x00007fb494808800 Uncommon trap: reason=class_check action=maybe_recompile pc=0x000000011b4ccafc method=java.util.HashMap.putVal(ILjava/lang/Object;Ljava/lang/Object;ZZ)Ljava/lang/Object; @ 91
Event: 3.227 Thread 0x00007fb494808800 Uncommon trap: reason=class_check action=maybe_recompile pc=0x000000011b4ccafc method=java.util.HashMap.putVal(ILjava/lang/Object;Ljava/lang/Object;ZZ)Ljava/lang/Object; @ 91
Event: 3.228 Thread 0x00007fb494808800 Uncommon trap: reason=class_check action=maybe_recompile pc=0x000000011b4ccafc method=java.util.HashMap.putVal(ILjava/lang/Object;Ljava/lang/Object;ZZ)Ljava/lang/Object; @ 91
Event: 3.228 Thread 0x00007fb494808800 Uncommon trap: reason=class_check action=maybe_recompile pc=0x000000011b4ccafc method=java.util.HashMap.putVal(ILjava/lang/Object;Ljava/lang/Object;ZZ)Ljava/lang/Object; @ 91
Event: 3.827 Thread 0x00007fb494808800 Uncommon trap: reason=unstable_if action=reinterpret pc=0x000000011b4e7528 method=java.util.HashMap.getNode(ILjava/lang/Object;)Ljava/util/HashMap$Node; @ 62
Event: 3.827 Thread 0x00007fb494808800 Uncommon trap: reason=bimorphic action=maybe_recompile pc=0x000000011b608378 method=java.util.HashMap.putVal(ILjava/lang/Object;Ljava/lang/Object;ZZ)Ljava/lang/Object; @ 91
Event: 3.827 Thread 0x00007fb494808800 Uncommon trap: reason=bimorphic action=maybe_recompile pc=0x000000011b608378 method=java.util.HashMap.putVal(ILjava/lang/Object;Ljava/lang/Object;ZZ)Ljava/lang/Object; @ 91
Event: 3.828 Thread 0x00007fb494808800 Uncommon trap: reason=bimorphic action=maybe_recompile pc=0x000000011b608378 method=java.util.HashMap.putVal(ILjava/lang/Object;Ljava/lang/Object;ZZ)Ljava/lang/Object; @ 91
Event: 3.828 Thread 0x00007fb494808800 Uncommon trap: reason=bimorphic action=maybe_recompile pc=0x000000011b608378 method=java.util.HashMap.putVal(ILjava/lang/Object;Ljava/lang/Object;ZZ)Ljava/lang/Object; @ 91

Internal exceptions (10 events):
Event: 0.248 Thread 0x00007fb494808800 Exception <a 'java/lang/ClassNotFoundException': org/apache/log4j/ConsoleAppenderCustomizer> (0x0000000795a1a880) thrown at [/HUDSON3/workspace/8-2-build-macosx-x86_64/jdk8u101/7261/hotspot/src/share/vm/classfile/systemDictionary.cpp, line 210]
Event: 0.253 Thread 0x00007fb494808800 Exception <a 'java/lang/ClassNotFoundException': org/apache/log4j/PatternLayoutBeanInfo> (0x0000000795a48698) thrown at [/HUDSON3/workspace/8-2-build-macosx-x86_64/jdk8u101/7261/hotspot/src/share/vm/classfile/systemDictionary.cpp, line 210]
Event: 0.253 Thread 0x00007fb494808800 Exception <a 'java/lang/ClassNotFoundException': org/apache/log4j/PatternLayoutCustomizer> (0x0000000795a4eb78) thrown at [/HUDSON3/workspace/8-2-build-macosx-x86_64/jdk8u101/7261/hotspot/src/share/vm/classfile/systemDictionary.cpp, line 210]
Event: 0.255 Thread 0x00007fb494808800 Exception <a 'java/lang/ClassNotFoundException': org/apache/log4j/FileAppenderBeanInfo> (0x0000000795a5bcb0) thrown at [/HUDSON3/workspace/8-2-build-macosx-x86_64/jdk8u101/7261/hotspot/src/share/vm/classfile/systemDictionary.cpp, line 210]
Event: 0.255 Thread 0x00007fb494808800 Exception <a 'java/lang/ClassNotFoundException': org/apache/log4j/FileAppenderCustomizer> (0x0000000795a62038) thrown at [/HUDSON3/workspace/8-2-build-macosx-x86_64/jdk8u101/7261/hotspot/src/share/vm/classfile/systemDictionary.cpp, line 210]
Event: 0.326 Thread 0x00007fb494808800 Exception <a 'java/lang/NoSuchFieldError': method resolution failed> (0x0000000795bf74f0) thrown at [/HUDSON3/workspace/8-2-build-macosx-x86_64/jdk8u101/7261/hotspot/src/share/vm/prims/methodHandles.cpp, line 1146]
Event: 0.328 Thread 0x00007fb494808800 Exception <a 'java/lang/NoSuchFieldError': method resolution failed> (0x0000000795c04be0) thrown at [/HUDSON3/workspace/8-2-build-macosx-x86_64/jdk8u101/7261/hotspot/src/share/vm/prims/methodHandles.cpp, line 1146]
Event: 0.538 Thread 0x00007fb494808800 Exception <a 'java/io/FileNotFoundException'> (0x0000000795c7f6a8) thrown at [/HUDSON3/workspace/8-2-build-macosx-x86_64/jdk8u101/7261/hotspot/src/share/vm/prims/jni.cpp, line 709]
Event: 0.538 Thread 0x00007fb494808800 Exception <a 'java/io/FileNotFoundException'> (0x0000000795c80248) thrown at [/HUDSON3/workspace/8-2-build-macosx-x86_64/jdk8u101/7261/hotspot/src/share/vm/prims/jni.cpp, line 709]
Event: 0.583 Thread 0x00007fb494808800 Exception <a 'java/io/FileNotFoundException'> (0x0000000795dc4cc0) thrown at [/HUDSON3/workspace/8-2-build-macosx-x86_64/jdk8u101/7261/hotspot/src/share/vm/prims/jni.cpp, line 709]

Events (10 events):
Event: 5.903 Thread 0x00007fb494808800 DEOPT PACKING pc=0x000000011b70f013 sp=0x00007000075d7600
Event: 5.903 Thread 0x00007fb494808800 DEOPT UNPACKING pc=0x000000011b293633 sp=0x00007000075d7430 mode 0
Event: 7.657 Thread 0x00007fb494808800 DEOPT PACKING pc=0x000000011b7169a1 sp=0x00007000075d72b0
Event: 7.657 Thread 0x00007fb494808800 DEOPT UNPACKING pc=0x000000011b293633 sp=0x00007000075d70c8 mode 0
Event: 7.690 Thread 0x00007fb494808800 DEOPT PACKING pc=0x000000011b71c4e1 sp=0x00007000075d74e0
Event: 7.690 Thread 0x00007fb494808800 DEOPT UNPACKING pc=0x000000011b293633 sp=0x00007000075d7348 mode 0
Event: 7.756 Thread 0x00007fb494808800 DEOPT PACKING pc=0x000000011b71fbf4 sp=0x00007000075d74d0
Event: 7.756 Thread 0x00007fb494808800 DEOPT UNPACKING pc=0x000000011b293633 sp=0x00007000075d7270 mode 0
Event: 8.468 loading class org/lwjgl/opengl/CallbackUtil
Event: 8.468 loading class org/lwjgl/opengl/CallbackUtil done


Dynamic libraries:
0x0000000052f2d000 	/System/Library/Frameworks/Cocoa.framework/Versions/A/Cocoa
0x0000000052f2d000 	/System/Library/Frameworks/Security.framework/Versions/A/Security
0x0000000052f2d000 	/System/Library/Frameworks/ApplicationServices.framework/Versions/A/ApplicationServices
0x0000000052f2d000 	/usr/lib/libz.1.dylib
0x0000000052f2d000 	/usr/lib/libSystem.B.dylib
0x0000000052f2d000 	/usr/lib/libobjc.A.dylib
0x0000000052f2d000 	/System/Library/Frameworks/CoreFoundation.framework/Versions/A/CoreFoundation
0x0000000052f2d000 	/System/Library/Frameworks/Foundation.framework/Versions/C/Foundation
0x0000000052f2d000 	/System/Library/Frameworks/AppKit.framework/Versions/C/AppKit
0x0000000052f2d000 	/System/Library/Frameworks/CoreData.framework/Versions/A/CoreData
0x0000000052f2d000 	/System/Library/PrivateFrameworks/RemoteViewServices.framework/Versions/A/RemoteViewServices
0x0000000052f2d000 	/System/Library/PrivateFrameworks/UIFoundation.framework/Versions/A/UIFoundation
0x0000000052f2d000 	/System/Library/PrivateFrameworks/DFRFoundation.framework/Versions/A/DFRFoundation
0x0000000052f2d000 	/usr/lib/libenergytrace.dylib
0x0000000052f2d000 	/System/Library/PrivateFrameworks/SkyLight.framework/Versions/A/SkyLight
0x0000000052f2d000 	/System/Library/Frameworks/CoreGraphics.framework/Versions/A/CoreGraphics
0x0000000052f2d000 	/usr/lib/libScreenReader.dylib
0x0000000052f2d000 	/System/Library/Frameworks/Accelerate.framework/Versions/A/Accelerate
0x0000000052f2d000 	/System/Library/Frameworks/IOSurface.framework/Versions/A/IOSurface
0x0000000052f2d000 	/System/Library/Frameworks/AudioToolbox.framework/Versions/A/AudioToolbox
0x0000000052f2d000 	/System/Library/Frameworks/AudioUnit.framework/Versions/A/AudioUnit
0x0000000052f2d000 	/System/Library/PrivateFrameworks/DataDetectorsCore.framework/Versions/A/DataDetectorsCore
0x0000000052f2d000 	/System/Library/PrivateFrameworks/DesktopServicesPriv.framework/Versions/A/DesktopServicesPriv
0x0000000052f2d000 	/System/Library/Frameworks/Carbon.framework/Versions/A/Frameworks/HIToolbox.framework/Versions/A/HIToolbox
0x0000000052f2d000 	/usr/lib/libicucore.A.dylib
0x0000000052f2d000 	/System/Library/Frameworks/QuartzCore.framework/Versions/A/QuartzCore
0x0000000052f2d000 	/System/Library/Frameworks/Carbon.framework/Versions/A/Frameworks/SpeechRecognition.framework/Versions/A/SpeechRecognition
0x0000000052f2d000 	/usr/lib/libauto.dylib
0x0000000052f2d000 	/usr/lib/libxml2.2.dylib
0x0000000052f2d000 	/System/Library/PrivateFrameworks/CoreUI.framework/Versions/A/CoreUI
0x0000000052f2d000 	/System/Library/Frameworks/CoreAudio.framework/Versions/A/CoreAudio
0x0000000052f2d000 	/System/Library/Frameworks/DiskArbitration.framework/Versions/A/DiskArbitration
0x0000000052f2d000 	/usr/lib/liblangid.dylib
0x0000000052f2d000 	/System/Library/PrivateFrameworks/MultitouchSupport.framework/Versions/A/MultitouchSupport
0x0000000052f2d000 	/System/Library/Frameworks/IOKit.framework/Versions/A/IOKit
0x0000000052f2d000 	/usr/lib/libDiagnosticMessagesClient.dylib
0x0000000052f2d000 	/System/Library/Frameworks/CoreServices.framework/Versions/A/CoreServices
0x0000000052f2d000 	/System/Library/PrivateFrameworks/PerformanceAnalysis.framework/Versions/A/PerformanceAnalysis
0x0000000052f2d000 	/System/Library/PrivateFrameworks/GenerationalStorage.framework/Versions/A/GenerationalStorage
0x0000000052f2d000 	/System/Library/Frameworks/OpenGL.framework/Versions/A/OpenGL
0x0000000052f2d000 	/System/Library/Frameworks/CoreImage.framework/Versions/A/CoreImage
0x0000000052f2d000 	/System/Library/Frameworks/CoreText.framework/Versions/A/CoreText
0x0000000052f2d000 	/System/Library/Frameworks/ImageIO.framework/Versions/A/ImageIO
0x0000000052f2d000 	/System/Library/PrivateFrameworks/Backup.framework/Versions/A/Backup
0x0000000052f2d000 	/usr/lib/libarchive.2.dylib
0x0000000052f2d000 	/System/Library/Frameworks/CFNetwork.framework/Versions/A/CFNetwork
0x0000000052f2d000 	/System/Library/Frameworks/SystemConfiguration.framework/Versions/A/SystemConfiguration
0x0000000052f2d000 	/usr/lib/libCRFSuite.dylib
0x0000000052f2d000 	/usr/lib/libc++.1.dylib
0x0000000052f2d000 	/usr/lib/libc++abi.dylib
0x0000000052f2d000 	/usr/lib/system/libcache.dylib
0x0000000052f2d000 	/usr/lib/system/libcommonCrypto.dylib
0x0000000052f2d000 	/usr/lib/system/libcompiler_rt.dylib
0x0000000052f2d000 	/usr/lib/system/libcopyfile.dylib
0x0000000052f2d000 	/usr/lib/system/libcorecrypto.dylib
0x0000000052f2d000 	/usr/lib/system/libdispatch.dylib
0x0000000052f2d000 	/usr/lib/system/libdyld.dylib
0x0000000052f2d000 	/usr/lib/system/libkeymgr.dylib
0x0000000052f2d000 	/usr/lib/system/liblaunch.dylib
0x0000000052f2d000 	/usr/lib/system/libmacho.dylib
0x0000000052f2d000 	/usr/lib/system/libquarantine.dylib
0x0000000052f2d000 	/usr/lib/system/libremovefile.dylib
0x0000000052f2d000 	/usr/lib/system/libsystem_asl.dylib
0x0000000052f2d000 	/usr/lib/system/libsystem_blocks.dylib
0x0000000052f2d000 	/usr/lib/system/libsystem_c.dylib
0x0000000052f2d000 	/usr/lib/system/libsystem_configuration.dylib
0x0000000052f2d000 	/usr/lib/system/libsystem_coreservices.dylib
0x0000000052f2d000 	/usr/lib/system/libsystem_coretls.dylib
0x0000000052f2d000 	/usr/lib/system/libsystem_dnssd.dylib
0x0000000052f2d000 	/usr/lib/system/libsystem_info.dylib
0x0000000052f2d000 	/usr/lib/system/libsystem_kernel.dylib
0x0000000052f2d000 	/usr/lib/system/libsystem_m.dylib
0x0000000052f2d000 	/usr/lib/system/libsystem_malloc.dylib
0x0000000052f2d000 	/usr/lib/system/libsystem_network.dylib
0x0000000052f2d000 	/usr/lib/system/libsystem_networkextension.dylib
0x0000000052f2d000 	/usr/lib/system/libsystem_notify.dylib
0x0000000052f2d000 	/usr/lib/system/libsystem_platform.dylib
0x0000000052f2d000 	/usr/lib/system/libsystem_pthread.dylib
0x0000000052f2d000 	/usr/lib/system/libsystem_sandbox.dylib
0x0000000052f2d000 	/usr/lib/system/libsystem_secinit.dylib
0x0000000052f2d000 	/usr/lib/system/libsystem_symptoms.dylib
0x0000000052f2d000 	/usr/lib/system/libsystem_trace.dylib
0x0000000052f2d000 	/usr/lib/system/libunwind.dylib
0x0000000052f2d000 	/usr/lib/system/libxpc.dylib
0x0000000052f2d000 	/usr/lib/libbsm.0.dylib
0x0000000052f2d000 	/usr/lib/system/libkxld.dylib
0x0000000052f2d000 	/usr/lib/libcoretls.dylib
0x0000000052f2d000 	/usr/lib/libcoretls_cfhelpers.dylib
0x0000000052f2d000 	/usr/lib/libOpenScriptingUtil.dylib
0x0000000052f2d000 	/usr/lib/libpam.2.dylib
0x0000000052f2d000 	/usr/lib/libsqlite3.dylib
0x0000000052f2d000 	/usr/lib/libxar.1.dylib
0x0000000052f2d000 	/usr/lib/libbz2.1.0.dylib
0x0000000052f2d000 	/usr/lib/liblzma.5.dylib
0x0000000052f2d000 	/usr/lib/libnetwork.dylib
0x0000000052f2d000 	/usr/lib/libpcap.A.dylib
0x0000000052f2d000 	/System/Library/Frameworks/CoreServices.framework/Versions/A/Frameworks/FSEvents.framework/Versions/A/FSEvents
0x0000000052f2d000 	/System/Library/Frameworks/CoreServices.framework/Versions/A/Frameworks/CarbonCore.framework/Versions/A/CarbonCore
0x0000000052f2d000 	/System/Library/Frameworks/CoreServices.framework/Versions/A/Frameworks/Metadata.framework/Versions/A/Metadata
0x0000000052f2d000 	/System/Library/Frameworks/CoreServices.framework/Versions/A/Frameworks/OSServices.framework/Versions/A/OSServices
0x0000000052f2d000 	/System/Library/Frameworks/CoreServices.framework/Versions/A/Frameworks/SearchKit.framework/Versions/A/SearchKit
0x0000000052f2d000 	/System/Library/Frameworks/CoreServices.framework/Versions/A/Frameworks/AE.framework/Versions/A/AE
0x0000000052f2d000 	/System/Library/Frameworks/CoreServices.framework/Versions/A/Frameworks/LaunchServices.framework/Versions/A/LaunchServices
0x0000000052f2d000 	/System/Library/Frameworks/CoreServices.framework/Versions/A/Frameworks/DictionaryServices.framework/Versions/A/DictionaryServices
0x0000000052f2d000 	/System/Library/Frameworks/CoreServices.framework/Versions/A/Frameworks/SharedFileList.framework/Versions/A/SharedFileList
0x0000000052f2d000 	/System/Library/Frameworks/NetFS.framework/Versions/A/NetFS
0x0000000052f2d000 	/System/Library/PrivateFrameworks/NetAuth.framework/Versions/A/NetAuth
0x0000000052f2d000 	/System/Library/PrivateFrameworks/login.framework/Versions/A/Frameworks/loginsupport.framework/Versions/A/loginsupport
0x0000000052f2d000 	/System/Library/PrivateFrameworks/TCC.framework/Versions/A/TCC
0x0000000052f2d000 	/usr/lib/libmecabra.dylib
0x0000000052f2d000 	/System/Library/Frameworks/ApplicationServices.framework/Versions/A/Frameworks/ATS.framework/Versions/A/ATS
0x0000000052f2d000 	/System/Library/Frameworks/ApplicationServices.framework/Versions/A/Frameworks/ColorSync.framework/Versions/A/ColorSync
0x0000000052f2d000 	/System/Library/Frameworks/ApplicationServices.framework/Versions/A/Frameworks/HIServices.framework/Versions/A/HIServices
0x0000000052f2d000 	/System/Library/Frameworks/ApplicationServices.framework/Versions/A/Frameworks/LangAnalysis.framework/Versions/A/LangAnalysis
0x0000000052f2d000 	/System/Library/Frameworks/ApplicationServices.framework/Versions/A/Frameworks/PrintCore.framework/Versions/A/PrintCore
0x0000000052f2d000 	/System/Library/Frameworks/ApplicationServices.framework/Versions/A/Frameworks/QD.framework/Versions/A/QD
0x0000000052f2d000 	/System/Library/Frameworks/ApplicationServices.framework/Versions/A/Frameworks/SpeechSynthesis.framework/Versions/A/SpeechSynthesis
0x0000000052f2d000 	/System/Library/Frameworks/Accelerate.framework/Versions/A/Frameworks/vImage.framework/Versions/A/vImage
0x0000000052f2d000 	/System/Library/Frameworks/Accelerate.framework/Versions/A/Frameworks/vecLib.framework/Versions/A/vecLib
0x0000000052f2d000 	/System/Library/Frameworks/Accelerate.framework/Versions/A/Frameworks/vecLib.framework/Versions/A/libvDSP.dylib
0x0000000052f2d000 	/System/Library/Frameworks/Accelerate.framework/Versions/A/Frameworks/vecLib.framework/Versions/A/libBNNS.dylib
0x0000000052f2d000 	/System/Library/Frameworks/Accelerate.framework/Versions/A/Frameworks/vecLib.framework/Versions/A/libQuadrature.dylib
0x0000000052f2d000 	/System/Library/Frameworks/Accelerate.framework/Versions/A/Frameworks/vecLib.framework/Versions/A/libvMisc.dylib
0x0000000052f2d000 	/System/Library/Frameworks/Accelerate.framework/Versions/A/Frameworks/vecLib.framework/Versions/A/libLAPACK.dylib
0x0000000052f2d000 	/System/Library/Frameworks/Accelerate.framework/Versions/A/Frameworks/vecLib.framework/Versions/A/libBLAS.dylib
0x0000000052f2d000 	/System/Library/Frameworks/Accelerate.framework/Versions/A/Frameworks/vecLib.framework/Versions/A/libLinearAlgebra.dylib
0x0000000052f2d000 	/System/Library/Frameworks/Accelerate.framework/Versions/A/Frameworks/vecLib.framework/Versions/A/libSparseBLAS.dylib
0x0000000052f2d000 	/System/Library/Frameworks/ApplicationServices.framework/Versions/A/Frameworks/ATS.framework/Versions/A/Resources/libFontParser.dylib
0x0000000052f2d000 	/System/Library/Frameworks/ApplicationServices.framework/Versions/A/Frameworks/ATS.framework/Versions/A/Resources/libFontRegistry.dylib
0x0000000052f2d000 	/System/Library/Frameworks/ImageIO.framework/Versions/A/Resources/libJPEG.dylib
0x0000000052f2d000 	/System/Library/Frameworks/ImageIO.framework/Versions/A/Resources/libTIFF.dylib
0x0000000052f2d000 	/System/Library/Frameworks/ImageIO.framework/Versions/A/Resources/libPng.dylib
0x0000000052f2d000 	/System/Library/Frameworks/ImageIO.framework/Versions/A/Resources/libGIF.dylib
0x0000000052f2d000 	/System/Library/Frameworks/ImageIO.framework/Versions/A/Resources/libJP2.dylib
0x0000000052f2d000 	/System/Library/Frameworks/ImageIO.framework/Versions/A/Resources/libRadiance.dylib
0x0000000052f2d000 	/usr/lib/libcompression.dylib
0x0000000052f2d000 	/System/Library/PrivateFrameworks/AppleJPEG.framework/Versions/A/AppleJPEG
0x0000000052f2d000 	/usr/lib/libcups.2.dylib
0x0000000052f2d000 	/System/Library/Frameworks/Kerberos.framework/Versions/A/Kerberos
0x0000000052f2d000 	/System/Library/Frameworks/GSS.framework/Versions/A/GSS
0x0000000052f2d000 	/usr/lib/libresolv.9.dylib
0x0000000052f2d000 	/usr/lib/libiconv.2.dylib
0x0000000052f2d000 	/System/Library/PrivateFrameworks/Heimdal.framework/Versions/A/Heimdal
0x0000000052f2d000 	/usr/lib/libheimdal-asn1.dylib
0x0000000052f2d000 	/System/Library/Frameworks/OpenDirectory.framework/Versions/A/OpenDirectory
0x0000000052f2d000 	/System/Library/PrivateFrameworks/CommonAuth.framework/Versions/A/CommonAuth
0x0000000052f2d000 	/System/Library/Frameworks/OpenDirectory.framework/Versions/A/Frameworks/CFOpenDirectory.framework/Versions/A/CFOpenDirectory
0x0000000052f2d000 	/System/Library/Frameworks/SecurityFoundation.framework/Versions/A/SecurityFoundation
0x0000000052f2d000 	/System/Library/PrivateFrameworks/LanguageModeling.framework/Versions/A/LanguageModeling
0x0000000052f2d000 	/usr/lib/libmarisa.dylib
0x0000000052f2d000 	/usr/lib/libChineseTokenizer.dylib
0x0000000052f2d000 	/usr/lib/libcmph.dylib
0x0000000052f2d000 	/System/Library/PrivateFrameworks/CoreEmoji.framework/Versions/A/CoreEmoji
0x0000000052f2d000 	/System/Library/Frameworks/ServiceManagement.framework/Versions/A/ServiceManagement
0x0000000052f2d000 	/usr/lib/libxslt.1.dylib
0x0000000052f2d000 	/System/Library/Frameworks/Carbon.framework/Versions/A/Frameworks/Ink.framework/Versions/A/Ink
0x0000000052f2d000 	/System/Library/PrivateFrameworks/TextureIO.framework/Versions/A/TextureIO
0x0000000052f2d000 	/System/Library/Frameworks/Metal.framework/Versions/A/Metal
0x0000000052f2d000 	/usr/lib/libate.dylib
0x0000000052f2d000 	/System/Library/PrivateFrameworks/GPUCompiler.framework/libmetal_timestamp.dylib
0x0000000052f2d000 	/System/Library/Frameworks/OpenGL.framework/Versions/A/Libraries/libCoreFSCache.dylib
0x0000000052f2d000 	/System/Library/PrivateFrameworks/IOAccelerator.framework/Versions/A/IOAccelerator
0x0000000052f2d000 	/System/Library/Frameworks/CoreVideo.framework/Versions/A/CoreVideo
0x0000000052f2d000 	/usr/lib/libFosl_dynamic.dylib
0x0000000052f2d000 	/System/Library/PrivateFrameworks/MetalPerformanceShaders.framework/Versions/A/MetalPerformanceShaders
0x0000000052f2d000 	/System/Library/PrivateFrameworks/FaceCore.framework/Versions/A/FaceCore
0x0000000052f2d000 	/System/Library/Frameworks/OpenCL.framework/Versions/A/OpenCL
0x0000000052f2d000 	/System/Library/Frameworks/OpenGL.framework/Versions/A/Libraries/libGLU.dylib
0x0000000052f2d000 	/System/Library/Frameworks/OpenGL.framework/Versions/A/Libraries/libGFXShared.dylib
0x0000000052f2d000 	/System/Library/Frameworks/OpenGL.framework/Versions/A/Libraries/libGL.dylib
0x0000000052f2d000 	/System/Library/Frameworks/OpenGL.framework/Versions/A/Libraries/libGLImage.dylib
0x0000000052f2d000 	/System/Library/Frameworks/OpenGL.framework/Versions/A/Libraries/libCVMSPluginSupport.dylib
0x0000000052f2d000 	/System/Library/Frameworks/OpenGL.framework/Versions/A/Libraries/libCoreVMClient.dylib
0x0000000052f2d000 	/System/Library/PrivateFrameworks/CrashReporterSupport.framework/Versions/A/CrashReporterSupport
0x0000000052f2d000 	/System/Library/PrivateFrameworks/Sharing.framework/Versions/A/Sharing
0x0000000052f2d000 	/System/Library/PrivateFrameworks/IconServices.framework/Versions/A/IconServices
0x0000000052f2d000 	/System/Library/PrivateFrameworks/ProtocolBuffer.framework/Versions/A/ProtocolBuffer
0x0000000052f2d000 	/System/Library/PrivateFrameworks/Apple80211.framework/Versions/A/Apple80211
0x0000000052f2d000 	/System/Library/Frameworks/CoreWLAN.framework/Versions/A/CoreWLAN
0x0000000052f2d000 	/System/Library/PrivateFrameworks/CoreUtils.framework/Versions/A/CoreUtils
0x0000000052f2d000 	/System/Library/Frameworks/IOBluetooth.framework/Versions/A/IOBluetooth
0x0000000052f2d000 	/System/Library/PrivateFrameworks/CoreWiFi.framework/Versions/A/CoreWiFi
0x0000000052f2d000 	/System/Library/Frameworks/CoreBluetooth.framework/Versions/A/CoreBluetooth
0x0000000052f2d000 	/System/Library/Frameworks/CoreDisplay.framework/Versions/A/CoreDisplay
0x0000000052f2d000 	/System/Library/PrivateFrameworks/IOPresentment.framework/Versions/A/IOPresentment
0x0000000052f2d000 	/System/Library/PrivateFrameworks/DSExternalDisplay.framework/Versions/A/DSExternalDisplay
0x0000000052f2d000 	/System/Library/PrivateFrameworks/DebugSymbols.framework/Versions/A/DebugSymbols
0x0000000052f2d000 	/System/Library/PrivateFrameworks/CoreSymbolication.framework/Versions/A/CoreSymbolication
0x0000000052f2d000 	/System/Library/PrivateFrameworks/Symbolication.framework/Versions/A/Symbolication
0x0000000052f2d000 	/System/Library/PrivateFrameworks/AppleFSCompression.framework/Versions/A/AppleFSCompression
0x0000000052f2d000 	/System/Library/PrivateFrameworks/SpeechRecognitionCore.framework/Versions/A/SpeechRecognitionCore
0x0000000052f2d000 	/System/Library/PrivateFrameworks/ChunkingLibrary.framework/Versions/A/ChunkingLibrary
0x000000010f839000 	/Library/Java/JavaVirtualMachines/jdk1.8.0_101.jdk/Contents/Home/jre/lib/server/libjvm.dylib
0x0000000052f2d000 	/usr/lib/libstdc++.6.dylib
0x00000001107d6000 	/Library/Java/JavaVirtualMachines/jdk1.8.0_101.jdk/Contents/Home/jre/lib/libverify.dylib
0x0000000111000000 	/Library/Java/JavaVirtualMachines/jdk1.8.0_101.jdk/Contents/Home/jre/lib/libjava.dylib
0x00000001107ee000 	/Library/Java/JavaVirtualMachines/jdk1.8.0_101.jdk/Contents/Home/jre/lib/libzip.dylib
0x0000000117998000 	/System/Library/Frameworks/JavaVM.framework/Frameworks/JavaRuntimeSupport.framework/JavaRuntimeSupport
0x00000001179b2000 	/System/Library/Frameworks/JavaVM.framework/Versions/A/Frameworks/JavaNativeFoundation.framework/Versions/A/JavaNativeFoundation
0x00000001179c7000 	/System/Library/Frameworks/JavaVM.framework/Versions/A/JavaVM
0x0000000052f2d000 	/System/Library/Frameworks/Carbon.framework/Versions/A/Carbon
0x00000001179d4000 	/System/Library/PrivateFrameworks/JavaLaunching.framework/Versions/A/JavaLaunching
0x0000000052f2d000 	/System/Library/Frameworks/Carbon.framework/Versions/A/Frameworks/CommonPanels.framework/Versions/A/CommonPanels
0x0000000052f2d000 	/System/Library/Frameworks/Carbon.framework/Versions/A/Frameworks/Help.framework/Versions/A/Help
0x0000000052f2d000 	/System/Library/Frameworks/Carbon.framework/Versions/A/Frameworks/ImageCapture.framework/Versions/A/ImageCapture
0x0000000052f2d000 	/System/Library/Frameworks/Carbon.framework/Versions/A/Frameworks/OpenScripting.framework/Versions/A/OpenScripting
0x0000000052f2d000 	/System/Library/Frameworks/Carbon.framework/Versions/A/Frameworks/Print.framework/Versions/A/Print
0x0000000052f2d000 	/System/Library/Frameworks/Carbon.framework/Versions/A/Frameworks/SecurityHI.framework/Versions/A/SecurityHI
0x0000000119323000 	/Library/Java/JavaVirtualMachines/jdk1.8.0_101.jdk/Contents/Home/jre/lib/libawt.dylib
0x00000001193cb000 	/Library/Java/JavaVirtualMachines/jdk1.8.0_101.jdk/Contents/Home/jre/lib/./libmlib_image.dylib
0x0000000119497000 	/Library/Java/JavaVirtualMachines/jdk1.8.0_101.jdk/Contents/Home/jre/lib/libawt_lwawt.dylib
0x000000011954c000 	/Library/Java/JavaVirtualMachines/jdk1.8.0_101.jdk/Contents/Home/jre/lib/./libosxapp.dylib
0x0000000052f2d000 	/System/Library/Frameworks/ExceptionHandling.framework/Versions/A/ExceptionHandling
0x0000000052f2d000 	/System/Library/PrivateFrameworks/CoreServicesInternal.framework/Versions/A/CoreServicesInternal
0x0000000052f2d000 	/System/Library/CoreServices/RawCamera.bundle/Contents/MacOS/RawCamera
0x00000001198ea000 	/System/Library/Frameworks/Accelerate.framework/Frameworks/vImage.framework/Versions/A/Libraries/libCGInterfaces.dylib
0x0000000052f2d000 	/System/Library/Frameworks/ApplicationServices.framework/Versions/A/Frameworks/ATS.framework/Versions/A/Resources/libTrueTypeScaler.dylib
0x000000011afc3000 	/System/Library/Frameworks/OpenGL.framework/Resources/GLEngine.bundle/GLEngine
0x0000000052f2d000 	/System/Library/Frameworks/OpenGL.framework/Versions/A/Libraries/libGLProgrammability.dylib
0x000000012a664000 	/System/Library/Extensions/AppleIntelHD5000GraphicsGLDriver.bundle/Contents/MacOS/AppleIntelHD5000GraphicsGLDriver
0x0000000052f2d000 	/System/Library/PrivateFrameworks/GPUSupport.framework/Versions/A/Libraries/libGPUSupportMercury.dylib
0x000000011a011000 	/System/Library/Frameworks/OpenGL.framework/Resources//GLRendererFloat.bundle/GLRendererFloat
0x0000000052f2d000 	/System/Library/Frameworks/OpenCL.framework/Versions/A/Libraries/libcldcpuengine.dylib
0x0000000052f2d000 	/usr/lib/libcrypto.0.9.8.dylib
0x0000000052f2d000 	/System/Library/PrivateFrameworks/TrustEvaluationAgent.framework/Versions/A/TrustEvaluationAgent
0x000000012add2000 	/System/Library/Extensions/AppleIntelHD5000GraphicsMTLDriver.bundle/Contents/MacOS/AppleIntelHD5000GraphicsMTLDriver
0x0000000052f2d000 	/System/Library/PrivateFrameworks/FamilyControls.framework/Versions/A/FamilyControls
0x0000000052f2d000 	/System/Library/PrivateFrameworks/CommerceKit.framework/Versions/A/Frameworks/CommerceCore.framework/Versions/A/CommerceCore
0x0000000052f2d000 	/System/Library/PrivateFrameworks/SystemAdministration.framework/Versions/A/SystemAdministration
0x0000000052f2d000 	/System/Library/PrivateFrameworks/AppContainer.framework/Versions/A/AppContainer
0x0000000052f2d000 	/System/Library/PrivateFrameworks/SecCodeWrapper.framework/Versions/A/SecCodeWrapper
0x0000000052f2d000 	/System/Library/Frameworks/DirectoryService.framework/Versions/A/DirectoryService
0x0000000052f2d000 	/System/Library/PrivateFrameworks/DiskImages.framework/Versions/A/DiskImages
0x0000000052f2d000 	/System/Library/PrivateFrameworks/LoginUIKit.framework/Versions/A/Frameworks/LoginUICore.framework/Versions/A/LoginUICore
0x0000000052f2d000 	/usr/lib/libCoreStorage.dylib
0x0000000052f2d000 	/usr/lib/libcsfde.dylib
0x0000000052f2d000 	/usr/lib/libodfde.dylib
0x0000000052f2d000 	/System/Library/Frameworks/DiscRecording.framework/Versions/A/DiscRecording
0x0000000052f2d000 	/usr/lib/libcurl.4.dylib
0x0000000052f2d000 	/System/Library/PrivateFrameworks/MediaKit.framework/Versions/A/MediaKit
0x0000000052f2d000 	/System/Library/PrivateFrameworks/ProtectedCloudStorage.framework/Versions/A/ProtectedCloudStorage
0x0000000052f2d000 	/System/Library/PrivateFrameworks/EFILogin.framework/Versions/A/EFILogin
0x0000000052f2d000 	/usr/lib/libutil.dylib
0x0000000052f2d000 	/System/Library/Frameworks/LDAP.framework/Versions/A/LDAP
0x0000000052f2d000 	/usr/lib/libsasl2.2.dylib
0x0000000052f2d000 	/System/Library/PrivateFrameworks/CoreDaemon.framework/Versions/B/CoreDaemon
0x0000000052f2d000 	/System/Library/PrivateFrameworks/AppleSRP.framework/Versions/A/AppleSRP
0x0000000052f2d000 	/System/Library/PrivateFrameworks/APFS.framework/Versions/A/APFS
0x000000012c226000 	/Library/Java/JavaVirtualMachines/jdk1.8.0_101.jdk/Contents/Home/jre/lib/libfontmanager.dylib
0x000000012c28d000 	/Users/collindutter/Documents/School/CPE307/slick/liblwjgl.dylib
0x0000000119f64000 	/Library/Java/JavaVirtualMachines/jdk1.8.0_101.jdk/Contents/Home/jre/lib/libjawt.dylib
0x000000011a008000 	/Users/collindutter/Documents/School/CPE307/slick/libjinput-osx.dylib
0x000000012d8d4000 	/System/Library/Extensions/IOHIDFamily.kext/Contents/PlugIns/IOHIDLib.plugin/Contents/MacOS/IOHIDLib
0x000000012e8ef000 	/Library/Java/JavaVirtualMachines/jdk1.8.0_101.jdk/Contents/Home/jre/lib/libnet.dylib
0x000000012e906000 	/Library/Java/JavaVirtualMachines/jdk1.8.0_101.jdk/Contents/Home/jre/lib/libnio.dylib

VM Arguments:
jvm_args: -Djava.library.path=/Users/collindutter/Documents/School/CPE307/slick -Dfile.encoding=UTF-8 
java_command: main.OperationIceCream
java_class_path (initial): /Users/collindutter/Documents/School/CPE307/oic2/target/classes:/Users/collindutter/.p2/pool/plugins/org.junit_4.12.0.v201504281640/junit.jar:/Users/collindutter/.p2/pool/plugins/org.hamcrest.core_1.3.0.v201303031735.jar:/Library/Java/JavaVirtualMachines/jdk1.8.0_101.jdk/Contents/Home/jre/lib/javaws.jar:/Users/collindutter/.m2/repository/org/slick2d/slick2d-basic-game-archetype/1.0.2/slick2d-basic-game-archetype-1.0.2.jar:/Users/collindutter/.m2/repository/org/slick2d/slick2d-core/1.0.2/slick2d-core-1.0.2.jar:/Users/collindutter/.m2/repository/org/lwjgl/lwjgl/lwjgl/2.9.3/lwjgl-2.9.3.jar:/Users/collindutter/.m2/repository/org/lwjgl/lwjgl/lwjgl-platform/2.9.3/lwjgl-platform-2.9.3-natives-windows.jar:/Users/collindutter/.m2/repository/org/lwjgl/lwjgl/lwjgl-platform/2.9.3/lwjgl-platform-2.9.3-natives-linux.jar:/Users/collindutter/.m2/repository/org/lwjgl/lwjgl/lwjgl-platform/2.9.3/lwjgl-platform-2.9.3-natives-osx.jar:/Users/collindutter/.m2/repository/net/java/jinput/jinput/2.0.5/jinput-2.0.5.jar:/Users/collindutter/.m2/repository/net/java/jutils/jutils/1.0.0/jutils-1.0.0.jar:/Users/collindutter/.m2/repository/net/java/jinput/jinput-platform/2.0.5/jinput-platform-2.0.5-natives-linux.jar:/Users/collindutter/.m2/repository/net/java/jinput/jinput-platform/2.0.5/jinput-platform-2.0.5-natives-windows.jar:/Users/collindutter/.m2/repository/net/java/jinput/jinput-platform/2.0.5/jinput-platform-2.0.5-natives-osx.jar:/Users/collindutter/.m2/repository/org/jcraft/jorbis/0.0.17/jorbis-0.0.17.jar:/Users/collindutter/.m2/repository/org/slf4j/slf4j-api/1.7.5/slf4j-api-1.7.5.jar:/Users/collindutter/.m2/repository/org/slf4j/slf4j-log4j12/1.7.5/slf4j-log4j12-1.7.5.jar:/Users/collindutter/.m2/repository/log4j/log4j/1.2.17/log4j-1.2.17.jar
Launcher Type: SUN_STANDARD

Environment Variables:
PATH=/usr/bin:/bin:/usr/sbin:/sbin
SHELL=/usr/local/bin/fish
DISPLAY=/private/tmp/com.apple.launchd.bpsjxd5ZlW/org.macosforge.xquartz:0

Signal Handlers:
SIGSEGV: [libjvm.dylib+0x5af145], sa_mask[0]=11111111011111110111111111111111, sa_flags=SA_ONSTACK|SA_RESTART|SA_SIGINFO
SIGBUS: [libjvm.dylib+0x5af145], sa_mask[0]=11111111011111110111111111111111, sa_flags=SA_RESTART|SA_SIGINFO
SIGFPE: [libjvm.dylib+0x48694c], sa_mask[0]=11111111011111110111111111111111, sa_flags=SA_RESTART|SA_SIGINFO
SIGPIPE: [libjvm.dylib+0x48694c], sa_mask[0]=11111111011111110111111111111111, sa_flags=SA_RESTART|SA_SIGINFO
SIGXFSZ: [libjvm.dylib+0x48694c], sa_mask[0]=11111111011111110111111111111111, sa_flags=SA_RESTART|SA_SIGINFO
SIGILL: [libjvm.dylib+0x48694c], sa_mask[0]=11111111011111110111111111111111, sa_flags=SA_RESTART|SA_SIGINFO
SIGUSR1: SIG_DFL, sa_mask[0]=00000000000000000000000000000000, sa_flags=none
SIGUSR2: [libjvm.dylib+0x48646a], sa_mask[0]=00100000000000000000000000000000, sa_flags=SA_RESTART|SA_SIGINFO
SIGHUP: [libjvm.dylib+0x484a41], sa_mask[0]=11111111011111110111111111111111, sa_flags=SA_RESTART|SA_SIGINFO
SIGINT: [libjvm.dylib+0x484a41], sa_mask[0]=11111111011111110111111111111111, sa_flags=SA_RESTART|SA_SIGINFO
SIGTERM: [libjvm.dylib+0x484a41], sa_mask[0]=11111111011111110111111111111111, sa_flags=SA_RESTART|SA_SIGINFO
SIGQUIT: [libjvm.dylib+0x484a41], sa_mask[0]=11111111011111110111111111111111, sa_flags=SA_RESTART|SA_SIGINFO


---------------  S Y S T E M  ---------------

OS:Bsduname:Darwin 16.6.0 Darwin Kernel Version 16.6.0: Fri Apr 14 16:21:16 PDT 2017; root:xnu-3789.60.24~6/RELEASE_X86_64 x86_64
rlimit: STACK 8192k, CORE 0k, NPROC 709, NOFILE 10240, AS infinity
load average:2.06 1.78 1.71

CPU:total 4 (2 cores per cpu, 2 threads per core) family 6 model 69 stepping 1, cmov, cx8, fxsr, mmx, sse, sse2, sse3, ssse3, sse4.1, sse4.2, popcnt, avx, avx2, aes, clmul, erms, lzcnt, ht, tsc, tscinvbit, bmi1, bmi2

Memory: 4k page, physical 8388608k(72452k free)

/proc/meminfo:


vm_info: Java HotSpot(TM) 64-Bit Server VM (25.101-b13) for bsd-amd64 JRE (1.8.0_101-b13), built on Jun 22 2016 02:42:15 by "java_re" with gcc 4.2.1 (Based on Apple Inc. build 5658) (LLVM build 2336.11.00)

time: Wed May 24 11:00:35 2017
elapsed time: 8 seconds (0d 0h 0m 8s)

