#
# A fatal error has been detected by the Java Runtime Environment:
#
#  SIGSEGV (0xb) at pc=0x00007fffdd1b5d08, pid=1277, tid=0x0000000000000307
#
# JRE version: Java(TM) SE Runtime Environment (8.0_101-b13) (build 1.8.0_101-b13)
# Java VM: Java HotSpot(TM) 64-Bit Server VM (25.101-b13 mixed mode bsd-amd64 compressed oops)
# Problematic frame:
# C  [libobjc.A.dylib+0xbd08]  objc_storeWeak+0x16e
#
# Failed to write core dump. Core dumps have been disabled. To enable core dumping, try "ulimit -c unlimited" before starting Java again
#
# If you would like to submit a bug report, please visit:
#   http://bugreport.java.com/bugreport/crash.jsp
# The crash happened outside the Java Virtual Machine in native code.
# See problematic frame for where to report the bug.
#

---------------  T H R E A D  ---------------

Current thread (0x00007fd4d98ea800):  JavaThread "AppKit Thread" daemon [_thread_in_native, id=775, stack(0x00007fff5a13f000,0x00007fff5a93f000)]

siginfo: si_signo: 11 (SIGSEGV), si_code: 1 (SEGV_MAPERR), si_addr: 0x0000000000000000

Registers:
RAX=0x00007fd4da000600, RBX=0x00007fffe690a480, RCX=0x0000000000000000, RDX=0x00007ffffffffff8
RSP=0x00007fff5a939060, RBP=0x00007fff5a9390e0, RSI=0x00007fd4da000800, RDI=0x00007fffe690a480
R8 =0x00000000000001ff, R9 =0x00007fd4d84dfed0, R10=0x0000000000000000, R11=0x00007fd4d95bd800
R12=0x00007fffe690b1c0, R13=0x0000000000000000, R14=0x00007fd4d8449b80, R15=0x0000000000000000
RIP=0x00007fffdd1b5d08, EFLAGS=0x0000000000010206, ERR=0x0000000000000004
  TRAPNO=0x000000000000000e

Top of Stack: (sp=0x00007fff5a939060)
0x00007fff5a939060:   0000000000000000 00007fd4d8745058
0x00007fff5a939070:   ffff802b27b20130 0000000000000d40
0x00007fff5a939080:   00007fffe6854630 0000000000000000
0x00007fff5a939090:   00007fffe690b1c0 00007fd4d8449b80
0x00007fff5a9390a0:   0000000000000000 00007fd4d8746cb8
0x00007fff5a9390b0:   000000000000000f 00007fd4d84dfed0
0x00007fff5a9390c0:   0000000000000000 00007fd4d84dfed0
0x00007fff5a9390d0:   00007fd4d8744ec0 00007fd4d8449b80
0x00007fff5a9390e0:   00007fff5a939120 00007fffc9d32d5f
0x00007fff5a9390f0:   00007fff5a939120 0000000000000000
0x00007fff5a939100:   00007fd4d8449b80 00007fffc6a68006
0x00007fff5a939110:   00007fd4d84dfed0 00007fffdd1b1040
0x00007fff5a939120:   00007fff5a939150 00007fffc61006fb
0x00007fff5a939130:   00007fffdd1b1040 00007fff5a9391d8
0x00007fff5a939140:   00007fffc6aab759 00007fffdd1b1040
0x00007fff5a939150:   00007fff5a939190 00007fffc64cdc73
0x00007fff5a939160:   0000000000000000 0000000000000000
0x00007fff5a939170:   0000000000000094 00007fffc6a8e17f
0x00007fff5a939180:   00007fff5a9391d8 0000000000000001
0x00007fff5a939190:   00007fff5a9391c0 00007fffc5f57d48
0x00007fff5a9391a0:   0000000000000000 00007fd4d8449b80
0x00007fff5a9391b0:   00007fd4d84dfed0 0000000000000000
0x00007fff5a9391c0:   00007fff5a939220 00007fffc6100538
0x00007fff5a9391d0:   0000000000000000 00007fffe699d060
0x00007fff5a9391e0:   00000000c2000000 00007fffc64cdb84
0x00007fff5a9391f0:   00007fffe2a6ccf0 0000000000000000
0x00007fff5a939200:   00007fd4d8449b80 00007fd4d84dfed0
0x00007fff5a939210:   00007fd4d84dfed0 00007fd4d8449b80
0x00007fff5a939220:   00007fff5a939250 0000000112cf7586
0x00007fff5a939230:   00007fd4d84dfed0 0000000112d2bc60
0x00007fff5a939240:   00007fd4d8608290 00007fd4d8608290
0x00007fff5a939250:   00007fff5a9397c0 00007fffc5f7ae7b 

Instructions: (pc=0x00007fffdd1b5d08)
0x00007fffdd1b5ce8:   eb 07 48 8b 45 a0 48 8b 30 48 8b 45 c0 48 39 c6
0x00007fffdd1b5cf8:   74 2a 48 8b 46 20 48 89 c1 48 21 d1 48 8b 49 08
0x00007fffdd1b5d08:   f6 01 01 75 0a 48 8b 06 48 21 d0 48 8b 40 20 48
0x00007fffdd1b5d18:   21 d0 f6 40 03 20 0f 84 f8 fe ff ff 49 c1 e5 06 

Register to memory mapping:

RAX=0x00007fd4da000600 is an unknown value
RBX=0x00007fffe690a480: _ZN12_GLOBAL__N_1L12SideTableBufE+0 in /usr/lib/libobjc.A.dylib at 0x00007fffdd1aa000
RCX=0x0000000000000000 is an unknown value
RDX=0x00007ffffffffff8 is an unknown value
RSP=0x00007fff5a939060 is pointing into the stack for thread: 0x00007fd4d98ea800
RBP=0x00007fff5a9390e0 is pointing into the stack for thread: 0x00007fd4d98ea800
RSI=0x00007fd4da000800 is a thread
RDI=0x00007fffe690a480: _ZN12_GLOBAL__N_1L12SideTableBufE+0 in /usr/lib/libobjc.A.dylib at 0x00007fffdd1aa000
R8 =0x00000000000001ff is an unknown value
R9 =0x00007fd4d84dfed0 is an unknown value
R10=0x0000000000000000 is an unknown value
R11=0x00007fd4d95bd800 is an unknown value
R12=0x00007fffe690b1c0: _ZN12_GLOBAL__N_1L12SideTableBufE+0xd40 in /usr/lib/libobjc.A.dylib at 0x00007fffdd1aa000
R13=0x0000000000000000 is an unknown value
R14=0x00007fd4d8449b80 is an unknown value
R15=0x0000000000000000 is an unknown value


Stack: [0x00007fff5a13f000,0x00007fff5a93f000],  sp=0x00007fff5a939060,  free space=8168k
Native frames: (J=compiled Java code, j=interpreted, Vv=VM code, C=native code)
C  [libobjc.A.dylib+0xbd08]  objc_storeWeak+0x16e
C  [Foundation+0x17d5f]  -[NSConcreteMapTable setObject:forKey:]+0x6a
C  [AppKit+0x3226fb]  -[NSView(NSOpenGLContextAssociation) _setOpenGLContext:]+0x9b
C  [AppKit+0x6efc73]  __27-[NSOpenGLContext setView:]_block_invoke+0xef
C  [AppKit+0x179d48]  NSPerformVisuallyAtomicChange+0x93
C  [AppKit+0x322538]  -[NSOpenGLContext setView:]+0x69
C  [liblwjgl.dylib+0xa586]  -[MacOSXOpenGLView lockFocus]+0x76
C  [AppKit+0x19ce7b]  -[NSView _recursiveDisplayRectIfNeededIgnoringOpacity:isVisibleRect:rectIsVisibleRectForView:topView:]+0x6ee
C  [AppKit+0x19d6d1]  -[NSView _recursiveDisplayRectIfNeededIgnoringOpacity:isVisibleRect:rectIsVisibleRectForView:topView:]+0xf44
C  [AppKit+0x19c2af]  -[NSThemeFrame _recursiveDisplayRectIfNeededIgnoringOpacity:isVisibleRect:rectIsVisibleRectForView:topView:]+0x14e
C  [AppKit+0x19a6d8]  -[NSView _displayRectIgnoringOpacity:isVisibleRect:rectIsVisibleRectForView:]+0x994
C  [AppKit+0x195fca]  -[NSView displayIfNeeded]+0x6d4
C  [AppKit+0x1958db]  -[NSWindow displayIfNeeded]+0xe6
C  [AppKit+0x8f5cb4]  ___NSWindowGetDisplayCycleObserver_block_invoke.6228+0x115
C  [AppKit+0x1953b9]  __37+[NSDisplayCycle currentDisplayCycle]_block_invoke+0x1c6
C  [QuartzCore+0x11da6]  _ZN2CA11Transaction19run_commit_handlersE18CATransactionPhase+0x2e
C  [QuartzCore+0x11b8d8]  _ZN2CA7Context18commit_transactionEPNS_11TransactionE+0xa0
C  [QuartzCore+0x10881]  _ZN2CA11Transaction6commitEv+0x1db
C  [AppKit+0x4788b1]  __37+[NSDisplayCycle currentDisplayCycle]_block_invoke.31+0x143
C  [CoreFoundation+0xa6d37]  __CFRUNLOOP_IS_CALLING_OUT_TO_AN_OBSERVER_CALLBACK_FUNCTION__+0x17
C  [CoreFoundation+0xa6ca7]  __CFRunLoopDoObservers+0x187
C  [CoreFoundation+0x876d9]  __CFRunLoopRun+0x369
C  [CoreFoundation+0x87114]  CFRunLoopRunSpecific+0x1a4
C  [HIToolbox+0x30ebc]  RunCurrentEventLoopInMode+0xf0
C  [HIToolbox+0x30bf9]  ReceiveNextEventCommon+0xb8
C  [HIToolbox+0x30b26]  _BlockUntilNextEventMatchingListInModeWithFilter+0x47
C  [AppKit+0x46a54]  _DPSNextEvent+0x460
C  [AppKit+0x7c27ee]  -[NSApplication(NSEvent) _nextEventMatchingEventMask:untilDate:inMode:dequeue:]+0xaec
C  [libosxapp.dylib+0x23aa]  -[NSApplicationAWT nextEventMatchingMask:untilDate:inMode:dequeue:]+0x7c
C  [AppKit+0x3b3db]  -[NSApplication run]+0x39e
C  [libosxapp.dylib+0x214d]  +[NSApplicationAWT runAWTLoopWithApp:]+0x9c
C  [libawt_lwawt.dylib+0x444b3]  -[AWTStarter starter:]+0x389
C  [Foundation+0x717ba]  __NSThreadPerformPerform+0x146
C  [CoreFoundation+0xa7321]  __CFRUNLOOP_IS_CALLING_OUT_TO_A_SOURCE0_PERFORM_FUNCTION__+0x11
C  [CoreFoundation+0x8821d]  __CFRunLoopDoSources0+0x22d
C  [CoreFoundation+0x87716]  __CFRunLoopRun+0x3a6
C  [CoreFoundation+0x87114]  CFRunLoopRunSpecific+0x1a4
C  [java+0x6465]  CreateExecutionEnvironment+0x367
C  [java+0x218c]  JLI_Launch+0x7a0
C  [java+0x84c2]  main+0x65
C  [java+0x19e4]  start+0x34
C  0x0000000000000006


---------------  P R O C E S S  ---------------

Java Threads: ( => current thread )
  0x00007fd4d8f51800 JavaThread "AWT-Shutdown" [_thread_blocked, id=29755, stack(0x0000700006526000,0x0000700006626000)]
  0x00007fd4d934d000 JavaThread "Java2D Disposer" daemon [_thread_blocked, id=61963, stack(0x0000700006832000,0x0000700006932000)]
  0x00007fd4d8b3d800 JavaThread "Java2D Queue Flusher" daemon [_thread_blocked, id=62215, stack(0x000070000672f000,0x000070000682f000)]
=>0x00007fd4d98ea800 JavaThread "AppKit Thread" daemon [_thread_in_native, id=775, stack(0x00007fff5a13f000,0x00007fff5a93f000)]
  0x00007fd4da046800 JavaThread "Service Thread" daemon [_thread_blocked, id=18691, stack(0x000070000629d000,0x000070000639d000)]
  0x00007fd4da04e800 JavaThread "C1 CompilerThread2" daemon [_thread_blocked, id=18179, stack(0x000070000619a000,0x000070000629a000)]
  0x00007fd4d982a000 JavaThread "C2 CompilerThread1" daemon [_thread_blocked, id=17667, stack(0x0000700006097000,0x0000700006197000)]
  0x00007fd4d9818000 JavaThread "C2 CompilerThread0" daemon [_thread_blocked, id=17155, stack(0x0000700005f94000,0x0000700006094000)]
  0x00007fd4d9000800 JavaThread "Signal Dispatcher" daemon [_thread_blocked, id=16643, stack(0x0000700005e91000,0x0000700005f91000)]
  0x00007fd4d9024000 JavaThread "Finalizer" daemon [_thread_blocked, id=12547, stack(0x0000700005d8e000,0x0000700005e8e000)]
  0x00007fd4d9021000 JavaThread "Reference Handler" daemon [_thread_blocked, id=12035, stack(0x0000700005c8b000,0x0000700005d8b000)]
  0x00007fd4da000800 JavaThread "main" [_thread_in_native, id=7171, stack(0x0000700005679000,0x0000700005779000)]

Other Threads:
  0x00007fd4d9806000 VMThread [stack: 0x0000700005b88000,0x0000700005c88000] [id=11523]
  0x00007fd4d8817000 WatcherThread [stack: 0x00007000063a0000,0x00007000064a0000] [id=19203]

VM state:not at safepoint (normal execution)

VM Mutex/Monitor currently owned by a thread: None

Heap:
 PSYoungGen      total 71680K, used 27421K [0x0000000795580000, 0x000000079d880000, 0x00000007c0000000)
  eden space 59392K, 45% used [0x0000000795580000,0x0000000797007588,0x0000000798f80000)
  from space 12288K, 2% used [0x000000079c080000,0x000000079c0c0000,0x000000079cc80000)
  to   space 12288K, 0% used [0x000000079cc80000,0x000000079cc80000,0x000000079d880000)
 ParOldGen       total 87552K, used 13767K [0x0000000740000000, 0x0000000745580000, 0x0000000795580000)
  object space 87552K, 15% used [0x0000000740000000,0x0000000740d71d98,0x0000000745580000)
 Metaspace       used 11547K, capacity 11877K, committed 12160K, reserved 1060864K
  class space    used 1230K, capacity 1297K, committed 1408K, reserved 1048576K

Card table byte_map: [0x0000000106f5d000,0x000000010735e000] byte_map_base: 0x000000010355d000

Marking Bits: (ParMarkBitMap*) 0x00000001064edd20
 Begin Bits: [0x0000000107609000, 0x0000000109609000)
 End Bits:   [0x0000000109609000, 0x000000010b609000)

Polling page: 0x0000000105381000

CodeCache: size=245760Kb used=5893Kb max_used=5905Kb free=239866Kb
 bounds [0x0000000113108000, 0x00000001136d8000, 0x0000000122108000]
 total_blobs=2219 nmethods=1681 adapters=452
 compilation: enabled

Compilation events (10 events):
Event: 27.428 Thread 0x00007fd4d9818000 1677       4       game.Icecream::render (23 bytes)
Event: 27.428 Thread 0x00007fd4d982a000 1678       4       org.newdawn.slick.geom.ShapeRenderer::fill (43 bytes)
Event: 27.465 Thread 0x00007fd4d982a000 nmethod 1678 0x00000001136c4d90 code [0x00000001136c51a0, 0x00000001136c6cd8]
Event: 27.488 Thread 0x00007fd4d9818000 nmethod 1677 0x00000001136cc550 code [0x00000001136cca60, 0x00000001136cf230]
Event: 27.663 Thread 0x00007fd4d982a000 1679       4       java.nio.HeapByteBuffer::getInt (18 bytes)
Event: 27.665 Thread 0x00007fd4d982a000 nmethod 1679 0x00000001136bcf90 code [0x00000001136bd0e0, 0x00000001136bd258]
Event: 27.672 Thread 0x00007fd4d9818000 1680       4       java.nio.HeapByteBuffer::putInt (20 bytes)
Event: 27.674 Thread 0x00007fd4d9818000 nmethod 1680 0x00000001136c3050 code [0x00000001136c31a0, 0x00000001136c3318]
Event: 27.893 Thread 0x00007fd4d982a000 1681   !   4       org.lwjgl.input.Keyboard::isKeyDown (45 bytes)
Event: 27.895 Thread 0x00007fd4d982a000 nmethod 1681 0x00000001136c2a50 code [0x00000001136c2bc0, 0x00000001136c2e78]

GC Heap History (10 events):
Event: 11.311 GC heap before
{Heap before GC invocations=5 (full 0):
 PSYoungGen      total 71680K, used 69920K [0x0000000795580000, 0x000000079a080000, 0x00000007c0000000)
  eden space 66560K, 100% used [0x0000000795580000,0x0000000799680000,0x0000000799680000)
  from space 5120K, 65% used [0x0000000799b80000,0x0000000799ec8010,0x000000079a080000)
  to   space 5120K, 0% used [0x0000000799680000,0x0000000799680000,0x0000000799b80000)
 ParOldGen       total 87552K, used 10517K [0x0000000740000000, 0x0000000745580000, 0x0000000795580000)
  object space 87552K, 12% used [0x0000000740000000,0x0000000740a457c0,0x0000000745580000)
 Metaspace       used 11520K, capacity 11813K, committed 12160K, reserved 1060864K
  class space    used 1229K, capacity 1297K, committed 1408K, reserved 1048576K
Event: 11.316 GC heap after
Heap after GC invocations=5 (full 0):
 PSYoungGen      total 71680K, used 3296K [0x0000000795580000, 0x000000079ee80000, 0x00000007c0000000)
  eden space 66560K, 0% used [0x0000000795580000,0x0000000795580000,0x0000000799680000)
  from space 5120K, 64% used [0x0000000799680000,0x00000007999b8010,0x0000000799b80000)
  to   space 11776K, 0% used [0x000000079e300000,0x000000079e300000,0x000000079ee80000)
 ParOldGen       total 87552K, used 10525K [0x0000000740000000, 0x0000000745580000, 0x0000000795580000)
  object space 87552K, 12% used [0x0000000740000000,0x0000000740a477c0,0x0000000745580000)
 Metaspace       used 11520K, capacity 11813K, committed 12160K, reserved 1060864K
  class space    used 1229K, capacity 1297K, committed 1408K, reserved 1048576K
}
Event: 15.909 GC heap before
{Heap before GC invocations=6 (full 0):
 PSYoungGen      total 71680K, used 69856K [0x0000000795580000, 0x000000079ee80000, 0x00000007c0000000)
  eden space 66560K, 100% used [0x0000000795580000,0x0000000799680000,0x0000000799680000)
  from space 5120K, 64% used [0x0000000799680000,0x00000007999b8010,0x0000000799b80000)
  to   space 11776K, 0% used [0x000000079e300000,0x000000079e300000,0x000000079ee80000)
 ParOldGen       total 87552K, used 10525K [0x0000000740000000, 0x0000000745580000, 0x0000000795580000)
  object space 87552K, 12% used [0x0000000740000000,0x0000000740a477c0,0x0000000745580000)
 Metaspace       used 11533K, capacity 11877K, committed 12160K, reserved 1060864K
  class space    used 1230K, capacity 1297K, committed 1408K, reserved 1048576K
Event: 15.915 GC heap after
Heap after GC invocations=6 (full 0):
 PSYoungGen      total 68096K, used 3328K [0x0000000795580000, 0x000000079e680000, 0x00000007c0000000)
  eden space 64512K, 0% used [0x0000000795580000,0x0000000795580000,0x0000000799480000)
  from space 3584K, 92% used [0x000000079e300000,0x000000079e640010,0x000000079e680000)
  to   space 11776K, 0% used [0x000000079cf80000,0x000000079cf80000,0x000000079db00000)
 ParOldGen       total 87552K, used 10533K [0x0000000740000000, 0x0000000745580000, 0x0000000795580000)
  object space 87552K, 12% used [0x0000000740000000,0x0000000740a497c0,0x0000000745580000)
 Metaspace       used 11533K, capacity 11877K, committed 12160K, reserved 1060864K
  class space    used 1230K, capacity 1297K, committed 1408K, reserved 1048576K
}
Event: 19.945 GC heap before
{Heap before GC invocations=7 (full 0):
 PSYoungGen      total 68096K, used 67840K [0x0000000795580000, 0x000000079e680000, 0x00000007c0000000)
  eden space 64512K, 100% used [0x0000000795580000,0x0000000799480000,0x0000000799480000)
  from space 3584K, 92% used [0x000000079e300000,0x000000079e640010,0x000000079e680000)
  to   space 11776K, 0% used [0x000000079cf80000,0x000000079cf80000,0x000000079db00000)
 ParOldGen       total 87552K, used 10533K [0x0000000740000000, 0x0000000745580000, 0x0000000795580000)
  object space 87552K, 12% used [0x0000000740000000,0x0000000740a497c0,0x0000000745580000)
 Metaspace       used 11535K, capacity 11877K, committed 12160K, reserved 1060864K
  class space    used 1230K, capacity 1297K, committed 1408K, reserved 1048576K
Event: 19.949 GC heap after
Heap after GC invocations=7 (full 0):
 PSYoungGen      total 62976K, used 512K [0x0000000795580000, 0x000000079e380000, 0x00000007c0000000)
  eden space 62464K, 0% used [0x0000000795580000,0x0000000795580000,0x0000000799280000)
  from space 512K, 100% used [0x000000079cf80000,0x000000079d000000,0x000000079d000000)
  to   space 11776K, 0% used [0x000000079d800000,0x000000079d800000,0x000000079e380000)
 ParOldGen       total 87552K, used 13431K [0x0000000740000000, 0x0000000745580000, 0x0000000795580000)
  object space 87552K, 15% used [0x0000000740000000,0x0000000740d1dd88,0x0000000745580000)
 Metaspace       used 11535K, capacity 11877K, committed 12160K, reserved 1060864K
  class space    used 1230K, capacity 1297K, committed 1408K, reserved 1048576K
}
Event: 23.676 GC heap before
{Heap before GC invocations=8 (full 0):
 PSYoungGen      total 62976K, used 62976K [0x0000000795580000, 0x000000079e380000, 0x00000007c0000000)
  eden space 62464K, 100% used [0x0000000795580000,0x0000000799280000,0x0000000799280000)
  from space 512K, 100% used [0x000000079cf80000,0x000000079d000000,0x000000079d000000)
  to   space 11776K, 0% used [0x000000079d800000,0x000000079d800000,0x000000079e380000)
 ParOldGen       total 87552K, used 13431K [0x0000000740000000, 0x0000000745580000, 0x0000000795580000)
  object space 87552K, 15% used [0x0000000740000000,0x0000000740d1dd88,0x0000000745580000)
 Metaspace       used 11535K, capacity 11877K, committed 12160K, reserved 1060864K
  class space    used 1230K, capacity 1297K, committed 1408K, reserved 1048576K
Event: 23.678 GC heap after
Heap after GC invocations=8 (full 0):
 PSYoungGen      total 61440K, used 256K [0x0000000795580000, 0x000000079d880000, 0x00000007c0000000)
  eden space 60928K, 0% used [0x0000000795580000,0x0000000795580000,0x0000000799100000)
  from space 512K, 50% used [0x000000079d800000,0x000000079d840000,0x000000079d880000)
  to   space 12288K, 0% used [0x000000079c080000,0x000000079c080000,0x000000079cc80000)
 ParOldGen       total 87552K, used 13703K [0x0000000740000000, 0x0000000745580000, 0x0000000795580000)
  object space 87552K, 15% used [0x0000000740000000,0x0000000740d61d98,0x0000000745580000)
 Metaspace       used 11535K, capacity 11877K, committed 12160K, reserved 1060864K
  class space    used 1230K, capacity 1297K, committed 1408K, reserved 1048576K
}
Event: 27.210 GC heap before
{Heap before GC invocations=9 (full 0):
 PSYoungGen      total 61440K, used 61184K [0x0000000795580000, 0x000000079d880000, 0x00000007c0000000)
  eden space 60928K, 100% used [0x0000000795580000,0x0000000799100000,0x0000000799100000)
  from space 512K, 50% used [0x000000079d800000,0x000000079d840000,0x000000079d880000)
  to   space 12288K, 0% used [0x000000079c080000,0x000000079c080000,0x000000079cc80000)
 ParOldGen       total 87552K, used 13703K [0x0000000740000000, 0x0000000745580000, 0x0000000795580000)
  object space 87552K, 15% used [0x0000000740000000,0x0000000740d61d98,0x0000000745580000)
 Metaspace       used 11539K, capacity 11877K, committed 12160K, reserved 1060864K
  class space    used 1230K, capacity 1297K, committed 1408K, reserved 1048576K
Event: 27.210 GC heap after
Heap after GC invocations=9 (full 0):
 PSYoungGen      total 71680K, used 256K [0x0000000795580000, 0x000000079d880000, 0x00000007c0000000)
  eden space 59392K, 0% used [0x0000000795580000,0x0000000795580000,0x0000000798f80000)
  from space 12288K, 2% used [0x000000079c080000,0x000000079c0c0000,0x000000079cc80000)
  to   space 12288K, 0% used [0x000000079cc80000,0x000000079cc80000,0x000000079d880000)
 ParOldGen       total 87552K, used 13767K [0x0000000740000000, 0x0000000745580000, 0x0000000795580000)
  object space 87552K, 15% used [0x0000000740000000,0x0000000740d71d98,0x0000000745580000)
 Metaspace       used 11539K, capacity 11877K, committed 12160K, reserved 1060864K
  class space    used 1230K, capacity 1297K, committed 1408K, reserved 1048576K
}

Deoptimization events (10 events):
Event: 3.098 Thread 0x00007fd4da000800 Uncommon trap: reason=class_check action=maybe_recompile pc=0x000000011338baf8 method=java.util.HashMap.putVal(ILjava/lang/Object;Ljava/lang/Object;ZZ)Ljava/lang/Object; @ 91
Event: 3.713 Thread 0x00007fd4da000800 Uncommon trap: reason=unstable_if action=reinterpret pc=0x00000001133a71a8 method=java.util.HashMap.getNode(ILjava/lang/Object;)Ljava/util/HashMap$Node; @ 62
Event: 3.713 Thread 0x00007fd4da000800 Uncommon trap: reason=bimorphic action=maybe_recompile pc=0x00000001134f1df8 method=java.util.HashMap.putVal(ILjava/lang/Object;Ljava/lang/Object;ZZ)Ljava/lang/Object; @ 91
Event: 3.713 Thread 0x00007fd4da000800 Uncommon trap: reason=bimorphic action=maybe_recompile pc=0x00000001134f1df8 method=java.util.HashMap.putVal(ILjava/lang/Object;Ljava/lang/Object;ZZ)Ljava/lang/Object; @ 91
Event: 3.714 Thread 0x00007fd4da000800 Uncommon trap: reason=bimorphic action=maybe_recompile pc=0x00000001134f1df8 method=java.util.HashMap.putVal(ILjava/lang/Object;Ljava/lang/Object;ZZ)Ljava/lang/Object; @ 91
Event: 3.714 Thread 0x00007fd4da000800 Uncommon trap: reason=bimorphic action=maybe_recompile pc=0x00000001134f1df8 method=java.util.HashMap.putVal(ILjava/lang/Object;Ljava/lang/Object;ZZ)Ljava/lang/Object; @ 91
Event: 21.609 Thread 0x00007fd4da000800 Uncommon trap: reason=unstable_if action=reinterpret pc=0x00000001136375cc method=game.BackgroundTile.update(Lgame/Camera;)Z @ 18
Event: 21.609 Thread 0x00007fd4da000800 Uncommon trap: reason=unstable_if action=reinterpret pc=0x000000011359dee8 method=game.BackgroundTile.update(Lgame/Camera;)Z @ 18
Event: 26.295 Thread 0x00007fd4da000800 Uncommon trap: reason=unstable_if action=reinterpret pc=0x000000011367e898 method=org.newdawn.slick.geom.NeatTriangulator.basicTriangulation()V @ 35
Event: 26.295 Thread 0x00007fd4da000800 Uncommon trap: reason=unstable_if action=reinterpret pc=0x0000000113654af0 method=org.newdawn.slick.geom.NeatTriangulator.snip(IIII)Z @ 104

Internal exceptions (10 events):
Event: 0.208 Thread 0x00007fd4da000800 Exception <a 'java/lang/ClassNotFoundException': org/apache/log4j/ConsoleAppenderCustomizer> (0x0000000795a1a818) thrown at [/HUDSON3/workspace/8-2-build-macosx-x86_64/jdk8u101/7261/hotspot/src/share/vm/classfile/systemDictionary.cpp, line 210]
Event: 0.215 Thread 0x00007fd4da000800 Exception <a 'java/lang/ClassNotFoundException': org/apache/log4j/PatternLayoutBeanInfo> (0x0000000795a48630) thrown at [/HUDSON3/workspace/8-2-build-macosx-x86_64/jdk8u101/7261/hotspot/src/share/vm/classfile/systemDictionary.cpp, line 210]
Event: 0.215 Thread 0x00007fd4da000800 Exception <a 'java/lang/ClassNotFoundException': org/apache/log4j/PatternLayoutCustomizer> (0x0000000795a4eb10) thrown at [/HUDSON3/workspace/8-2-build-macosx-x86_64/jdk8u101/7261/hotspot/src/share/vm/classfile/systemDictionary.cpp, line 210]
Event: 0.217 Thread 0x00007fd4da000800 Exception <a 'java/lang/ClassNotFoundException': org/apache/log4j/FileAppenderBeanInfo> (0x0000000795a5bc48) thrown at [/HUDSON3/workspace/8-2-build-macosx-x86_64/jdk8u101/7261/hotspot/src/share/vm/classfile/systemDictionary.cpp, line 210]
Event: 0.218 Thread 0x00007fd4da000800 Exception <a 'java/lang/ClassNotFoundException': org/apache/log4j/FileAppenderCustomizer> (0x0000000795a61fd0) thrown at [/HUDSON3/workspace/8-2-build-macosx-x86_64/jdk8u101/7261/hotspot/src/share/vm/classfile/systemDictionary.cpp, line 210]
Event: 0.292 Thread 0x00007fd4da000800 Exception <a 'java/lang/NoSuchFieldError': method resolution failed> (0x0000000795bf74c0) thrown at [/HUDSON3/workspace/8-2-build-macosx-x86_64/jdk8u101/7261/hotspot/src/share/vm/prims/methodHandles.cpp, line 1146]
Event: 0.293 Thread 0x00007fd4da000800 Exception <a 'java/lang/NoSuchFieldError': method resolution failed> (0x0000000795c04bb0) thrown at [/HUDSON3/workspace/8-2-build-macosx-x86_64/jdk8u101/7261/hotspot/src/share/vm/prims/methodHandles.cpp, line 1146]
Event: 0.480 Thread 0x00007fd4da000800 Exception <a 'java/io/FileNotFoundException'> (0x0000000795c7f738) thrown at [/HUDSON3/workspace/8-2-build-macosx-x86_64/jdk8u101/7261/hotspot/src/share/vm/prims/jni.cpp, line 709]
Event: 0.480 Thread 0x00007fd4da000800 Exception <a 'java/io/FileNotFoundException'> (0x0000000795c802d8) thrown at [/HUDSON3/workspace/8-2-build-macosx-x86_64/jdk8u101/7261/hotspot/src/share/vm/prims/jni.cpp, line 709]
Event: 0.510 Thread 0x00007fd4da000800 Exception <a 'java/io/FileNotFoundException'> (0x0000000795dc4cc0) thrown at [/HUDSON3/workspace/8-2-build-macosx-x86_64/jdk8u101/7261/hotspot/src/share/vm/prims/jni.cpp, line 709]

Events (10 events):
Event: 26.378 Thread 0x00007fd4da000800 DEOPT PACKING pc=0x00000001136bc2cd sp=0x0000700005778110
Event: 26.378 Thread 0x00007fd4da000800 DEOPT UNPACKING pc=0x000000011314f633 sp=0x0000700005777e88 mode 0
Event: 26.395 Thread 0x00007fd4da000800 DEOPT PACKING pc=0x00000001136bc2cd sp=0x0000700005778110
Event: 26.395 Thread 0x00007fd4da000800 DEOPT UNPACKING pc=0x000000011314f633 sp=0x0000700005777e88 mode 0
Event: 26.411 Thread 0x00007fd4da000800 DEOPT PACKING pc=0x00000001136bc2cd sp=0x0000700005778110
Event: 26.411 Thread 0x00007fd4da000800 DEOPT UNPACKING pc=0x000000011314f633 sp=0x0000700005777e88 mode 0
Event: 27.210 Executing VM operation: ParallelGCFailedAllocation
Event: 27.211 Executing VM operation: ParallelGCFailedAllocation done
Event: 28.778 loading class org/lwjgl/opengl/CallbackUtil
Event: 28.778 loading class org/lwjgl/opengl/CallbackUtil done


Dynamic libraries:
0x0000000052f2d000 	/System/Library/Frameworks/Cocoa.framework/Versions/A/Cocoa
0x0000000052f2d000 	/System/Library/Frameworks/Security.framework/Versions/A/Security
0x0000000052f2d000 	/System/Library/Frameworks/ApplicationServices.framework/Versions/A/ApplicationServices
0x0000000052f2d000 	/usr/lib/libz.1.dylib
0x0000000052f2d000 	/usr/lib/libSystem.B.dylib
0x0000000052f2d000 	/usr/lib/libobjc.A.dylib
0x0000000052f2d000 	/System/Library/Frameworks/CoreFoundation.framework/Versions/A/CoreFoundation
0x0000000052f2d000 	/System/Library/Frameworks/Foundation.framework/Versions/C/Foundation
0x0000000052f2d000 	/System/Library/Frameworks/AppKit.framework/Versions/C/AppKit
0x0000000052f2d000 	/System/Library/Frameworks/CoreData.framework/Versions/A/CoreData
0x0000000052f2d000 	/System/Library/PrivateFrameworks/RemoteViewServices.framework/Versions/A/RemoteViewServices
0x0000000052f2d000 	/System/Library/PrivateFrameworks/UIFoundation.framework/Versions/A/UIFoundation
0x0000000052f2d000 	/System/Library/PrivateFrameworks/DFRFoundation.framework/Versions/A/DFRFoundation
0x0000000052f2d000 	/usr/lib/libenergytrace.dylib
0x0000000052f2d000 	/System/Library/PrivateFrameworks/SkyLight.framework/Versions/A/SkyLight
0x0000000052f2d000 	/System/Library/Frameworks/CoreGraphics.framework/Versions/A/CoreGraphics
0x0000000052f2d000 	/usr/lib/libScreenReader.dylib
0x0000000052f2d000 	/System/Library/Frameworks/Accelerate.framework/Versions/A/Accelerate
0x0000000052f2d000 	/System/Library/Frameworks/IOSurface.framework/Versions/A/IOSurface
0x0000000052f2d000 	/System/Library/Frameworks/AudioToolbox.framework/Versions/A/AudioToolbox
0x0000000052f2d000 	/System/Library/Frameworks/AudioUnit.framework/Versions/A/AudioUnit
0x0000000052f2d000 	/System/Library/PrivateFrameworks/DataDetectorsCore.framework/Versions/A/DataDetectorsCore
0x0000000052f2d000 	/System/Library/PrivateFrameworks/DesktopServicesPriv.framework/Versions/A/DesktopServicesPriv
0x0000000052f2d000 	/System/Library/Frameworks/Carbon.framework/Versions/A/Frameworks/HIToolbox.framework/Versions/A/HIToolbox
0x0000000052f2d000 	/usr/lib/libicucore.A.dylib
0x0000000052f2d000 	/System/Library/Frameworks/QuartzCore.framework/Versions/A/QuartzCore
0x0000000052f2d000 	/System/Library/Frameworks/Carbon.framework/Versions/A/Frameworks/SpeechRecognition.framework/Versions/A/SpeechRecognition
0x0000000052f2d000 	/usr/lib/libauto.dylib
0x0000000052f2d000 	/usr/lib/libxml2.2.dylib
0x0000000052f2d000 	/System/Library/PrivateFrameworks/CoreUI.framework/Versions/A/CoreUI
0x0000000052f2d000 	/System/Library/Frameworks/CoreAudio.framework/Versions/A/CoreAudio
0x0000000052f2d000 	/System/Library/Frameworks/DiskArbitration.framework/Versions/A/DiskArbitration
0x0000000052f2d000 	/usr/lib/liblangid.dylib
0x0000000052f2d000 	/System/Library/PrivateFrameworks/MultitouchSupport.framework/Versions/A/MultitouchSupport
0x0000000052f2d000 	/System/Library/Frameworks/IOKit.framework/Versions/A/IOKit
0x0000000052f2d000 	/usr/lib/libDiagnosticMessagesClient.dylib
0x0000000052f2d000 	/System/Library/Frameworks/CoreServices.framework/Versions/A/CoreServices
0x0000000052f2d000 	/System/Library/PrivateFrameworks/PerformanceAnalysis.framework/Versions/A/PerformanceAnalysis
0x0000000052f2d000 	/System/Library/PrivateFrameworks/GenerationalStorage.framework/Versions/A/GenerationalStorage
0x0000000052f2d000 	/System/Library/Frameworks/OpenGL.framework/Versions/A/OpenGL
0x0000000052f2d000 	/System/Library/Frameworks/CoreImage.framework/Versions/A/CoreImage
0x0000000052f2d000 	/System/Library/Frameworks/CoreText.framework/Versions/A/CoreText
0x0000000052f2d000 	/System/Library/Frameworks/ImageIO.framework/Versions/A/ImageIO
0x0000000052f2d000 	/System/Library/PrivateFrameworks/Backup.framework/Versions/A/Backup
0x0000000052f2d000 	/usr/lib/libarchive.2.dylib
0x0000000052f2d000 	/System/Library/Frameworks/CFNetwork.framework/Versions/A/CFNetwork
0x0000000052f2d000 	/System/Library/Frameworks/SystemConfiguration.framework/Versions/A/SystemConfiguration
0x0000000052f2d000 	/usr/lib/libCRFSuite.dylib
0x0000000052f2d000 	/usr/lib/libc++.1.dylib
0x0000000052f2d000 	/usr/lib/libc++abi.dylib
0x0000000052f2d000 	/usr/lib/system/libcache.dylib
0x0000000052f2d000 	/usr/lib/system/libcommonCrypto.dylib
0x0000000052f2d000 	/usr/lib/system/libcompiler_rt.dylib
0x0000000052f2d000 	/usr/lib/system/libcopyfile.dylib
0x0000000052f2d000 	/usr/lib/system/libcorecrypto.dylib
0x0000000052f2d000 	/usr/lib/system/libdispatch.dylib
0x0000000052f2d000 	/usr/lib/system/libdyld.dylib
0x0000000052f2d000 	/usr/lib/system/libkeymgr.dylib
0x0000000052f2d000 	/usr/lib/system/liblaunch.dylib
0x0000000052f2d000 	/usr/lib/system/libmacho.dylib
0x0000000052f2d000 	/usr/lib/system/libquarantine.dylib
0x0000000052f2d000 	/usr/lib/system/libremovefile.dylib
0x0000000052f2d000 	/usr/lib/system/libsystem_asl.dylib
0x0000000052f2d000 	/usr/lib/system/libsystem_blocks.dylib
0x0000000052f2d000 	/usr/lib/system/libsystem_c.dylib
0x0000000052f2d000 	/usr/lib/system/libsystem_configuration.dylib
0x0000000052f2d000 	/usr/lib/system/libsystem_coreservices.dylib
0x0000000052f2d000 	/usr/lib/system/libsystem_coretls.dylib
0x0000000052f2d000 	/usr/lib/system/libsystem_dnssd.dylib
0x0000000052f2d000 	/usr/lib/system/libsystem_info.dylib
0x0000000052f2d000 	/usr/lib/system/libsystem_kernel.dylib
0x0000000052f2d000 	/usr/lib/system/libsystem_m.dylib
0x0000000052f2d000 	/usr/lib/system/libsystem_malloc.dylib
0x0000000052f2d000 	/usr/lib/system/libsystem_network.dylib
0x0000000052f2d000 	/usr/lib/system/libsystem_networkextension.dylib
0x0000000052f2d000 	/usr/lib/system/libsystem_notify.dylib
0x0000000052f2d000 	/usr/lib/system/libsystem_platform.dylib
0x0000000052f2d000 	/usr/lib/system/libsystem_pthread.dylib
0x0000000052f2d000 	/usr/lib/system/libsystem_sandbox.dylib
0x0000000052f2d000 	/usr/lib/system/libsystem_secinit.dylib
0x0000000052f2d000 	/usr/lib/system/libsystem_symptoms.dylib
0x0000000052f2d000 	/usr/lib/system/libsystem_trace.dylib
0x0000000052f2d000 	/usr/lib/system/libunwind.dylib
0x0000000052f2d000 	/usr/lib/system/libxpc.dylib
0x0000000052f2d000 	/usr/lib/libbsm.0.dylib
0x0000000052f2d000 	/usr/lib/system/libkxld.dylib
0x0000000052f2d000 	/usr/lib/libcoretls.dylib
0x0000000052f2d000 	/usr/lib/libcoretls_cfhelpers.dylib
0x0000000052f2d000 	/usr/lib/libOpenScriptingUtil.dylib
0x0000000052f2d000 	/usr/lib/libpam.2.dylib
0x0000000052f2d000 	/usr/lib/libsqlite3.dylib
0x0000000052f2d000 	/usr/lib/libxar.1.dylib
0x0000000052f2d000 	/usr/lib/libbz2.1.0.dylib
0x0000000052f2d000 	/usr/lib/liblzma.5.dylib
0x0000000052f2d000 	/usr/lib/libnetwork.dylib
0x0000000052f2d000 	/usr/lib/libpcap.A.dylib
0x0000000052f2d000 	/System/Library/Frameworks/CoreServices.framework/Versions/A/Frameworks/FSEvents.framework/Versions/A/FSEvents
0x0000000052f2d000 	/System/Library/Frameworks/CoreServices.framework/Versions/A/Frameworks/CarbonCore.framework/Versions/A/CarbonCore
0x0000000052f2d000 	/System/Library/Frameworks/CoreServices.framework/Versions/A/Frameworks/Metadata.framework/Versions/A/Metadata
0x0000000052f2d000 	/System/Library/Frameworks/CoreServices.framework/Versions/A/Frameworks/OSServices.framework/Versions/A/OSServices
0x0000000052f2d000 	/System/Library/Frameworks/CoreServices.framework/Versions/A/Frameworks/SearchKit.framework/Versions/A/SearchKit
0x0000000052f2d000 	/System/Library/Frameworks/CoreServices.framework/Versions/A/Frameworks/AE.framework/Versions/A/AE
0x0000000052f2d000 	/System/Library/Frameworks/CoreServices.framework/Versions/A/Frameworks/LaunchServices.framework/Versions/A/LaunchServices
0x0000000052f2d000 	/System/Library/Frameworks/CoreServices.framework/Versions/A/Frameworks/DictionaryServices.framework/Versions/A/DictionaryServices
0x0000000052f2d000 	/System/Library/Frameworks/CoreServices.framework/Versions/A/Frameworks/SharedFileList.framework/Versions/A/SharedFileList
0x0000000052f2d000 	/System/Library/Frameworks/NetFS.framework/Versions/A/NetFS
0x0000000052f2d000 	/System/Library/PrivateFrameworks/NetAuth.framework/Versions/A/NetAuth
0x0000000052f2d000 	/System/Library/PrivateFrameworks/login.framework/Versions/A/Frameworks/loginsupport.framework/Versions/A/loginsupport
0x0000000052f2d000 	/System/Library/PrivateFrameworks/TCC.framework/Versions/A/TCC
0x0000000052f2d000 	/usr/lib/libmecabra.dylib
0x0000000052f2d000 	/System/Library/Frameworks/ApplicationServices.framework/Versions/A/Frameworks/ATS.framework/Versions/A/ATS
0x0000000052f2d000 	/System/Library/Frameworks/ApplicationServices.framework/Versions/A/Frameworks/ColorSync.framework/Versions/A/ColorSync
0x0000000052f2d000 	/System/Library/Frameworks/ApplicationServices.framework/Versions/A/Frameworks/HIServices.framework/Versions/A/HIServices
0x0000000052f2d000 	/System/Library/Frameworks/ApplicationServices.framework/Versions/A/Frameworks/LangAnalysis.framework/Versions/A/LangAnalysis
0x0000000052f2d000 	/System/Library/Frameworks/ApplicationServices.framework/Versions/A/Frameworks/PrintCore.framework/Versions/A/PrintCore
0x0000000052f2d000 	/System/Library/Frameworks/ApplicationServices.framework/Versions/A/Frameworks/QD.framework/Versions/A/QD
0x0000000052f2d000 	/System/Library/Frameworks/ApplicationServices.framework/Versions/A/Frameworks/SpeechSynthesis.framework/Versions/A/SpeechSynthesis
0x0000000052f2d000 	/System/Library/Frameworks/Accelerate.framework/Versions/A/Frameworks/vImage.framework/Versions/A/vImage
0x0000000052f2d000 	/System/Library/Frameworks/Accelerate.framework/Versions/A/Frameworks/vecLib.framework/Versions/A/vecLib
0x0000000052f2d000 	/System/Library/Frameworks/Accelerate.framework/Versions/A/Frameworks/vecLib.framework/Versions/A/libvDSP.dylib
0x0000000052f2d000 	/System/Library/Frameworks/Accelerate.framework/Versions/A/Frameworks/vecLib.framework/Versions/A/libBNNS.dylib
0x0000000052f2d000 	/System/Library/Frameworks/Accelerate.framework/Versions/A/Frameworks/vecLib.framework/Versions/A/libQuadrature.dylib
0x0000000052f2d000 	/System/Library/Frameworks/Accelerate.framework/Versions/A/Frameworks/vecLib.framework/Versions/A/libvMisc.dylib
0x0000000052f2d000 	/System/Library/Frameworks/Accelerate.framework/Versions/A/Frameworks/vecLib.framework/Versions/A/libLAPACK.dylib
0x0000000052f2d000 	/System/Library/Frameworks/Accelerate.framework/Versions/A/Frameworks/vecLib.framework/Versions/A/libBLAS.dylib
0x0000000052f2d000 	/System/Library/Frameworks/Accelerate.framework/Versions/A/Frameworks/vecLib.framework/Versions/A/libLinearAlgebra.dylib
0x0000000052f2d000 	/System/Library/Frameworks/Accelerate.framework/Versions/A/Frameworks/vecLib.framework/Versions/A/libSparseBLAS.dylib
0x0000000052f2d000 	/System/Library/Frameworks/ApplicationServices.framework/Versions/A/Frameworks/ATS.framework/Versions/A/Resources/libFontParser.dylib
0x0000000052f2d000 	/System/Library/Frameworks/ApplicationServices.framework/Versions/A/Frameworks/ATS.framework/Versions/A/Resources/libFontRegistry.dylib
0x0000000052f2d000 	/System/Library/Frameworks/ImageIO.framework/Versions/A/Resources/libJPEG.dylib
0x0000000052f2d000 	/System/Library/Frameworks/ImageIO.framework/Versions/A/Resources/libTIFF.dylib
0x0000000052f2d000 	/System/Library/Frameworks/ImageIO.framework/Versions/A/Resources/libPng.dylib
0x0000000052f2d000 	/System/Library/Frameworks/ImageIO.framework/Versions/A/Resources/libGIF.dylib
0x0000000052f2d000 	/System/Library/Frameworks/ImageIO.framework/Versions/A/Resources/libJP2.dylib
0x0000000052f2d000 	/System/Library/Frameworks/ImageIO.framework/Versions/A/Resources/libRadiance.dylib
0x0000000052f2d000 	/usr/lib/libcompression.dylib
0x0000000052f2d000 	/System/Library/PrivateFrameworks/AppleJPEG.framework/Versions/A/AppleJPEG
0x0000000052f2d000 	/usr/lib/libcups.2.dylib
0x0000000052f2d000 	/System/Library/Frameworks/Kerberos.framework/Versions/A/Kerberos
0x0000000052f2d000 	/System/Library/Frameworks/GSS.framework/Versions/A/GSS
0x0000000052f2d000 	/usr/lib/libresolv.9.dylib
0x0000000052f2d000 	/usr/lib/libiconv.2.dylib
0x0000000052f2d000 	/System/Library/PrivateFrameworks/Heimdal.framework/Versions/A/Heimdal
0x0000000052f2d000 	/usr/lib/libheimdal-asn1.dylib
0x0000000052f2d000 	/System/Library/Frameworks/OpenDirectory.framework/Versions/A/OpenDirectory
0x0000000052f2d000 	/System/Library/PrivateFrameworks/CommonAuth.framework/Versions/A/CommonAuth
0x0000000052f2d000 	/System/Library/Frameworks/OpenDirectory.framework/Versions/A/Frameworks/CFOpenDirectory.framework/Versions/A/CFOpenDirectory
0x0000000052f2d000 	/System/Library/Frameworks/SecurityFoundation.framework/Versions/A/SecurityFoundation
0x0000000052f2d000 	/System/Library/PrivateFrameworks/LanguageModeling.framework/Versions/A/LanguageModeling
0x0000000052f2d000 	/usr/lib/libmarisa.dylib
0x0000000052f2d000 	/usr/lib/libChineseTokenizer.dylib
0x0000000052f2d000 	/usr/lib/libcmph.dylib
0x0000000052f2d000 	/System/Library/PrivateFrameworks/CoreEmoji.framework/Versions/A/CoreEmoji
0x0000000052f2d000 	/System/Library/Frameworks/ServiceManagement.framework/Versions/A/ServiceManagement
0x0000000052f2d000 	/usr/lib/libxslt.1.dylib
0x0000000052f2d000 	/System/Library/Frameworks/Carbon.framework/Versions/A/Frameworks/Ink.framework/Versions/A/Ink
0x0000000052f2d000 	/System/Library/PrivateFrameworks/TextureIO.framework/Versions/A/TextureIO
0x0000000052f2d000 	/System/Library/Frameworks/Metal.framework/Versions/A/Metal
0x0000000052f2d000 	/usr/lib/libate.dylib
0x0000000052f2d000 	/System/Library/PrivateFrameworks/GPUCompiler.framework/libmetal_timestamp.dylib
0x0000000052f2d000 	/System/Library/Frameworks/OpenGL.framework/Versions/A/Libraries/libCoreFSCache.dylib
0x0000000052f2d000 	/System/Library/PrivateFrameworks/IOAccelerator.framework/Versions/A/IOAccelerator
0x0000000052f2d000 	/System/Library/Frameworks/CoreVideo.framework/Versions/A/CoreVideo
0x0000000052f2d000 	/usr/lib/libFosl_dynamic.dylib
0x0000000052f2d000 	/System/Library/PrivateFrameworks/MetalPerformanceShaders.framework/Versions/A/MetalPerformanceShaders
0x0000000052f2d000 	/System/Library/PrivateFrameworks/FaceCore.framework/Versions/A/FaceCore
0x0000000052f2d000 	/System/Library/Frameworks/OpenCL.framework/Versions/A/OpenCL
0x0000000052f2d000 	/System/Library/Frameworks/OpenGL.framework/Versions/A/Libraries/libGLU.dylib
0x0000000052f2d000 	/System/Library/Frameworks/OpenGL.framework/Versions/A/Libraries/libGFXShared.dylib
0x0000000052f2d000 	/System/Library/Frameworks/OpenGL.framework/Versions/A/Libraries/libGL.dylib
0x0000000052f2d000 	/System/Library/Frameworks/OpenGL.framework/Versions/A/Libraries/libGLImage.dylib
0x0000000052f2d000 	/System/Library/Frameworks/OpenGL.framework/Versions/A/Libraries/libCVMSPluginSupport.dylib
0x0000000052f2d000 	/System/Library/Frameworks/OpenGL.framework/Versions/A/Libraries/libCoreVMClient.dylib
0x0000000052f2d000 	/System/Library/PrivateFrameworks/CrashReporterSupport.framework/Versions/A/CrashReporterSupport
0x0000000052f2d000 	/System/Library/PrivateFrameworks/Sharing.framework/Versions/A/Sharing
0x0000000052f2d000 	/System/Library/PrivateFrameworks/IconServices.framework/Versions/A/IconServices
0x0000000052f2d000 	/System/Library/PrivateFrameworks/ProtocolBuffer.framework/Versions/A/ProtocolBuffer
0x0000000052f2d000 	/System/Library/PrivateFrameworks/Apple80211.framework/Versions/A/Apple80211
0x0000000052f2d000 	/System/Library/Frameworks/CoreWLAN.framework/Versions/A/CoreWLAN
0x0000000052f2d000 	/System/Library/PrivateFrameworks/CoreUtils.framework/Versions/A/CoreUtils
0x0000000052f2d000 	/System/Library/Frameworks/IOBluetooth.framework/Versions/A/IOBluetooth
0x0000000052f2d000 	/System/Library/PrivateFrameworks/CoreWiFi.framework/Versions/A/CoreWiFi
0x0000000052f2d000 	/System/Library/Frameworks/CoreBluetooth.framework/Versions/A/CoreBluetooth
0x0000000052f2d000 	/System/Library/Frameworks/CoreDisplay.framework/Versions/A/CoreDisplay
0x0000000052f2d000 	/System/Library/PrivateFrameworks/IOPresentment.framework/Versions/A/IOPresentment
0x0000000052f2d000 	/System/Library/PrivateFrameworks/DSExternalDisplay.framework/Versions/A/DSExternalDisplay
0x0000000052f2d000 	/System/Library/PrivateFrameworks/DebugSymbols.framework/Versions/A/DebugSymbols
0x0000000052f2d000 	/System/Library/PrivateFrameworks/CoreSymbolication.framework/Versions/A/CoreSymbolication
0x0000000052f2d000 	/System/Library/PrivateFrameworks/Symbolication.framework/Versions/A/Symbolication
0x0000000052f2d000 	/System/Library/PrivateFrameworks/AppleFSCompression.framework/Versions/A/AppleFSCompression
0x0000000052f2d000 	/System/Library/PrivateFrameworks/SpeechRecognitionCore.framework/Versions/A/SpeechRecognitionCore
0x0000000052f2d000 	/System/Library/PrivateFrameworks/ChunkingLibrary.framework/Versions/A/ChunkingLibrary
0x0000000105c00000 	/Library/Java/JavaVirtualMachines/jdk1.8.0_101.jdk/Contents/Home/jre/lib/server/libjvm.dylib
0x0000000052f2d000 	/usr/lib/libstdc++.6.dylib
0x000000010533e000 	/Library/Java/JavaVirtualMachines/jdk1.8.0_101.jdk/Contents/Home/jre/lib/libverify.dylib
0x000000010534c000 	/Library/Java/JavaVirtualMachines/jdk1.8.0_101.jdk/Contents/Home/jre/lib/libjava.dylib
0x000000010538b000 	/Library/Java/JavaVirtualMachines/jdk1.8.0_101.jdk/Contents/Home/jre/lib/libzip.dylib
0x00000001053e5000 	/System/Library/Frameworks/JavaVM.framework/Frameworks/JavaRuntimeSupport.framework/JavaRuntimeSupport
0x000000010d4b0000 	/System/Library/Frameworks/JavaVM.framework/Versions/A/Frameworks/JavaNativeFoundation.framework/Versions/A/JavaNativeFoundation
0x000000010d4c5000 	/System/Library/Frameworks/JavaVM.framework/Versions/A/JavaVM
0x0000000052f2d000 	/System/Library/Frameworks/Carbon.framework/Versions/A/Carbon
0x000000010d4d2000 	/System/Library/PrivateFrameworks/JavaLaunching.framework/Versions/A/JavaLaunching
0x0000000052f2d000 	/System/Library/Frameworks/Carbon.framework/Versions/A/Frameworks/CommonPanels.framework/Versions/A/CommonPanels
0x0000000052f2d000 	/System/Library/Frameworks/Carbon.framework/Versions/A/Frameworks/Help.framework/Versions/A/Help
0x0000000052f2d000 	/System/Library/Frameworks/Carbon.framework/Versions/A/Frameworks/ImageCapture.framework/Versions/A/ImageCapture
0x0000000052f2d000 	/System/Library/Frameworks/Carbon.framework/Versions/A/Frameworks/OpenScripting.framework/Versions/A/OpenScripting
0x0000000052f2d000 	/System/Library/Frameworks/Carbon.framework/Versions/A/Frameworks/Print.framework/Versions/A/Print
0x0000000052f2d000 	/System/Library/Frameworks/Carbon.framework/Versions/A/Frameworks/SecurityHI.framework/Versions/A/SecurityHI
0x000000010ee28000 	/Library/Java/JavaVirtualMachines/jdk1.8.0_101.jdk/Contents/Home/jre/lib/libawt.dylib
0x000000010eed0000 	/Library/Java/JavaVirtualMachines/jdk1.8.0_101.jdk/Contents/Home/jre/lib/./libmlib_image.dylib
0x000000010ef9c000 	/Library/Java/JavaVirtualMachines/jdk1.8.0_101.jdk/Contents/Home/jre/lib/libawt_lwawt.dylib
0x000000010f051000 	/Library/Java/JavaVirtualMachines/jdk1.8.0_101.jdk/Contents/Home/jre/lib/./libosxapp.dylib
0x0000000052f2d000 	/System/Library/Frameworks/ExceptionHandling.framework/Versions/A/ExceptionHandling
0x0000000052f2d000 	/System/Library/PrivateFrameworks/CoreServicesInternal.framework/Versions/A/CoreServicesInternal
0x0000000052f2d000 	/System/Library/CoreServices/RawCamera.bundle/Contents/MacOS/RawCamera
0x000000010f7d3000 	/System/Library/Frameworks/Accelerate.framework/Frameworks/vImage.framework/Versions/A/Libraries/libCGInterfaces.dylib
0x0000000052f2d000 	/System/Library/Frameworks/ApplicationServices.framework/Versions/A/Frameworks/ATS.framework/Versions/A/Resources/libTrueTypeScaler.dylib
0x0000000110ee8000 	/System/Library/Frameworks/OpenGL.framework/Resources/GLEngine.bundle/GLEngine
0x0000000052f2d000 	/System/Library/Frameworks/OpenGL.framework/Versions/A/Libraries/libGLProgrammability.dylib
0x00000001110cd000 	/System/Library/Extensions/AppleIntelHD5000GraphicsGLDriver.bundle/Contents/MacOS/AppleIntelHD5000GraphicsGLDriver
0x0000000052f2d000 	/System/Library/PrivateFrameworks/GPUSupport.framework/Versions/A/Libraries/libGPUSupportMercury.dylib
0x000000010fb10000 	/System/Library/Frameworks/OpenGL.framework/Resources//GLRendererFloat.bundle/GLRendererFloat
0x0000000052f2d000 	/System/Library/Frameworks/OpenCL.framework/Versions/A/Libraries/libcldcpuengine.dylib
0x0000000052f2d000 	/usr/lib/libcrypto.0.9.8.dylib
0x0000000052f2d000 	/System/Library/PrivateFrameworks/TrustEvaluationAgent.framework/Versions/A/TrustEvaluationAgent
0x000000011183b000 	/System/Library/Extensions/AppleIntelHD5000GraphicsMTLDriver.bundle/Contents/MacOS/AppleIntelHD5000GraphicsMTLDriver
0x0000000052f2d000 	/System/Library/PrivateFrameworks/FamilyControls.framework/Versions/A/FamilyControls
0x0000000052f2d000 	/System/Library/PrivateFrameworks/CommerceKit.framework/Versions/A/Frameworks/CommerceCore.framework/Versions/A/CommerceCore
0x0000000052f2d000 	/System/Library/PrivateFrameworks/SystemAdministration.framework/Versions/A/SystemAdministration
0x0000000052f2d000 	/System/Library/PrivateFrameworks/AppContainer.framework/Versions/A/AppContainer
0x0000000052f2d000 	/System/Library/PrivateFrameworks/SecCodeWrapper.framework/Versions/A/SecCodeWrapper
0x0000000052f2d000 	/System/Library/Frameworks/DirectoryService.framework/Versions/A/DirectoryService
0x0000000052f2d000 	/System/Library/PrivateFrameworks/DiskImages.framework/Versions/A/DiskImages
0x0000000052f2d000 	/System/Library/PrivateFrameworks/LoginUIKit.framework/Versions/A/Frameworks/LoginUICore.framework/Versions/A/LoginUICore
0x0000000052f2d000 	/usr/lib/libCoreStorage.dylib
0x0000000052f2d000 	/usr/lib/libcsfde.dylib
0x0000000052f2d000 	/usr/lib/libodfde.dylib
0x0000000052f2d000 	/System/Library/Frameworks/DiscRecording.framework/Versions/A/DiscRecording
0x0000000052f2d000 	/usr/lib/libcurl.4.dylib
0x0000000052f2d000 	/System/Library/PrivateFrameworks/MediaKit.framework/Versions/A/MediaKit
0x0000000052f2d000 	/System/Library/PrivateFrameworks/ProtectedCloudStorage.framework/Versions/A/ProtectedCloudStorage
0x0000000052f2d000 	/System/Library/PrivateFrameworks/EFILogin.framework/Versions/A/EFILogin
0x0000000052f2d000 	/usr/lib/libutil.dylib
0x0000000052f2d000 	/System/Library/Frameworks/LDAP.framework/Versions/A/LDAP
0x0000000052f2d000 	/usr/lib/libsasl2.2.dylib
0x0000000052f2d000 	/System/Library/PrivateFrameworks/CoreDaemon.framework/Versions/B/CoreDaemon
0x0000000052f2d000 	/System/Library/PrivateFrameworks/AppleSRP.framework/Versions/A/AppleSRP
0x0000000052f2d000 	/System/Library/PrivateFrameworks/APFS.framework/Versions/A/APFS
0x0000000112c86000 	/Library/Java/JavaVirtualMachines/jdk1.8.0_101.jdk/Contents/Home/jre/lib/libfontmanager.dylib
0x0000000112ced000 	/Users/collindutter/Documents/School/CPE307/slick/liblwjgl.dylib
0x000000010fa45000 	/Library/Java/JavaVirtualMachines/jdk1.8.0_101.jdk/Contents/Home/jre/lib/libjawt.dylib
0x000000010fc05000 	/Users/collindutter/Documents/School/CPE307/slick/libjinput-osx.dylib
0x00000001233b8000 	/System/Library/Extensions/IOHIDFamily.kext/Contents/PlugIns/IOHIDLib.plugin/Contents/MacOS/IOHIDLib
0x00000001243d5000 	/Library/Java/JavaVirtualMachines/jdk1.8.0_101.jdk/Contents/Home/jre/lib/libnet.dylib
0x00000001243ec000 	/Library/Java/JavaVirtualMachines/jdk1.8.0_101.jdk/Contents/Home/jre/lib/libnio.dylib

VM Arguments:
jvm_args: -Djava.library.path=/Users/collindutter/Documents/School/CPE307/slick -Dfile.encoding=UTF-8 
java_command: main.OperationIceCream
java_class_path (initial): /Users/collindutter/Documents/School/CPE307/oic2/target/classes:/Users/collindutter/.p2/pool/plugins/org.junit_4.12.0.v201504281640/junit.jar:/Users/collindutter/.p2/pool/plugins/org.hamcrest.core_1.3.0.v201303031735.jar:/Library/Java/JavaVirtualMachines/jdk1.8.0_101.jdk/Contents/Home/jre/lib/javaws.jar:/Users/collindutter/.m2/repository/org/slick2d/slick2d-basic-game-archetype/1.0.2/slick2d-basic-game-archetype-1.0.2.jar:/Users/collindutter/.m2/repository/org/slick2d/slick2d-core/1.0.2/slick2d-core-1.0.2.jar:/Users/collindutter/.m2/repository/org/lwjgl/lwjgl/lwjgl/2.9.3/lwjgl-2.9.3.jar:/Users/collindutter/.m2/repository/org/lwjgl/lwjgl/lwjgl-platform/2.9.3/lwjgl-platform-2.9.3-natives-windows.jar:/Users/collindutter/.m2/repository/org/lwjgl/lwjgl/lwjgl-platform/2.9.3/lwjgl-platform-2.9.3-natives-linux.jar:/Users/collindutter/.m2/repository/org/lwjgl/lwjgl/lwjgl-platform/2.9.3/lwjgl-platform-2.9.3-natives-osx.jar:/Users/collindutter/.m2/repository/net/java/jinput/jinput/2.0.5/jinput-2.0.5.jar:/Users/collindutter/.m2/repository/net/java/jutils/jutils/1.0.0/jutils-1.0.0.jar:/Users/collindutter/.m2/repository/net/java/jinput/jinput-platform/2.0.5/jinput-platform-2.0.5-natives-linux.jar:/Users/collindutter/.m2/repository/net/java/jinput/jinput-platform/2.0.5/jinput-platform-2.0.5-natives-windows.jar:/Users/collindutter/.m2/repository/net/java/jinput/jinput-platform/2.0.5/jinput-platform-2.0.5-natives-osx.jar:/Users/collindutter/.m2/repository/org/jcraft/jorbis/0.0.17/jorbis-0.0.17.jar:/Users/collindutter/.m2/repository/org/slf4j/slf4j-api/1.7.5/slf4j-api-1.7.5.jar:/Users/collindutter/.m2/repository/org/slf4j/slf4j-log4j12/1.7.5/slf4j-log4j12-1.7.5.jar:/Users/collindutter/.m2/repository/log4j/log4j/1.2.17/log4j-1.2.17.jar
Launcher Type: SUN_STANDARD

Environment Variables:
PATH=/usr/bin:/bin:/usr/sbin:/sbin
SHELL=/usr/local/bin/fish
DISPLAY=/private/tmp/com.apple.launchd.bpsjxd5ZlW/org.macosforge.xquartz:0

Signal Handlers:
SIGSEGV: [libjvm.dylib+0x5af145], sa_mask[0]=11111111011111110111111111111111, sa_flags=SA_ONSTACK|SA_RESTART|SA_SIGINFO
SIGBUS: [libjvm.dylib+0x5af145], sa_mask[0]=11111111011111110111111111111111, sa_flags=SA_RESTART|SA_SIGINFO
SIGFPE: [libjvm.dylib+0x48694c], sa_mask[0]=11111111011111110111111111111111, sa_flags=SA_RESTART|SA_SIGINFO
SIGPIPE: [libjvm.dylib+0x48694c], sa_mask[0]=11111111011111110111111111111111, sa_flags=SA_RESTART|SA_SIGINFO
SIGXFSZ: [libjvm.dylib+0x48694c], sa_mask[0]=11111111011111110111111111111111, sa_flags=SA_RESTART|SA_SIGINFO
SIGILL: [libjvm.dylib+0x48694c], sa_mask[0]=11111111011111110111111111111111, sa_flags=SA_RESTART|SA_SIGINFO
SIGUSR1: SIG_DFL, sa_mask[0]=00000000000000000000000000000000, sa_flags=none
SIGUSR2: [libjvm.dylib+0x48646a], sa_mask[0]=00100000000000000000000000000000, sa_flags=SA_RESTART|SA_SIGINFO
SIGHUP: [libjvm.dylib+0x484a41], sa_mask[0]=11111111011111110111111111111111, sa_flags=SA_RESTART|SA_SIGINFO
SIGINT: [libjvm.dylib+0x484a41], sa_mask[0]=11111111011111110111111111111111, sa_flags=SA_RESTART|SA_SIGINFO
SIGTERM: [libjvm.dylib+0x484a41], sa_mask[0]=11111111011111110111111111111111, sa_flags=SA_RESTART|SA_SIGINFO
SIGQUIT: [libjvm.dylib+0x484a41], sa_mask[0]=11111111011111110111111111111111, sa_flags=SA_RESTART|SA_SIGINFO


---------------  S Y S T E M  ---------------

OS:Bsduname:Darwin 16.6.0 Darwin Kernel Version 16.6.0: Fri Apr 14 16:21:16 PDT 2017; root:xnu-3789.60.24~6/RELEASE_X86_64 x86_64
rlimit: STACK 8192k, CORE 0k, NPROC 709, NOFILE 10240, AS infinity
load average:1.56 1.60 1.63

CPU:total 4 (2 cores per cpu, 2 threads per core) family 6 model 69 stepping 1, cmov, cx8, fxsr, mmx, sse, sse2, sse3, ssse3, sse4.1, sse4.2, popcnt, avx, avx2, aes, clmul, erms, lzcnt, ht, tsc, tscinvbit, bmi1, bmi2

Memory: 4k page, physical 8388608k(32524k free)

/proc/meminfo:


vm_info: Java HotSpot(TM) 64-Bit Server VM (25.101-b13) for bsd-amd64 JRE (1.8.0_101-b13), built on Jun 22 2016 02:42:15 by "java_re" with gcc 4.2.1 (Based on Apple Inc. build 5658) (LLVM build 2336.11.00)

time: Wed May 24 11:04:58 2017
elapsed time: 28 seconds (0d 0h 0m 28s)

