#
# A fatal error has been detected by the Java Runtime Environment:
#
#  SIGSEGV (0xb) at pc=0x00007fffc8826d08, pid=28276, tid=0x0000000000000307
#
# JRE version: Java(TM) SE Runtime Environment (8.0_101-b13) (build 1.8.0_101-b13)
# Java VM: Java HotSpot(TM) 64-Bit Server VM (25.101-b13 mixed mode bsd-amd64 compressed oops)
# Problematic frame:
# C  [libobjc.A.dylib+0xbd08]  objc_storeWeak+0x16e
#
# Failed to write core dump. Core dumps have been disabled. To enable core dumping, try "ulimit -c unlimited" before starting Java again
#
# If you would like to submit a bug report, please visit:
#   http://bugreport.java.com/bugreport/crash.jsp
# The crash happened outside the Java Virtual Machine in native code.
# See problematic frame for where to report the bug.
#

---------------  T H R E A D  ---------------

Current thread (0x00007fe6e58ab000):  JavaThread "AppKit Thread" daemon [_thread_in_native, id=775, stack(0x00007fff50d0d000,0x00007fff5150d000)]

siginfo: si_signo: 11 (SIGSEGV), si_code: 1 (SEGV_MAPERR), si_addr: 0x0000000000000000

Registers:
RAX=0x00007fe6e4808c00, RBX=0x00007fffd1f73480, RCX=0x0000000000000000, RDX=0x00007ffffffffff8
RSP=0x00007fff515070f0, RBP=0x00007fff51507170, RSI=0x00007fe6e4809000, RDI=0x00007fffd1f73480
R8 =0x00000000000001ff, R9 =0x00007fe6e45424a0, R10=0x0000000000000123, R11=0x00007fe6e6533030
R12=0x00007fffd1f73c80, R13=0x0000000000000000, R14=0x00007fe6e47c54a0, R15=0x0000000000000000
RIP=0x00007fffc8826d08, EFLAGS=0x0000000000010206, ERR=0x0000000000000004
  TRAPNO=0x000000000000000e

Top of Stack: (sp=0x00007fff515070f0)
0x00007fff515070f0:   0000000000000000 00007fe6e466bc70
0x00007fff51507100:   ffff80191babdb60 0000000000000800
0x00007fff51507110:   00007fffd1ebd630 0000000000000000
0x00007fff51507120:   00007fffd1f73c80 00007fe6e47c54a0
0x00007fff51507130:   0000000000000000 00007fe6e466bcf0
0x00007fff51507140:   0000000000000000 00007fe6e45424a0
0x00007fff51507150:   0000000000000000 00007fe6e45424a0
0x00007fff51507160:   00007fe6e466bb50 00007fe6e47c54a0
0x00007fff51507170:   00007fff515071b0 00007fffb53b9def
0x00007fff51507180:   00007fff515071b0 0000000000000000
0x00007fff51507190:   00007fe6e47c54a0 00007fffb20f2024
0x00007fff515071a0:   00007fe6e45424a0 00007fffc8822040
0x00007fff515071b0:   00007fff515071e0 00007fffb178aa3f
0x00007fff515071c0:   00007fffc8822040 00007fff51507268
0x00007fff515071d0:   00007fffb2135777 00007fffc8822040
0x00007fff515071e0:   00007fff51507220 00007fffb1b57f5b
0x00007fff515071f0:   0000000000000000 0000000000000000
0x00007fff51507200:   0000000000000094 00007fffb211819d
0x00007fff51507210:   00007fff51507268 0000000000000001
0x00007fff51507220:   00007fff51507250 00007fffb15e2118
0x00007fff51507230:   0000000000000000 00007fe6e47c54a0
0x00007fff51507240:   00007fe6e45424a0 0000000000000000
0x00007fff51507250:   00007fff515072b0 00007fffb178a87c
0x00007fff51507260:   0000000000000000 00007fffd2006060
0x00007fff51507270:   00000000c2000000 00007fffb1b57e6c
0x00007fff51507280:   00007fffce0ddcf0 0000000000000000
0x00007fff51507290:   00007fe6e47c54a0 00007fe6e45424a0
0x00007fff515072a0:   00007fe6e45424a0 00007fe6e47c54a0
0x00007fff515072b0:   00007fff515072e0 000000011c127586
0x00007fff515072c0:   00007fe6e45424a0 000000011c15bc60
0x00007fff515072d0:   00007fe6e4759530 00007fe6e4759530
0x00007fff515072e0:   00007fff51507850 00007fffb160524b 

Instructions: (pc=0x00007fffc8826d08)
0x00007fffc8826ce8:   eb 07 48 8b 45 a0 48 8b 30 48 8b 45 c0 48 39 c6
0x00007fffc8826cf8:   74 2a 48 8b 46 20 48 89 c1 48 21 d1 48 8b 49 08
0x00007fffc8826d08:   f6 01 01 75 0a 48 8b 06 48 21 d0 48 8b 40 20 48
0x00007fffc8826d18:   21 d0 f6 40 03 20 0f 84 f8 fe ff ff 49 c1 e5 06 

Register to memory mapping:

RAX=0x00007fe6e4808c00 is an unknown value
RBX=0x00007fffd1f73480: _ZN12_GLOBAL__N_1L12SideTableBufE+0 in /usr/lib/libobjc.A.dylib at 0x00007fffc881b000
RCX=0x0000000000000000 is an unknown value
RDX=0x00007ffffffffff8 is an unknown value
RSP=0x00007fff515070f0 is pointing into the stack for thread: 0x00007fe6e58ab000
RBP=0x00007fff51507170 is pointing into the stack for thread: 0x00007fe6e58ab000
RSI=0x00007fe6e4809000 is a thread
RDI=0x00007fffd1f73480: _ZN12_GLOBAL__N_1L12SideTableBufE+0 in /usr/lib/libobjc.A.dylib at 0x00007fffc881b000
R8 =0x00000000000001ff is an unknown value
R9 =0x00007fe6e45424a0 is an unknown value
R10=0x0000000000000123 is an unknown value
R11=0x00007fe6e6533030 is an unknown value
R12=0x00007fffd1f73c80: _ZN12_GLOBAL__N_1L12SideTableBufE+0x800 in /usr/lib/libobjc.A.dylib at 0x00007fffc881b000
R13=0x0000000000000000 is an unknown value
R14=0x00007fe6e47c54a0 is an unknown value
R15=0x0000000000000000 is an unknown value


Stack: [0x00007fff50d0d000,0x00007fff5150d000],  sp=0x00007fff515070f0,  free space=8168k
Native frames: (J=compiled Java code, j=interpreted, Vv=VM code, C=native code)
C  [libobjc.A.dylib+0xbd08]  objc_storeWeak+0x16e
C  [Foundation+0x17def]  -[NSConcreteMapTable setObject:forKey:]+0x6a
C  [AppKit+0x322a3f]  -[NSView(NSOpenGLContextAssociation) _setOpenGLContext:]+0x9b
C  [AppKit+0x6eff5b]  __27-[NSOpenGLContext setView:]_block_invoke+0xef
C  [AppKit+0x17a118]  NSPerformVisuallyAtomicChange+0x93
C  [AppKit+0x32287c]  -[NSOpenGLContext setView:]+0x69
C  [liblwjgl.dylib+0xa586]  -[MacOSXOpenGLView lockFocus]+0x76
C  [AppKit+0x19d24b]  -[NSView _recursiveDisplayRectIfNeededIgnoringOpacity:isVisibleRect:rectIsVisibleRectForView:topView:]+0x6ee
C  [AppKit+0x19daa1]  -[NSView _recursiveDisplayRectIfNeededIgnoringOpacity:isVisibleRect:rectIsVisibleRectForView:topView:]+0xf44
C  [AppKit+0x19c67f]  -[NSThemeFrame _recursiveDisplayRectIfNeededIgnoringOpacity:isVisibleRect:rectIsVisibleRectForView:topView:]+0x14e
C  [AppKit+0x19aaa8]  -[NSView _displayRectIgnoringOpacity:isVisibleRect:rectIsVisibleRectForView:]+0x994
C  [AppKit+0x19639a]  -[NSView displayIfNeeded]+0x6d4
C  [AppKit+0x195cab]  -[NSWindow displayIfNeeded]+0xe6
C  [AppKit+0x8f5d24]  ___NSWindowGetDisplayCycleObserver_block_invoke.6228+0x115
C  [AppKit+0x195789]  __37+[NSDisplayCycle currentDisplayCycle]_block_invoke+0x1c6
C  [QuartzCore+0x11dc6]  _ZN2CA11Transaction19run_commit_handlersE18CATransactionPhase+0x2e
C  [QuartzCore+0x11b8f0]  _ZN2CA7Context18commit_transactionEPNS_11TransactionE+0xa0
C  [QuartzCore+0x108a1]  _ZN2CA11Transaction6commitEv+0x1db
C  [AppKit+0x478b99]  __37+[NSDisplayCycle currentDisplayCycle]_block_invoke.31+0x143
C  [CoreFoundation+0xa6dd7]  __CFRUNLOOP_IS_CALLING_OUT_TO_AN_OBSERVER_CALLBACK_FUNCTION__+0x17
C  [CoreFoundation+0xa6d47]  __CFRunLoopDoObservers+0x187
C  [CoreFoundation+0x87789]  __CFRunLoopRun+0x369
C  [CoreFoundation+0x871c4]  CFRunLoopRunSpecific+0x1a4
C  [HIToolbox+0x30ebc]  RunCurrentEventLoopInMode+0xf0
C  [HIToolbox+0x30bf9]  ReceiveNextEventCommon+0xb8
C  [HIToolbox+0x30b26]  _BlockUntilNextEventMatchingListInModeWithFilter+0x47
C  [AppKit+0x46e24]  _DPSNextEvent+0x460
C  [AppKit+0x7c285e]  -[NSApplication(NSEvent) _nextEventMatchingEventMask:untilDate:inMode:dequeue:]+0xaec
C  [libosxapp.dylib+0x23aa]  -[NSApplicationAWT nextEventMatchingMask:untilDate:inMode:dequeue:]+0x7c
C  [AppKit+0x3b7ab]  -[NSApplication run]+0x39e
C  [libosxapp.dylib+0x214d]  +[NSApplicationAWT runAWTLoopWithApp:]+0x9c
C  [libawt_lwawt.dylib+0x444b3]  -[AWTStarter starter:]+0x389
C  [Foundation+0x7184a]  __NSThreadPerformPerform+0x146
C  [CoreFoundation+0xa73c1]  __CFRUNLOOP_IS_CALLING_OUT_TO_A_SOURCE0_PERFORM_FUNCTION__+0x11
C  [CoreFoundation+0x882cd]  __CFRunLoopDoSources0+0x22d
C  [CoreFoundation+0x877c6]  __CFRunLoopRun+0x3a6
C  [CoreFoundation+0x871c4]  CFRunLoopRunSpecific+0x1a4
C  [java+0x6465]  CreateExecutionEnvironment+0x367
C  [java+0x218c]  JLI_Launch+0x7a0
C  [java+0x84c2]  main+0x65
C  [java+0x19e4]  start+0x34
C  0x0000000000000006


---------------  P R O C E S S  ---------------

Java Threads: ( => current thread )
  0x00007fe6e6185000 JavaThread "AWT-Shutdown" [_thread_blocked, id=43015, stack(0x000070000f41a000,0x000070000f51a000)]
  0x00007fe6e62b2800 JavaThread "Java2D Disposer" daemon [_thread_blocked, id=59419, stack(0x000070001075c000,0x000070001085c000)]
  0x00007fe6e4a6d800 JavaThread "Java2D Queue Flusher" daemon [_thread_blocked, id=59151, stack(0x0000700010659000,0x0000700010759000)]
=>0x00007fe6e58ab000 JavaThread "AppKit Thread" daemon [_thread_in_native, id=775, stack(0x00007fff50d0d000,0x00007fff5150d000)]
  0x00007fe6e506b800 JavaThread "Service Thread" daemon [_thread_blocked, id=18691, stack(0x00007000101c7000,0x00007000102c7000)]
  0x00007fe6e4811000 JavaThread "C1 CompilerThread2" daemon [_thread_blocked, id=18179, stack(0x00007000100c4000,0x00007000101c4000)]
  0x00007fe6e5814800 JavaThread "C2 CompilerThread1" daemon [_thread_blocked, id=17667, stack(0x000070000ffc1000,0x00007000100c1000)]
  0x00007fe6e480d800 JavaThread "C2 CompilerThread0" daemon [_thread_blocked, id=17155, stack(0x000070000febe000,0x000070000ffbe000)]
  0x00007fe6e4814800 JavaThread "Signal Dispatcher" daemon [_thread_blocked, id=16643, stack(0x000070000fdbb000,0x000070000febb000)]
  0x00007fe6e6005800 JavaThread "Finalizer" daemon [_thread_blocked, id=12547, stack(0x000070000fcb8000,0x000070000fdb8000)]
  0x00007fe6e505c000 JavaThread "Reference Handler" daemon [_thread_blocked, id=12035, stack(0x000070000fbb5000,0x000070000fcb5000)]
  0x00007fe6e4809000 JavaThread "main" [_thread_in_native, id=7171, stack(0x000070000f5a3000,0x000070000f6a3000)]

Other Threads:
  0x00007fe6e5057000 VMThread [stack: 0x000070000fab2000,0x000070000fbb2000] [id=11523]
  0x00007fe6e4815800 WatcherThread [stack: 0x00007000102ca000,0x00007000103ca000] [id=19203]

VM state:not at safepoint (normal execution)

VM Mutex/Monitor currently owned by a thread: None

Heap:
 PSYoungGen      total 38400K, used 21724K [0x0000000795580000, 0x000000079a080000, 0x00000007c0000000)
  eden space 33280K, 52% used [0x0000000795580000,0x000000079669b2f0,0x0000000797600000)
  from space 5120K, 82% used [0x0000000797b00000,0x0000000797f1c030,0x0000000798000000)
  to   space 5120K, 0% used [0x0000000797600000,0x0000000797600000,0x0000000797b00000)
 ParOldGen       total 87552K, used 7551K [0x0000000740000000, 0x0000000745580000, 0x0000000795580000)
  object space 87552K, 8% used [0x0000000740000000,0x000000074075ff18,0x0000000745580000)
 Metaspace       used 11240K, capacity 11477K, committed 11520K, reserved 1058816K
  class space    used 1195K, capacity 1261K, committed 1280K, reserved 1048576K

Card table byte_map: [0x000000011035d000,0x000000011075e000] byte_map_base: 0x000000010c95d000

Marking Bits: (ParMarkBitMap*) 0x000000010f8edd20
 Begin Bits: [0x0000000110a09000, 0x0000000112a09000)
 End Bits:   [0x0000000112a09000, 0x0000000114a09000)

Polling page: 0x000000010e7b3000

CodeCache: size=245760Kb used=4758Kb max_used=4769Kb free=241001Kb
 bounds [0x000000011ca14000, 0x000000011cec4000, 0x000000012ba14000]
 total_blobs=1867 nmethods=1330 adapters=451
 compilation: enabled

Compilation events (10 events):
Event: 17.800 Thread 0x00007fe6e4811000 1326       3       java.nio.Buffer::clear (20 bytes)
Event: 17.800 Thread 0x00007fe6e4811000 nmethod 1326 0x000000011ceba210 code [0x000000011ceba360, 0x000000011ceba4d0]
Event: 18.624 Thread 0x00007fe6e5814800 1327       4       java.nio.DirectIntBufferU::get (16 bytes)
Event: 18.626 Thread 0x00007fe6e5814800 nmethod 1327 0x000000011ceb9f50 code [0x000000011ceba0a0, 0x000000011ceba158]
Event: 20.629 Thread 0x00007fe6e4811000 1328       3       sun.awt.AWTAutoShutdown::notifyToolkitThreadBusy (8 bytes)
Event: 20.629 Thread 0x00007fe6e4811000 nmethod 1328 0x000000011ceb9a90 code [0x000000011ceb9c00, 0x000000011ceb9dc8]
Event: 20.629 Thread 0x00007fe6e4811000 1329       3       sun.awt.AWTAutoShutdown::notifyToolkitThreadFree (8 bytes)
Event: 20.629 Thread 0x00007fe6e4811000 nmethod 1329 0x000000011cebbbd0 code [0x000000011cebbd40, 0x000000011cebbf08]
Event: 21.764 Thread 0x00007fe6e4811000 1330       3       java.lang.Object::wait (6 bytes)
Event: 21.764 Thread 0x00007fe6e4811000 nmethod 1330 0x000000011cebb7d0 code [0x000000011cebb940, 0x000000011cebbb48]

GC Heap History (4 events):
Event: 3.239 GC heap before
{Heap before GC invocations=1 (full 0):
 PSYoungGen      total 38400K, used 33280K [0x0000000795580000, 0x0000000798000000, 0x00000007c0000000)
  eden space 33280K, 100% used [0x0000000795580000,0x0000000797600000,0x0000000797600000)
  from space 5120K, 0% used [0x0000000797b00000,0x0000000797b00000,0x0000000798000000)
  to   space 5120K, 0% used [0x0000000797600000,0x0000000797600000,0x0000000797b00000)
 ParOldGen       total 87552K, used 0K [0x0000000740000000, 0x0000000745580000, 0x0000000795580000)
  object space 87552K, 0% used [0x0000000740000000,0x0000000740000000,0x0000000745580000)
 Metaspace       used 10719K, capacity 10913K, committed 11264K, reserved 1058816K
  class space    used 1160K, capacity 1215K, committed 1280K, reserved 1048576K
Event: 3.250 GC heap after
Heap after GC invocations=1 (full 0):
 PSYoungGen      total 38400K, used 5088K [0x0000000795580000, 0x0000000798000000, 0x00000007c0000000)
  eden space 33280K, 0% used [0x0000000795580000,0x0000000795580000,0x0000000797600000)
  from space 5120K, 99% used [0x0000000797600000,0x0000000797af8050,0x0000000797b00000)
  to   space 5120K, 0% used [0x0000000797b00000,0x0000000797b00000,0x0000000798000000)
 ParOldGen       total 87552K, used 2423K [0x0000000740000000, 0x0000000745580000, 0x0000000795580000)
  object space 87552K, 2% used [0x0000000740000000,0x000000074025dec8,0x0000000745580000)
 Metaspace       used 10719K, capacity 10913K, committed 11264K, reserved 1058816K
  class space    used 1160K, capacity 1215K, committed 1280K, reserved 1048576K
}
Event: 3.447 GC heap before
{Heap before GC invocations=2 (full 0):
 PSYoungGen      total 38400K, used 38368K [0x0000000795580000, 0x0000000798000000, 0x00000007c0000000)
  eden space 33280K, 100% used [0x0000000795580000,0x0000000797600000,0x0000000797600000)
  from space 5120K, 99% used [0x0000000797600000,0x0000000797af8050,0x0000000797b00000)
  to   space 5120K, 0% used [0x0000000797b00000,0x0000000797b00000,0x0000000798000000)
 ParOldGen       total 87552K, used 2423K [0x0000000740000000, 0x0000000745580000, 0x0000000795580000)
  object space 87552K, 2% used [0x0000000740000000,0x000000074025dec8,0x0000000745580000)
 Metaspace       used 10830K, capacity 11045K, committed 11264K, reserved 1058816K
  class space    used 1160K, capacity 1215K, committed 1280K, reserved 1048576K
Event: 3.452 GC heap after
Heap after GC invocations=2 (full 0):
 PSYoungGen      total 38400K, used 4208K [0x0000000795580000, 0x000000079a080000, 0x00000007c0000000)
  eden space 33280K, 0% used [0x0000000795580000,0x0000000795580000,0x0000000797600000)
  from space 5120K, 82% used [0x0000000797b00000,0x0000000797f1c030,0x0000000798000000)
  to   space 5120K, 0% used [0x0000000797600000,0x0000000797600000,0x0000000797b00000)
 ParOldGen       total 87552K, used 7551K [0x0000000740000000, 0x0000000745580000, 0x0000000795580000)
  object space 87552K, 8% used [0x0000000740000000,0x000000074075ff18,0x0000000745580000)
 Metaspace       used 10830K, capacity 11045K, committed 11264K, reserved 1058816K
  class space    used 1160K, capacity 1215K, committed 1280K, reserved 1048576K
}

Deoptimization events (6 events):
Event: 0.347 Thread 0x00007fe6e4809000 Uncommon trap: reason=unstable_if action=reinterpret pc=0x000000011cb8f22c method=java.lang.String.indexOf([CII[CIII)I @ 134
Event: 0.800 Thread 0x00007fe6e4809000 Uncommon trap: reason=unstable_if action=reinterpret pc=0x000000011cc719c8 method=java.lang.String.indexOf([CII[CIII)I @ 3
Event: 3.132 Thread 0x00007fe6e4809000 Uncommon trap: reason=class_check action=maybe_recompile pc=0x000000011cc91274 method=java.util.HashMap.putVal(ILjava/lang/Object;Ljava/lang/Object;ZZ)Ljava/lang/Object; @ 91
Event: 3.132 Thread 0x00007fe6e4809000 Uncommon trap: reason=class_check action=maybe_recompile pc=0x000000011cc91274 method=java.util.HashMap.putVal(ILjava/lang/Object;Ljava/lang/Object;ZZ)Ljava/lang/Object; @ 91
Event: 3.133 Thread 0x00007fe6e4809000 Uncommon trap: reason=class_check action=maybe_recompile pc=0x000000011cc91274 method=java.util.HashMap.putVal(ILjava/lang/Object;Ljava/lang/Object;ZZ)Ljava/lang/Object; @ 91
Event: 3.133 Thread 0x00007fe6e4809000 Uncommon trap: reason=class_check action=maybe_recompile pc=0x000000011cc91274 method=java.util.HashMap.putVal(ILjava/lang/Object;Ljava/lang/Object;ZZ)Ljava/lang/Object; @ 91

Internal exceptions (10 events):
Event: 0.243 Thread 0x00007fe6e4809000 Exception <a 'java/lang/ClassNotFoundException': org/apache/log4j/ConsoleAppenderCustomizer> (0x0000000795a032f8) thrown at [/HUDSON3/workspace/8-2-build-macosx-x86_64/jdk8u101/7261/hotspot/src/share/vm/classfile/systemDictionary.cpp, line 210]
Event: 0.247 Thread 0x00007fe6e4809000 Exception <a 'java/lang/ClassNotFoundException': org/apache/log4j/PatternLayoutBeanInfo> (0x0000000795a31af8) thrown at [/HUDSON3/workspace/8-2-build-macosx-x86_64/jdk8u101/7261/hotspot/src/share/vm/classfile/systemDictionary.cpp, line 210]
Event: 0.247 Thread 0x00007fe6e4809000 Exception <a 'java/lang/ClassNotFoundException': org/apache/log4j/PatternLayoutCustomizer> (0x0000000795a37c08) thrown at [/HUDSON3/workspace/8-2-build-macosx-x86_64/jdk8u101/7261/hotspot/src/share/vm/classfile/systemDictionary.cpp, line 210]
Event: 0.249 Thread 0x00007fe6e4809000 Exception <a 'java/lang/ClassNotFoundException': org/apache/log4j/FileAppenderBeanInfo> (0x0000000795a449d0) thrown at [/HUDSON3/workspace/8-2-build-macosx-x86_64/jdk8u101/7261/hotspot/src/share/vm/classfile/systemDictionary.cpp, line 210]
Event: 0.249 Thread 0x00007fe6e4809000 Exception <a 'java/lang/ClassNotFoundException': org/apache/log4j/FileAppenderCustomizer> (0x0000000795a4a9b8) thrown at [/HUDSON3/workspace/8-2-build-macosx-x86_64/jdk8u101/7261/hotspot/src/share/vm/classfile/systemDictionary.cpp, line 210]
Event: 0.327 Thread 0x00007fe6e4809000 Exception <a 'java/lang/NoSuchFieldError': method resolution failed> (0x0000000795bdc378) thrown at [/HUDSON3/workspace/8-2-build-macosx-x86_64/jdk8u101/7261/hotspot/src/share/vm/prims/methodHandles.cpp, line 1146]
Event: 0.328 Thread 0x00007fe6e4809000 Exception <a 'java/lang/NoSuchFieldError': method resolution failed> (0x0000000795be9a68) thrown at [/HUDSON3/workspace/8-2-build-macosx-x86_64/jdk8u101/7261/hotspot/src/share/vm/prims/methodHandles.cpp, line 1146]
Event: 0.498 Thread 0x00007fe6e4809000 Exception <a 'java/io/FileNotFoundException'> (0x0000000795c64540) thrown at [/HUDSON3/workspace/8-2-build-macosx-x86_64/jdk8u101/7261/hotspot/src/share/vm/prims/jni.cpp, line 709]
Event: 0.498 Thread 0x00007fe6e4809000 Exception <a 'java/io/FileNotFoundException'> (0x0000000795c650e0) thrown at [/HUDSON3/workspace/8-2-build-macosx-x86_64/jdk8u101/7261/hotspot/src/share/vm/prims/jni.cpp, line 709]
Event: 0.532 Thread 0x00007fe6e4809000 Exception <a 'java/io/FileNotFoundException'> (0x0000000795d97a88) thrown at [/HUDSON3/workspace/8-2-build-macosx-x86_64/jdk8u101/7261/hotspot/src/share/vm/prims/jni.cpp, line 709]

Events (10 events):
Event: 19.809 Executing VM operation: RevokeBias
Event: 19.809 Executing VM operation: RevokeBias done
Event: 19.809 Thread 0x00007fe6e6185000 Thread exited: 0x00007fe6e6185000
Event: 20.341 Thread 0x00007fe6e6185000 Thread added: 0x00007fe6e6185000
Event: 23.146 Executing VM operation: RevokeBias
Event: 23.146 Executing VM operation: RevokeBias done
Event: 23.146 Thread 0x00007fe6e6185000 Thread exited: 0x00007fe6e6185000
Event: 23.775 Thread 0x00007fe6e6185000 Thread added: 0x00007fe6e6185000
Event: 23.877 loading class org/lwjgl/opengl/CallbackUtil
Event: 23.877 loading class org/lwjgl/opengl/CallbackUtil done


Dynamic libraries:
0x000000003e5b7000 	/System/Library/Frameworks/Cocoa.framework/Versions/A/Cocoa
0x000000003e5b7000 	/System/Library/Frameworks/Security.framework/Versions/A/Security
0x000000003e5b7000 	/System/Library/Frameworks/ApplicationServices.framework/Versions/A/ApplicationServices
0x000000003e5b7000 	/usr/lib/libz.1.dylib
0x000000003e5b7000 	/usr/lib/libSystem.B.dylib
0x000000003e5b7000 	/usr/lib/libobjc.A.dylib
0x000000003e5b7000 	/System/Library/Frameworks/CoreFoundation.framework/Versions/A/CoreFoundation
0x000000003e5b7000 	/System/Library/Frameworks/Foundation.framework/Versions/C/Foundation
0x000000003e5b7000 	/System/Library/Frameworks/AppKit.framework/Versions/C/AppKit
0x000000003e5b7000 	/System/Library/Frameworks/CoreData.framework/Versions/A/CoreData
0x000000003e5b7000 	/System/Library/PrivateFrameworks/RemoteViewServices.framework/Versions/A/RemoteViewServices
0x000000003e5b7000 	/System/Library/PrivateFrameworks/UIFoundation.framework/Versions/A/UIFoundation
0x000000003e5b7000 	/System/Library/PrivateFrameworks/DFRFoundation.framework/Versions/A/DFRFoundation
0x000000003e5b7000 	/usr/lib/libenergytrace.dylib
0x000000003e5b7000 	/System/Library/PrivateFrameworks/SkyLight.framework/Versions/A/SkyLight
0x000000003e5b7000 	/System/Library/Frameworks/CoreGraphics.framework/Versions/A/CoreGraphics
0x000000003e5b7000 	/usr/lib/libScreenReader.dylib
0x000000003e5b7000 	/System/Library/Frameworks/Accelerate.framework/Versions/A/Accelerate
0x000000003e5b7000 	/System/Library/Frameworks/IOSurface.framework/Versions/A/IOSurface
0x000000003e5b7000 	/System/Library/Frameworks/AudioToolbox.framework/Versions/A/AudioToolbox
0x000000003e5b7000 	/System/Library/Frameworks/AudioUnit.framework/Versions/A/AudioUnit
0x000000003e5b7000 	/System/Library/PrivateFrameworks/DataDetectorsCore.framework/Versions/A/DataDetectorsCore
0x000000003e5b7000 	/System/Library/PrivateFrameworks/DesktopServicesPriv.framework/Versions/A/DesktopServicesPriv
0x000000003e5b7000 	/System/Library/Frameworks/Carbon.framework/Versions/A/Frameworks/HIToolbox.framework/Versions/A/HIToolbox
0x000000003e5b7000 	/usr/lib/libicucore.A.dylib
0x000000003e5b7000 	/System/Library/Frameworks/QuartzCore.framework/Versions/A/QuartzCore
0x000000003e5b7000 	/System/Library/Frameworks/Carbon.framework/Versions/A/Frameworks/SpeechRecognition.framework/Versions/A/SpeechRecognition
0x000000003e5b7000 	/usr/lib/libauto.dylib
0x000000003e5b7000 	/usr/lib/libxml2.2.dylib
0x000000003e5b7000 	/System/Library/PrivateFrameworks/CoreUI.framework/Versions/A/CoreUI
0x000000003e5b7000 	/System/Library/Frameworks/CoreAudio.framework/Versions/A/CoreAudio
0x000000003e5b7000 	/System/Library/Frameworks/DiskArbitration.framework/Versions/A/DiskArbitration
0x000000003e5b7000 	/usr/lib/liblangid.dylib
0x000000003e5b7000 	/System/Library/PrivateFrameworks/MultitouchSupport.framework/Versions/A/MultitouchSupport
0x000000003e5b7000 	/System/Library/Frameworks/IOKit.framework/Versions/A/IOKit
0x000000003e5b7000 	/usr/lib/libDiagnosticMessagesClient.dylib
0x000000003e5b7000 	/System/Library/Frameworks/CoreServices.framework/Versions/A/CoreServices
0x000000003e5b7000 	/System/Library/PrivateFrameworks/PerformanceAnalysis.framework/Versions/A/PerformanceAnalysis
0x000000003e5b7000 	/System/Library/PrivateFrameworks/GenerationalStorage.framework/Versions/A/GenerationalStorage
0x000000003e5b7000 	/System/Library/Frameworks/OpenGL.framework/Versions/A/OpenGL
0x000000003e5b7000 	/System/Library/Frameworks/CoreImage.framework/Versions/A/CoreImage
0x000000003e5b7000 	/System/Library/Frameworks/CoreText.framework/Versions/A/CoreText
0x000000003e5b7000 	/System/Library/Frameworks/ImageIO.framework/Versions/A/ImageIO
0x000000003e5b7000 	/System/Library/PrivateFrameworks/Backup.framework/Versions/A/Backup
0x000000003e5b7000 	/usr/lib/libarchive.2.dylib
0x000000003e5b7000 	/System/Library/Frameworks/CFNetwork.framework/Versions/A/CFNetwork
0x000000003e5b7000 	/System/Library/Frameworks/SystemConfiguration.framework/Versions/A/SystemConfiguration
0x000000003e5b7000 	/usr/lib/libCRFSuite.dylib
0x000000003e5b7000 	/usr/lib/libc++.1.dylib
0x000000003e5b7000 	/usr/lib/libc++abi.dylib
0x000000003e5b7000 	/usr/lib/system/libcache.dylib
0x000000003e5b7000 	/usr/lib/system/libcommonCrypto.dylib
0x000000003e5b7000 	/usr/lib/system/libcompiler_rt.dylib
0x000000003e5b7000 	/usr/lib/system/libcopyfile.dylib
0x000000003e5b7000 	/usr/lib/system/libcorecrypto.dylib
0x000000003e5b7000 	/usr/lib/system/libdispatch.dylib
0x000000003e5b7000 	/usr/lib/system/libdyld.dylib
0x000000003e5b7000 	/usr/lib/system/libkeymgr.dylib
0x000000003e5b7000 	/usr/lib/system/liblaunch.dylib
0x000000003e5b7000 	/usr/lib/system/libmacho.dylib
0x000000003e5b7000 	/usr/lib/system/libquarantine.dylib
0x000000003e5b7000 	/usr/lib/system/libremovefile.dylib
0x000000003e5b7000 	/usr/lib/system/libsystem_asl.dylib
0x000000003e5b7000 	/usr/lib/system/libsystem_blocks.dylib
0x000000003e5b7000 	/usr/lib/system/libsystem_c.dylib
0x000000003e5b7000 	/usr/lib/system/libsystem_configuration.dylib
0x000000003e5b7000 	/usr/lib/system/libsystem_coreservices.dylib
0x000000003e5b7000 	/usr/lib/system/libsystem_coretls.dylib
0x000000003e5b7000 	/usr/lib/system/libsystem_dnssd.dylib
0x000000003e5b7000 	/usr/lib/system/libsystem_info.dylib
0x000000003e5b7000 	/usr/lib/system/libsystem_kernel.dylib
0x000000003e5b7000 	/usr/lib/system/libsystem_m.dylib
0x000000003e5b7000 	/usr/lib/system/libsystem_malloc.dylib
0x000000003e5b7000 	/usr/lib/system/libsystem_network.dylib
0x000000003e5b7000 	/usr/lib/system/libsystem_networkextension.dylib
0x000000003e5b7000 	/usr/lib/system/libsystem_notify.dylib
0x000000003e5b7000 	/usr/lib/system/libsystem_platform.dylib
0x000000003e5b7000 	/usr/lib/system/libsystem_pthread.dylib
0x000000003e5b7000 	/usr/lib/system/libsystem_sandbox.dylib
0x000000003e5b7000 	/usr/lib/system/libsystem_secinit.dylib
0x000000003e5b7000 	/usr/lib/system/libsystem_symptoms.dylib
0x000000003e5b7000 	/usr/lib/system/libsystem_trace.dylib
0x000000003e5b7000 	/usr/lib/system/libunwind.dylib
0x000000003e5b7000 	/usr/lib/system/libxpc.dylib
0x000000003e5b7000 	/usr/lib/libbsm.0.dylib
0x000000003e5b7000 	/usr/lib/system/libkxld.dylib
0x000000003e5b7000 	/usr/lib/libcoretls.dylib
0x000000003e5b7000 	/usr/lib/libcoretls_cfhelpers.dylib
0x000000003e5b7000 	/usr/lib/libOpenScriptingUtil.dylib
0x000000003e5b7000 	/usr/lib/libpam.2.dylib
0x000000003e5b7000 	/usr/lib/libsqlite3.dylib
0x000000003e5b7000 	/usr/lib/libxar.1.dylib
0x000000003e5b7000 	/usr/lib/libbz2.1.0.dylib
0x000000003e5b7000 	/usr/lib/liblzma.5.dylib
0x000000003e5b7000 	/usr/lib/libnetwork.dylib
0x000000003e5b7000 	/usr/lib/libpcap.A.dylib
0x000000003e5b7000 	/System/Library/Frameworks/CoreServices.framework/Versions/A/Frameworks/FSEvents.framework/Versions/A/FSEvents
0x000000003e5b7000 	/System/Library/Frameworks/CoreServices.framework/Versions/A/Frameworks/CarbonCore.framework/Versions/A/CarbonCore
0x000000003e5b7000 	/System/Library/Frameworks/CoreServices.framework/Versions/A/Frameworks/Metadata.framework/Versions/A/Metadata
0x000000003e5b7000 	/System/Library/Frameworks/CoreServices.framework/Versions/A/Frameworks/OSServices.framework/Versions/A/OSServices
0x000000003e5b7000 	/System/Library/Frameworks/CoreServices.framework/Versions/A/Frameworks/SearchKit.framework/Versions/A/SearchKit
0x000000003e5b7000 	/System/Library/Frameworks/CoreServices.framework/Versions/A/Frameworks/AE.framework/Versions/A/AE
0x000000003e5b7000 	/System/Library/Frameworks/CoreServices.framework/Versions/A/Frameworks/LaunchServices.framework/Versions/A/LaunchServices
0x000000003e5b7000 	/System/Library/Frameworks/CoreServices.framework/Versions/A/Frameworks/DictionaryServices.framework/Versions/A/DictionaryServices
0x000000003e5b7000 	/System/Library/Frameworks/CoreServices.framework/Versions/A/Frameworks/SharedFileList.framework/Versions/A/SharedFileList
0x000000003e5b7000 	/System/Library/Frameworks/NetFS.framework/Versions/A/NetFS
0x000000003e5b7000 	/System/Library/PrivateFrameworks/NetAuth.framework/Versions/A/NetAuth
0x000000003e5b7000 	/System/Library/PrivateFrameworks/login.framework/Versions/A/Frameworks/loginsupport.framework/Versions/A/loginsupport
0x000000003e5b7000 	/System/Library/PrivateFrameworks/TCC.framework/Versions/A/TCC
0x000000003e5b7000 	/usr/lib/libmecabra.dylib
0x000000003e5b7000 	/System/Library/Frameworks/ApplicationServices.framework/Versions/A/Frameworks/ATS.framework/Versions/A/ATS
0x000000003e5b7000 	/System/Library/Frameworks/ApplicationServices.framework/Versions/A/Frameworks/ColorSync.framework/Versions/A/ColorSync
0x000000003e5b7000 	/System/Library/Frameworks/ApplicationServices.framework/Versions/A/Frameworks/HIServices.framework/Versions/A/HIServices
0x000000003e5b7000 	/System/Library/Frameworks/ApplicationServices.framework/Versions/A/Frameworks/LangAnalysis.framework/Versions/A/LangAnalysis
0x000000003e5b7000 	/System/Library/Frameworks/ApplicationServices.framework/Versions/A/Frameworks/PrintCore.framework/Versions/A/PrintCore
0x000000003e5b7000 	/System/Library/Frameworks/ApplicationServices.framework/Versions/A/Frameworks/QD.framework/Versions/A/QD
0x000000003e5b7000 	/System/Library/Frameworks/ApplicationServices.framework/Versions/A/Frameworks/SpeechSynthesis.framework/Versions/A/SpeechSynthesis
0x000000003e5b7000 	/System/Library/Frameworks/Accelerate.framework/Versions/A/Frameworks/vImage.framework/Versions/A/vImage
0x000000003e5b7000 	/System/Library/Frameworks/Accelerate.framework/Versions/A/Frameworks/vecLib.framework/Versions/A/vecLib
0x000000003e5b7000 	/System/Library/Frameworks/Accelerate.framework/Versions/A/Frameworks/vecLib.framework/Versions/A/libvDSP.dylib
0x000000003e5b7000 	/System/Library/Frameworks/Accelerate.framework/Versions/A/Frameworks/vecLib.framework/Versions/A/libBNNS.dylib
0x000000003e5b7000 	/System/Library/Frameworks/Accelerate.framework/Versions/A/Frameworks/vecLib.framework/Versions/A/libQuadrature.dylib
0x000000003e5b7000 	/System/Library/Frameworks/Accelerate.framework/Versions/A/Frameworks/vecLib.framework/Versions/A/libvMisc.dylib
0x000000003e5b7000 	/System/Library/Frameworks/Accelerate.framework/Versions/A/Frameworks/vecLib.framework/Versions/A/libLAPACK.dylib
0x000000003e5b7000 	/System/Library/Frameworks/Accelerate.framework/Versions/A/Frameworks/vecLib.framework/Versions/A/libBLAS.dylib
0x000000003e5b7000 	/System/Library/Frameworks/Accelerate.framework/Versions/A/Frameworks/vecLib.framework/Versions/A/libLinearAlgebra.dylib
0x000000003e5b7000 	/System/Library/Frameworks/Accelerate.framework/Versions/A/Frameworks/vecLib.framework/Versions/A/libSparseBLAS.dylib
0x000000003e5b7000 	/System/Library/Frameworks/ApplicationServices.framework/Versions/A/Frameworks/ATS.framework/Versions/A/Resources/libFontParser.dylib
0x000000003e5b7000 	/System/Library/Frameworks/ApplicationServices.framework/Versions/A/Frameworks/ATS.framework/Versions/A/Resources/libFontRegistry.dylib
0x000000003e5b7000 	/System/Library/Frameworks/ImageIO.framework/Versions/A/Resources/libJPEG.dylib
0x000000003e5b7000 	/System/Library/Frameworks/ImageIO.framework/Versions/A/Resources/libTIFF.dylib
0x000000003e5b7000 	/System/Library/Frameworks/ImageIO.framework/Versions/A/Resources/libPng.dylib
0x000000003e5b7000 	/System/Library/Frameworks/ImageIO.framework/Versions/A/Resources/libGIF.dylib
0x000000003e5b7000 	/System/Library/Frameworks/ImageIO.framework/Versions/A/Resources/libJP2.dylib
0x000000003e5b7000 	/System/Library/Frameworks/ImageIO.framework/Versions/A/Resources/libRadiance.dylib
0x000000003e5b7000 	/usr/lib/libcompression.dylib
0x000000003e5b7000 	/System/Library/PrivateFrameworks/AppleJPEG.framework/Versions/A/AppleJPEG
0x000000003e5b7000 	/usr/lib/libcups.2.dylib
0x000000003e5b7000 	/System/Library/Frameworks/Kerberos.framework/Versions/A/Kerberos
0x000000003e5b7000 	/System/Library/Frameworks/GSS.framework/Versions/A/GSS
0x000000003e5b7000 	/usr/lib/libresolv.9.dylib
0x000000003e5b7000 	/usr/lib/libiconv.2.dylib
0x000000003e5b7000 	/System/Library/PrivateFrameworks/Heimdal.framework/Versions/A/Heimdal
0x000000003e5b7000 	/usr/lib/libheimdal-asn1.dylib
0x000000003e5b7000 	/System/Library/Frameworks/OpenDirectory.framework/Versions/A/OpenDirectory
0x000000003e5b7000 	/System/Library/PrivateFrameworks/CommonAuth.framework/Versions/A/CommonAuth
0x000000003e5b7000 	/System/Library/Frameworks/OpenDirectory.framework/Versions/A/Frameworks/CFOpenDirectory.framework/Versions/A/CFOpenDirectory
0x000000003e5b7000 	/System/Library/Frameworks/SecurityFoundation.framework/Versions/A/SecurityFoundation
0x000000003e5b7000 	/System/Library/PrivateFrameworks/LanguageModeling.framework/Versions/A/LanguageModeling
0x000000003e5b7000 	/usr/lib/libmarisa.dylib
0x000000003e5b7000 	/usr/lib/libChineseTokenizer.dylib
0x000000003e5b7000 	/usr/lib/libcmph.dylib
0x000000003e5b7000 	/System/Library/PrivateFrameworks/CoreEmoji.framework/Versions/A/CoreEmoji
0x000000003e5b7000 	/System/Library/Frameworks/ServiceManagement.framework/Versions/A/ServiceManagement
0x000000003e5b7000 	/usr/lib/libxslt.1.dylib
0x000000003e5b7000 	/System/Library/Frameworks/Carbon.framework/Versions/A/Frameworks/Ink.framework/Versions/A/Ink
0x000000003e5b7000 	/System/Library/PrivateFrameworks/TextureIO.framework/Versions/A/TextureIO
0x000000003e5b7000 	/System/Library/Frameworks/Metal.framework/Versions/A/Metal
0x000000003e5b7000 	/usr/lib/libate.dylib
0x000000003e5b7000 	/System/Library/PrivateFrameworks/GPUCompiler.framework/libmetal_timestamp.dylib
0x000000003e5b7000 	/System/Library/Frameworks/OpenGL.framework/Versions/A/Libraries/libCoreFSCache.dylib
0x000000003e5b7000 	/System/Library/PrivateFrameworks/IOAccelerator.framework/Versions/A/IOAccelerator
0x000000003e5b7000 	/System/Library/Frameworks/CoreVideo.framework/Versions/A/CoreVideo
0x000000003e5b7000 	/usr/lib/libFosl_dynamic.dylib
0x000000003e5b7000 	/System/Library/PrivateFrameworks/MetalPerformanceShaders.framework/Versions/A/MetalPerformanceShaders
0x000000003e5b7000 	/System/Library/PrivateFrameworks/FaceCore.framework/Versions/A/FaceCore
0x000000003e5b7000 	/System/Library/Frameworks/OpenCL.framework/Versions/A/OpenCL
0x000000003e5b7000 	/System/Library/Frameworks/OpenGL.framework/Versions/A/Libraries/libGLU.dylib
0x000000003e5b7000 	/System/Library/Frameworks/OpenGL.framework/Versions/A/Libraries/libGFXShared.dylib
0x000000003e5b7000 	/System/Library/Frameworks/OpenGL.framework/Versions/A/Libraries/libGL.dylib
0x000000003e5b7000 	/System/Library/Frameworks/OpenGL.framework/Versions/A/Libraries/libGLImage.dylib
0x000000003e5b7000 	/System/Library/Frameworks/OpenGL.framework/Versions/A/Libraries/libCVMSPluginSupport.dylib
0x000000003e5b7000 	/System/Library/Frameworks/OpenGL.framework/Versions/A/Libraries/libCoreVMClient.dylib
0x000000003e5b7000 	/System/Library/PrivateFrameworks/CrashReporterSupport.framework/Versions/A/CrashReporterSupport
0x000000003e5b7000 	/System/Library/PrivateFrameworks/Sharing.framework/Versions/A/Sharing
0x000000003e5b7000 	/System/Library/PrivateFrameworks/IconServices.framework/Versions/A/IconServices
0x000000003e5b7000 	/System/Library/PrivateFrameworks/ProtocolBuffer.framework/Versions/A/ProtocolBuffer
0x000000003e5b7000 	/System/Library/PrivateFrameworks/Apple80211.framework/Versions/A/Apple80211
0x000000003e5b7000 	/System/Library/Frameworks/CoreWLAN.framework/Versions/A/CoreWLAN
0x000000003e5b7000 	/System/Library/PrivateFrameworks/CoreUtils.framework/Versions/A/CoreUtils
0x000000003e5b7000 	/System/Library/Frameworks/IOBluetooth.framework/Versions/A/IOBluetooth
0x000000003e5b7000 	/System/Library/PrivateFrameworks/CoreWiFi.framework/Versions/A/CoreWiFi
0x000000003e5b7000 	/System/Library/Frameworks/CoreBluetooth.framework/Versions/A/CoreBluetooth
0x000000003e5b7000 	/System/Library/Frameworks/CoreDisplay.framework/Versions/A/CoreDisplay
0x000000003e5b7000 	/System/Library/PrivateFrameworks/IOPresentment.framework/Versions/A/IOPresentment
0x000000003e5b7000 	/System/Library/PrivateFrameworks/DSExternalDisplay.framework/Versions/A/DSExternalDisplay
0x000000003e5b7000 	/System/Library/PrivateFrameworks/DebugSymbols.framework/Versions/A/DebugSymbols
0x000000003e5b7000 	/System/Library/PrivateFrameworks/CoreSymbolication.framework/Versions/A/CoreSymbolication
0x000000003e5b7000 	/System/Library/PrivateFrameworks/Symbolication.framework/Versions/A/Symbolication
0x000000003e5b7000 	/System/Library/PrivateFrameworks/AppleFSCompression.framework/Versions/A/AppleFSCompression
0x000000003e5b7000 	/System/Library/PrivateFrameworks/SpeechRecognitionCore.framework/Versions/A/SpeechRecognitionCore
0x000000003e5b7000 	/System/Library/PrivateFrameworks/ChunkingLibrary.framework/Versions/A/ChunkingLibrary
0x000000010f000000 	/Library/Java/JavaVirtualMachines/jdk1.8.0_101.jdk/Contents/Home/jre/lib/server/libjvm.dylib
0x000000003e5b7000 	/usr/lib/libstdc++.6.dylib
0x000000010e770000 	/Library/Java/JavaVirtualMachines/jdk1.8.0_101.jdk/Contents/Home/jre/lib/libverify.dylib
0x000000010e77e000 	/Library/Java/JavaVirtualMachines/jdk1.8.0_101.jdk/Contents/Home/jre/lib/libjava.dylib
0x000000010e7bd000 	/Library/Java/JavaVirtualMachines/jdk1.8.0_101.jdk/Contents/Home/jre/lib/libzip.dylib
0x00000001168d8000 	/System/Library/Frameworks/JavaVM.framework/Frameworks/JavaRuntimeSupport.framework/JavaRuntimeSupport
0x00000001168f2000 	/System/Library/Frameworks/JavaVM.framework/Versions/A/Frameworks/JavaNativeFoundation.framework/Versions/A/JavaNativeFoundation
0x000000010e7ef000 	/System/Library/Frameworks/JavaVM.framework/Versions/A/JavaVM
0x000000003e5b7000 	/System/Library/Frameworks/Carbon.framework/Versions/A/Carbon
0x0000000116907000 	/System/Library/PrivateFrameworks/JavaLaunching.framework/Versions/A/JavaLaunching
0x000000003e5b7000 	/System/Library/Frameworks/Carbon.framework/Versions/A/Frameworks/CommonPanels.framework/Versions/A/CommonPanels
0x000000003e5b7000 	/System/Library/Frameworks/Carbon.framework/Versions/A/Frameworks/Help.framework/Versions/A/Help
0x000000003e5b7000 	/System/Library/Frameworks/Carbon.framework/Versions/A/Frameworks/ImageCapture.framework/Versions/A/ImageCapture
0x000000003e5b7000 	/System/Library/Frameworks/Carbon.framework/Versions/A/Frameworks/OpenScripting.framework/Versions/A/OpenScripting
0x000000003e5b7000 	/System/Library/Frameworks/Carbon.framework/Versions/A/Frameworks/Print.framework/Versions/A/Print
0x000000003e5b7000 	/System/Library/Frameworks/Carbon.framework/Versions/A/Frameworks/SecurityHI.framework/Versions/A/SecurityHI
0x0000000118250000 	/Library/Java/JavaVirtualMachines/jdk1.8.0_101.jdk/Contents/Home/jre/lib/libawt.dylib
0x00000001182f8000 	/Library/Java/JavaVirtualMachines/jdk1.8.0_101.jdk/Contents/Home/jre/lib/./libmlib_image.dylib
0x00000001183c4000 	/Library/Java/JavaVirtualMachines/jdk1.8.0_101.jdk/Contents/Home/jre/lib/libawt_lwawt.dylib
0x0000000118479000 	/Library/Java/JavaVirtualMachines/jdk1.8.0_101.jdk/Contents/Home/jre/lib/./libosxapp.dylib
0x000000003e5b7000 	/System/Library/Frameworks/ExceptionHandling.framework/Versions/A/ExceptionHandling
0x000000003e5b7000 	/System/Library/PrivateFrameworks/CoreServicesInternal.framework/Versions/A/CoreServicesInternal
0x000000003e5b7000 	/System/Library/CoreServices/RawCamera.bundle/Contents/MacOS/RawCamera
0x000000003e5b7000 	/System/Library/Frameworks/Accelerate.framework/Versions/A/Frameworks/vImage.framework/Versions/A/Libraries/libCGInterfaces.dylib
0x000000003e5b7000 	/System/Library/Frameworks/ApplicationServices.framework/Versions/A/Frameworks/ATS.framework/Versions/A/Resources/libTrueTypeScaler.dylib
0x000000011a331000 	/System/Library/Frameworks/OpenGL.framework/Resources/GLEngine.bundle/GLEngine
0x000000003e5b7000 	/System/Library/Frameworks/OpenGL.framework/Versions/A/Libraries/libGLProgrammability.dylib
0x000000011a516000 	/System/Library/Extensions/AppleIntelHD5000GraphicsGLDriver.bundle/Contents/MacOS/AppleIntelHD5000GraphicsGLDriver
0x000000003e5b7000 	/System/Library/PrivateFrameworks/GPUSupport.framework/Versions/A/Libraries/libGPUSupportMercury.dylib
0x0000000118fe9000 	/System/Library/Frameworks/OpenGL.framework/Resources//GLRendererFloat.bundle/GLRendererFloat
0x000000003e5b7000 	/System/Library/Frameworks/OpenCL.framework/Versions/A/Libraries/libcldcpuengine.dylib
0x000000003e5b7000 	/usr/lib/libcrypto.0.9.8.dylib
0x000000003e5b7000 	/System/Library/PrivateFrameworks/TrustEvaluationAgent.framework/Versions/A/TrustEvaluationAgent
0x000000011ac84000 	/System/Library/Extensions/AppleIntelHD5000GraphicsMTLDriver.bundle/Contents/MacOS/AppleIntelHD5000GraphicsMTLDriver
0x000000003e5b7000 	/System/Library/PrivateFrameworks/FamilyControls.framework/Versions/A/FamilyControls
0x000000003e5b7000 	/System/Library/PrivateFrameworks/CommerceKit.framework/Versions/A/Frameworks/CommerceCore.framework/Versions/A/CommerceCore
0x000000003e5b7000 	/System/Library/PrivateFrameworks/SystemAdministration.framework/Versions/A/SystemAdministration
0x000000003e5b7000 	/System/Library/PrivateFrameworks/AppContainer.framework/Versions/A/AppContainer
0x000000003e5b7000 	/System/Library/PrivateFrameworks/SecCodeWrapper.framework/Versions/A/SecCodeWrapper
0x000000003e5b7000 	/System/Library/Frameworks/DirectoryService.framework/Versions/A/DirectoryService
0x000000003e5b7000 	/System/Library/PrivateFrameworks/DiskImages.framework/Versions/A/DiskImages
0x000000003e5b7000 	/System/Library/PrivateFrameworks/LoginUIKit.framework/Versions/A/Frameworks/LoginUICore.framework/Versions/A/LoginUICore
0x000000003e5b7000 	/usr/lib/libCoreStorage.dylib
0x000000003e5b7000 	/usr/lib/libcsfde.dylib
0x000000003e5b7000 	/usr/lib/libodfde.dylib
0x000000003e5b7000 	/System/Library/Frameworks/DiscRecording.framework/Versions/A/DiscRecording
0x000000003e5b7000 	/usr/lib/libcurl.4.dylib
0x000000003e5b7000 	/System/Library/PrivateFrameworks/MediaKit.framework/Versions/A/MediaKit
0x000000003e5b7000 	/System/Library/PrivateFrameworks/ProtectedCloudStorage.framework/Versions/A/ProtectedCloudStorage
0x000000003e5b7000 	/System/Library/PrivateFrameworks/EFILogin.framework/Versions/A/EFILogin
0x000000003e5b7000 	/usr/lib/libutil.dylib
0x000000003e5b7000 	/System/Library/Frameworks/LDAP.framework/Versions/A/LDAP
0x000000003e5b7000 	/usr/lib/libsasl2.2.dylib
0x000000003e5b7000 	/System/Library/PrivateFrameworks/CoreDaemon.framework/Versions/B/CoreDaemon
0x000000003e5b7000 	/System/Library/PrivateFrameworks/AppleSRP.framework/Versions/A/AppleSRP
0x000000003e5b7000 	/System/Library/PrivateFrameworks/APFS.framework/Versions/A/APFS
0x000000011c0b6000 	/Library/Java/JavaVirtualMachines/jdk1.8.0_101.jdk/Contents/Home/jre/lib/libfontmanager.dylib
0x000000011c11d000 	/Users/collindutter/Documents/School/CPE307/slick/liblwjgl.dylib
0x0000000118889000 	/Library/Java/JavaVirtualMachines/jdk1.8.0_101.jdk/Contents/Home/jre/lib/libjawt.dylib
0x00000001188a6000 	/Users/collindutter/Documents/School/CPE307/slick/libjinput-osx.dylib
0x000000012ea4e000 	/System/Library/Extensions/IOHIDFamily.kext/Contents/PlugIns/IOHIDLib.plugin/Contents/MacOS/IOHIDLib
0x000000012f7f9000 	/Library/Java/JavaVirtualMachines/jdk1.8.0_101.jdk/Contents/Home/jre/lib/libnet.dylib
0x000000012f548000 	/Library/Java/JavaVirtualMachines/jdk1.8.0_101.jdk/Contents/Home/jre/lib/libnio.dylib

VM Arguments:
jvm_args: -Djava.library.path=/Users/collindutter/Documents/School/CPE307/slick -Dfile.encoding=UTF-8 
java_command: main.OperationIceCream
java_class_path (initial): /Users/collindutter/Documents/School/CPE307/oic2/trunk/target/classes:/Library/Java/JavaVirtualMachines/jdk1.8.0_101.jdk/Contents/Home/jre/lib/javaws.jar:/Users/collindutter/.m2/repository/org/slick2d/slick2d-basic-game-archetype/1.0.2/slick2d-basic-game-archetype-1.0.2.jar:/Users/collindutter/.m2/repository/org/slick2d/slick2d-core/1.0.2/slick2d-core-1.0.2.jar:/Users/collindutter/.m2/repository/org/lwjgl/lwjgl/lwjgl/2.9.3/lwjgl-2.9.3.jar:/Users/collindutter/.m2/repository/org/lwjgl/lwjgl/lwjgl-platform/2.9.3/lwjgl-platform-2.9.3-natives-windows.jar:/Users/collindutter/.m2/repository/org/lwjgl/lwjgl/lwjgl-platform/2.9.3/lwjgl-platform-2.9.3-natives-linux.jar:/Users/collindutter/.m2/repository/org/lwjgl/lwjgl/lwjgl-platform/2.9.3/lwjgl-platform-2.9.3-natives-osx.jar:/Users/collindutter/.m2/repository/net/java/jinput/jinput/2.0.5/jinput-2.0.5.jar:/Users/collindutter/.m2/repository/net/java/jutils/jutils/1.0.0/jutils-1.0.0.jar:/Users/collindutter/.m2/repository/net/java/jinput/jinput-platform/2.0.5/jinput-platform-2.0.5-natives-linux.jar:/Users/collindutter/.m2/repository/net/java/jinput/jinput-platform/2.0.5/jinput-platform-2.0.5-natives-windows.jar:/Users/collindutter/.m2/repository/net/java/jinput/jinput-platform/2.0.5/jinput-platform-2.0.5-natives-osx.jar:/Users/collindutter/.m2/repository/org/jcraft/jorbis/0.0.17/jorbis-0.0.17.jar:/Users/collindutter/.m2/repository/org/slf4j/slf4j-api/1.7.5/slf4j-api-1.7.5.jar:/Users/collindutter/.m2/repository/org/slf4j/slf4j-log4j12/1.7.5/slf4j-log4j12-1.7.5.jar:/Users/collindutter/.m2/repository/log4j/log4j/1.2.17/log4j-1.2.17.jar
Launcher Type: SUN_STANDARD

Environment Variables:
PATH=/usr/bin:/bin:/usr/sbin:/sbin
SHELL=/usr/local/bin/fish
DISPLAY=/private/tmp/com.apple.launchd.GyPwawu5Qg/org.macosforge.xquartz:0

Signal Handlers:
SIGSEGV: [libjvm.dylib+0x5af145], sa_mask[0]=11111111011111110111111111111111, sa_flags=SA_ONSTACK|SA_RESTART|SA_SIGINFO
SIGBUS: [libjvm.dylib+0x5af145], sa_mask[0]=11111111011111110111111111111111, sa_flags=SA_RESTART|SA_SIGINFO
SIGFPE: [libjvm.dylib+0x48694c], sa_mask[0]=11111111011111110111111111111111, sa_flags=SA_RESTART|SA_SIGINFO
SIGPIPE: [libjvm.dylib+0x48694c], sa_mask[0]=11111111011111110111111111111111, sa_flags=SA_RESTART|SA_SIGINFO
SIGXFSZ: [libjvm.dylib+0x48694c], sa_mask[0]=11111111011111110111111111111111, sa_flags=SA_RESTART|SA_SIGINFO
SIGILL: [libjvm.dylib+0x48694c], sa_mask[0]=11111111011111110111111111111111, sa_flags=SA_RESTART|SA_SIGINFO
SIGUSR1: SIG_DFL, sa_mask[0]=00000000000000000000000000000000, sa_flags=none
SIGUSR2: [libjvm.dylib+0x48646a], sa_mask[0]=00100000000000000000000000000000, sa_flags=SA_RESTART|SA_SIGINFO
SIGHUP: [libjvm.dylib+0x484a41], sa_mask[0]=11111111011111110111111111111111, sa_flags=SA_RESTART|SA_SIGINFO
SIGINT: [libjvm.dylib+0x484a41], sa_mask[0]=11111111011111110111111111111111, sa_flags=SA_RESTART|SA_SIGINFO
SIGTERM: [libjvm.dylib+0x484a41], sa_mask[0]=11111111011111110111111111111111, sa_flags=SA_RESTART|SA_SIGINFO
SIGQUIT: [libjvm.dylib+0x484a41], sa_mask[0]=11111111011111110111111111111111, sa_flags=SA_RESTART|SA_SIGINFO


---------------  S Y S T E M  ---------------

OS:Bsduname:Darwin 16.5.0 Darwin Kernel Version 16.5.0: Fri Mar  3 16:52:33 PST 2017; root:xnu-3789.51.2~3/RELEASE_X86_64 x86_64
rlimit: STACK 8192k, CORE 0k, NPROC 709, NOFILE 10240, AS infinity
load average:1.79 1.74 1.86

CPU:total 4 (2 cores per cpu, 2 threads per core) family 6 model 69 stepping 1, cmov, cx8, fxsr, mmx, sse, sse2, sse3, ssse3, sse4.1, sse4.2, popcnt, avx, avx2, aes, clmul, erms, lzcnt, ht, tsc, tscinvbit, bmi1, bmi2

Memory: 4k page, physical 8388608k(273836k free)

/proc/meminfo:


vm_info: Java HotSpot(TM) 64-Bit Server VM (25.101-b13) for bsd-amd64 JRE (1.8.0_101-b13), built on Jun 22 2016 02:42:15 by "java_re" with gcc 4.2.1 (Based on Apple Inc. build 5658) (LLVM build 2336.11.00)

time: Tue May 16 11:02:49 2017
elapsed time: 23 seconds (0d 0h 0m 23s)

