#
# A fatal error has been detected by the Java Runtime Environment:
#
#  SIGSEGV (0xb) at pc=0x00007fffdd1b5d08, pid=35409, tid=0x0000000000000307
#
# JRE version: Java(TM) SE Runtime Environment (8.0_101-b13) (build 1.8.0_101-b13)
# Java VM: Java HotSpot(TM) 64-Bit Server VM (25.101-b13 mixed mode bsd-amd64 compressed oops)
# Problematic frame:
# C  [libobjc.A.dylib+0xbd08]  objc_storeWeak+0x16e
#
# Failed to write core dump. Core dumps have been disabled. To enable core dumping, try "ulimit -c unlimited" before starting Java again
#
# If you would like to submit a bug report, please visit:
#   http://bugreport.java.com/bugreport/crash.jsp
# The crash happened outside the Java Virtual Machine in native code.
# See problematic frame for where to report the bug.
#

---------------  T H R E A D  ---------------

Current thread (0x00007f87e208f800):  JavaThread "AppKit Thread" daemon [_thread_in_native, id=775, stack(0x00007fff5cdaa000,0x00007fff5d5aa000)]

siginfo: si_signo: 11 (SIGSEGV), si_code: 1 (SEGV_MAPERR), si_addr: 0x0000000000000000

Registers:
RAX=0x00007f87e2800000, RBX=0x00007fffe690a480, RCX=0x0000000000000000, RDX=0x00007ffffffffff8
RSP=0x00007fff5d5a4050, RBP=0x00007fff5d5a40d0, RSI=0x00007f87e2800000, RDI=0x00007fffe690a480
R8 =0x00000000000001ff, R9 =0x00007f87e1c4c150, R10=0x0000000000000002, R11=0x00007f87e3952a20
R12=0x00007fffe690ac00, R13=0x0000000000000000, R14=0x00007f87e1c56ab0, R15=0x0000000000000000
RIP=0x00007fffdd1b5d08, EFLAGS=0x0000000000010206, ERR=0x0000000000000004
  TRAPNO=0x000000000000000e

Top of Stack: (sp=0x00007fff5d5a4050)
0x00007fff5d5a4050:   0000000000000000 00007f87e1f5a078
0x00007fff5d5a4060:   ffff80781e3b3eb0 0000000000000780
0x00007fff5d5a4070:   00007fffe6854630 0000000000000000
0x00007fff5d5a4080:   00007fffe690ac00 00007f87e1c56ab0
0x00007fff5d5a4090:   0000000000000000 00007f87e1f5a0f8
0x00007fff5d5a40a0:   000000000000000b 00007f87e1c4c150
0x00007fff5d5a40b0:   0000000000000000 00007f87e1c4c150
0x00007fff5d5a40c0:   00007f87e1f59f00 00007f87e1c56ab0
0x00007fff5d5a40d0:   00007fff5d5a4110 00007fffc9d32d5f
0x00007fff5d5a40e0:   00007fff5d5a4110 0000000000000000
0x00007fff5d5a40f0:   00007f87e1c56ab0 00007fffc6a68006
0x00007fff5d5a4100:   00007f87e1c4c150 00007fffdd1b1040
0x00007fff5d5a4110:   00007fff5d5a4140 00007fffc61006fb
0x00007fff5d5a4120:   00007fffdd1b1040 00007fff5d5a41c8
0x00007fff5d5a4130:   00007fffc6aab759 00007fffdd1b1040
0x00007fff5d5a4140:   00007fff5d5a4180 00007fffc64cdc73
0x00007fff5d5a4150:   0000000000000000 0000000000000000
0x00007fff5d5a4160:   0000000000000094 00007fffc6a8e17f
0x00007fff5d5a4170:   00007fff5d5a41c8 0000000000000001
0x00007fff5d5a4180:   00007fff5d5a41b0 00007fffc5f57d48
0x00007fff5d5a4190:   0000000000000000 00007f87e1c56ab0
0x00007fff5d5a41a0:   00007f87e1c4c150 0000000000000000
0x00007fff5d5a41b0:   00007fff5d5a4210 00007fffc6100538
0x00007fff5d5a41c0:   0000000000000000 00007fffe699d060
0x00007fff5d5a41d0:   00000000c2000000 00007fffc64cdb84
0x00007fff5d5a41e0:   00007fffe2a6ccf0 0000000000000000
0x00007fff5d5a41f0:   00007f87e1c56ab0 00007f87e1c4c150
0x00007fff5d5a4200:   00007f87e1c4c150 00007f87e1c56ab0
0x00007fff5d5a4210:   00007fff5d5a4240 000000011f180586
0x00007fff5d5a4220:   00007f87e1c4c150 000000011f1b4c60
0x00007fff5d5a4230:   00007f87e1e39c10 00007f87e1e39c10
0x00007fff5d5a4240:   00007fff5d5a47b0 00007fffc5f7ae7b 

Instructions: (pc=0x00007fffdd1b5d08)
0x00007fffdd1b5ce8:   eb 07 48 8b 45 a0 48 8b 30 48 8b 45 c0 48 39 c6
0x00007fffdd1b5cf8:   74 2a 48 8b 46 20 48 89 c1 48 21 d1 48 8b 49 08
0x00007fffdd1b5d08:   f6 01 01 75 0a 48 8b 06 48 21 d0 48 8b 40 20 48
0x00007fffdd1b5d18:   21 d0 f6 40 03 20 0f 84 f8 fe ff ff 49 c1 e5 06 

Register to memory mapping:

RAX=0x00007f87e2800000 is a thread
RBX=0x00007fffe690a480: _ZN12_GLOBAL__N_1L12SideTableBufE+0 in /usr/lib/libobjc.A.dylib at 0x00007fffdd1aa000
RCX=0x0000000000000000 is an unknown value
RDX=0x00007ffffffffff8 is an unknown value
RSP=0x00007fff5d5a4050 is pointing into the stack for thread: 0x00007f87e208f800
RBP=0x00007fff5d5a40d0 is pointing into the stack for thread: 0x00007f87e208f800
RSI=0x00007f87e2800000 is a thread
RDI=0x00007fffe690a480: _ZN12_GLOBAL__N_1L12SideTableBufE+0 in /usr/lib/libobjc.A.dylib at 0x00007fffdd1aa000
R8 =0x00000000000001ff is an unknown value
R9 =0x00007f87e1c4c150 is an unknown value
R10=0x0000000000000002 is an unknown value
R11=0x00007f87e3952a20 is an unknown value
R12=0x00007fffe690ac00: _ZN12_GLOBAL__N_1L12SideTableBufE+0x780 in /usr/lib/libobjc.A.dylib at 0x00007fffdd1aa000
R13=0x0000000000000000 is an unknown value
R14=0x00007f87e1c56ab0 is an unknown value
R15=0x0000000000000000 is an unknown value


Stack: [0x00007fff5cdaa000,0x00007fff5d5aa000],  sp=0x00007fff5d5a4050,  free space=8168k
Native frames: (J=compiled Java code, j=interpreted, Vv=VM code, C=native code)
C  [libobjc.A.dylib+0xbd08]  objc_storeWeak+0x16e
C  [Foundation+0x17d5f]  -[NSConcreteMapTable setObject:forKey:]+0x6a
C  [AppKit+0x3226fb]  -[NSView(NSOpenGLContextAssociation) _setOpenGLContext:]+0x9b
C  [AppKit+0x6efc73]  __27-[NSOpenGLContext setView:]_block_invoke+0xef
C  [AppKit+0x179d48]  NSPerformVisuallyAtomicChange+0x93
C  [AppKit+0x322538]  -[NSOpenGLContext setView:]+0x69
C  [liblwjgl.dylib+0xa586]  -[MacOSXOpenGLView lockFocus]+0x76
C  [AppKit+0x19ce7b]  -[NSView _recursiveDisplayRectIfNeededIgnoringOpacity:isVisibleRect:rectIsVisibleRectForView:topView:]+0x6ee
C  [AppKit+0x19d6d1]  -[NSView _recursiveDisplayRectIfNeededIgnoringOpacity:isVisibleRect:rectIsVisibleRectForView:topView:]+0xf44
C  [AppKit+0x19c2af]  -[NSThemeFrame _recursiveDisplayRectIfNeededIgnoringOpacity:isVisibleRect:rectIsVisibleRectForView:topView:]+0x14e
C  [AppKit+0x19a6d8]  -[NSView _displayRectIgnoringOpacity:isVisibleRect:rectIsVisibleRectForView:]+0x994
C  [AppKit+0x195fca]  -[NSView displayIfNeeded]+0x6d4
C  [AppKit+0x1958db]  -[NSWindow displayIfNeeded]+0xe6
C  [AppKit+0x8f5cb4]  ___NSWindowGetDisplayCycleObserver_block_invoke.6228+0x115
C  [AppKit+0x1953b9]  __37+[NSDisplayCycle currentDisplayCycle]_block_invoke+0x1c6
C  [QuartzCore+0x11da6]  CA::Transaction::run_commit_handlers(CATransactionPhase)+0x2e
C  [QuartzCore+0x11b8d8]  CA::Context::commit_transaction(CA::Transaction*)+0xa0
C  [QuartzCore+0x10881]  CA::Transaction::commit()+0x1db
C  [AppKit+0x4788b1]  __37+[NSDisplayCycle currentDisplayCycle]_block_invoke.31+0x143
C  [CoreFoundation+0xa6d37]  __CFRUNLOOP_IS_CALLING_OUT_TO_AN_OBSERVER_CALLBACK_FUNCTION__+0x17
C  [CoreFoundation+0xa6ca7]  __CFRunLoopDoObservers+0x187
C  [CoreFoundation+0x876d9]  __CFRunLoopRun+0x369
C  [CoreFoundation+0x87114]  CFRunLoopRunSpecific+0x1a4
C  [HIToolbox+0x30ebc]  RunCurrentEventLoopInMode+0xf0
C  [HIToolbox+0x30bf9]  ReceiveNextEventCommon+0xb8
C  [HIToolbox+0x30b26]  _BlockUntilNextEventMatchingListInModeWithFilter+0x47
C  [AppKit+0x46a54]  _DPSNextEvent+0x460
C  [AppKit+0x7c27ee]  -[NSApplication(NSEvent) _nextEventMatchingEventMask:untilDate:inMode:dequeue:]+0xaec
C  [libosxapp.dylib+0x23aa]  -[NSApplicationAWT nextEventMatchingMask:untilDate:inMode:dequeue:]+0x7c
C  [AppKit+0x3b3db]  -[NSApplication run]+0x39e
C  [libosxapp.dylib+0x214d]  +[NSApplicationAWT runAWTLoopWithApp:]+0x9c
C  [libawt_lwawt.dylib+0x444b3]  -[AWTStarter starter:]+0x389
C  [Foundation+0x717ba]  __NSThreadPerformPerform+0x146
C  [CoreFoundation+0xa7321]  __CFRUNLOOP_IS_CALLING_OUT_TO_A_SOURCE0_PERFORM_FUNCTION__+0x11
C  [CoreFoundation+0x8821d]  __CFRunLoopDoSources0+0x22d
C  [CoreFoundation+0x87716]  __CFRunLoopRun+0x3a6
C  [CoreFoundation+0x87114]  CFRunLoopRunSpecific+0x1a4
C  [java+0x6465]  CreateExecutionEnvironment+0x367
C  [java+0x218c]  JLI_Launch+0x7a0
C  [java+0x84c2]  main+0x65
C  [java+0x19e4]  start+0x34
C  0x0000000000000006


---------------  P R O C E S S  ---------------

Java Threads: ( => current thread )
  0x00007f87e3d3d000 JavaThread "AWT-Shutdown" [_thread_blocked, id=27215, stack(0x000070000a5cc000,0x000070000a6cc000)]
  0x00007f87e2aa8000 JavaThread "Java2D Disposer" daemon [_thread_blocked, id=59927, stack(0x000070000a9de000,0x000070000aade000)]
  0x00007f87e22b5000 JavaThread "Java2D Queue Flusher" daemon [_thread_blocked, id=60427, stack(0x000070000a8db000,0x000070000a9db000)]
=>0x00007f87e208f800 JavaThread "AppKit Thread" daemon [_thread_in_native, id=775, stack(0x00007fff5cdaa000,0x00007fff5d5aa000)]
  0x00007f87e3825000 JavaThread "Service Thread" daemon [_thread_blocked, id=18691, stack(0x000070000a3c6000,0x000070000a4c6000)]
  0x00007f87e303c000 JavaThread "C1 CompilerThread2" daemon [_thread_blocked, id=18179, stack(0x000070000a2c3000,0x000070000a3c3000)]
  0x00007f87e303b800 JavaThread "C2 CompilerThread1" daemon [_thread_blocked, id=17667, stack(0x000070000a1c0000,0x000070000a2c0000)]
  0x00007f87e2839800 JavaThread "C2 CompilerThread0" daemon [_thread_blocked, id=17155, stack(0x000070000a0bd000,0x000070000a1bd000)]
  0x00007f87e2840000 JavaThread "Signal Dispatcher" daemon [_thread_blocked, id=16643, stack(0x0000700009fba000,0x000070000a0ba000)]
  0x00007f87e200e000 JavaThread "Finalizer" daemon [_thread_blocked, id=12547, stack(0x0000700009eb7000,0x0000700009fb7000)]
  0x00007f87e3822800 JavaThread "Reference Handler" daemon [_thread_blocked, id=12035, stack(0x0000700009db4000,0x0000700009eb4000)]
  0x00007f87e2800000 JavaThread "main" [_thread_in_native, id=7171, stack(0x00007000097a2000,0x00007000098a2000)]

Other Threads:
  0x00007f87e381d800 VMThread [stack: 0x0000700009cb1000,0x0000700009db1000] [id=11523]
  0x00007f87e2841000 WatcherThread [stack: 0x000070000a4c9000,0x000070000a5c9000] [id=19203]

VM state:not at safepoint (normal execution)

VM Mutex/Monitor currently owned by a thread: None

Heap:
 PSYoungGen      total 38400K, used 12575K [0x0000000795580000, 0x000000079a080000, 0x00000007c0000000)
  eden space 33280K, 22% used [0x0000000795580000,0x0000000795ccfe78,0x0000000797600000)
  from space 5120K, 99% used [0x0000000797600000,0x0000000797af8050,0x0000000797b00000)
  to   space 5120K, 0% used [0x0000000799b80000,0x0000000799b80000,0x000000079a080000)
 ParOldGen       total 87552K, used 10717K [0x0000000740000000, 0x0000000745580000, 0x0000000795580000)
  object space 87552K, 12% used [0x0000000740000000,0x0000000740a777f0,0x0000000745580000)
 Metaspace       used 11312K, capacity 11547K, committed 11904K, reserved 1060864K
  class space    used 1208K, capacity 1286K, committed 1408K, reserved 1048576K

Card table byte_map: [0x0000000102ae9000,0x0000000102eea000] byte_map_base: 0x00000000ff0e9000

Marking Bits: (ParMarkBitMap*) 0x00000001040edd20
 Begin Bits: [0x0000000113a48000, 0x0000000115a48000)
 End Bits:   [0x0000000115a48000, 0x0000000117a48000)

Polling page: 0x0000000102716000

CodeCache: size=245760Kb used=4983Kb max_used=4994Kb free=240776Kb
 bounds [0x000000010479d000, 0x0000000104c8d000, 0x000000011379d000]
 total_blobs=1968 nmethods=1433 adapters=449
 compilation: enabled

Compilation events (10 events):
Event: 41.458 Thread 0x00007f87e303c000 1430       3       sun.awt.SunToolkit::awtUnlock (7 bytes)
Event: 41.458 Thread 0x00007f87e303c000 nmethod 1430 0x0000000104c7bbd0 code [0x0000000104c7bd40, 0x0000000104c7c028]
Event: 45.337 Thread 0x00007f87e2839800 1431       4       org.newdawn.slick.Image::init (109 bytes)
Event: 45.339 Thread 0x00007f87e2839800 nmethod 1431 0x0000000104c7b890 code [0x0000000104c7b9e0, 0x0000000104c7baf8]
Event: 45.700 Thread 0x00007f87e303b800 1432       4       org.lwjgl.opengl.GLContext::getCapabilitiesImpl (23 bytes)
Event: 45.700 Thread 0x00007f87e303b800 nmethod 1432 0x0000000104c61750 code [0x0000000104c618a0, 0x0000000104c61938]
Event: 45.967 Thread 0x00007f87e2839800 1433       4       org.newdawn.slick.Graphics::setCurrent (30 bytes)
Event: 45.967 Thread 0x00007f87e2839800 nmethod 1433 0x0000000104c75150 code [0x0000000104c752a0, 0x0000000104c75318]
Event: 47.316 Thread 0x00007f87e303b800 1434       4       java.nio.DirectIntBufferU::get (16 bytes)
Event: 47.317 Thread 0x00007f87e303b800 nmethod 1434 0x0000000104c7b5d0 code [0x0000000104c7b720, 0x0000000104c7b7d8]

GC Heap History (6 events):
Event: 5.998 GC heap before
{Heap before GC invocations=1 (full 0):
 PSYoungGen      total 38400K, used 33280K [0x0000000795580000, 0x0000000798000000, 0x00000007c0000000)
  eden space 33280K, 100% used [0x0000000795580000,0x0000000797600000,0x0000000797600000)
  from space 5120K, 0% used [0x0000000797b00000,0x0000000797b00000,0x0000000798000000)
  to   space 5120K, 0% used [0x0000000797600000,0x0000000797600000,0x0000000797b00000)
 ParOldGen       total 87552K, used 0K [0x0000000740000000, 0x0000000745580000, 0x0000000795580000)
  object space 87552K, 0% used [0x0000000740000000,0x0000000740000000,0x0000000745580000)
 Metaspace       used 10743K, capacity 10913K, committed 11264K, reserved 1058816K
  class space    used 1163K, capacity 1215K, committed 1280K, reserved 1048576K
Event: 6.015 GC heap after
Heap after GC invocations=1 (full 0):
 PSYoungGen      total 38400K, used 5088K [0x0000000795580000, 0x0000000798000000, 0x00000007c0000000)
  eden space 33280K, 0% used [0x0000000795580000,0x0000000795580000,0x0000000797600000)
  from space 5120K, 99% used [0x0000000797600000,0x0000000797af8050,0x0000000797b00000)
  to   space 5120K, 0% used [0x0000000797b00000,0x0000000797b00000,0x0000000798000000)
 ParOldGen       total 87552K, used 4481K [0x0000000740000000, 0x0000000745580000, 0x0000000795580000)
  object space 87552K, 5% used [0x0000000740000000,0x0000000740460780,0x0000000745580000)
 Metaspace       used 10743K, capacity 10913K, committed 11264K, reserved 1058816K
  class space    used 1163K, capacity 1215K, committed 1280K, reserved 1048576K
}
Event: 6.262 GC heap before
{Heap before GC invocations=2 (full 0):
 PSYoungGen      total 38400K, used 38368K [0x0000000795580000, 0x0000000798000000, 0x00000007c0000000)
  eden space 33280K, 100% used [0x0000000795580000,0x0000000797600000,0x0000000797600000)
  from space 5120K, 99% used [0x0000000797600000,0x0000000797af8050,0x0000000797b00000)
  to   space 5120K, 0% used [0x0000000797b00000,0x0000000797b00000,0x0000000798000000)
 ParOldGen       total 87552K, used 4481K [0x0000000740000000, 0x0000000745580000, 0x0000000795580000)
  object space 87552K, 5% used [0x0000000740000000,0x0000000740460780,0x0000000745580000)
 Metaspace       used 10857K, capacity 11041K, committed 11264K, reserved 1058816K
  class space    used 1163K, capacity 1215K, committed 1280K, reserved 1048576K
Event: 6.269 GC heap after
Heap after GC invocations=2 (full 0):
 PSYoungGen      total 38400K, used 5088K [0x0000000795580000, 0x000000079a080000, 0x00000007c0000000)
  eden space 33280K, 0% used [0x0000000795580000,0x0000000795580000,0x0000000797600000)
  from space 5120K, 99% used [0x0000000797b00000,0x0000000797ff8050,0x0000000798000000)
  to   space 5120K, 0% used [0x0000000797600000,0x0000000797600000,0x0000000797b00000)
 ParOldGen       total 87552K, used 7621K [0x0000000740000000, 0x0000000745580000, 0x0000000795580000)
  object space 87552K, 8% used [0x0000000740000000,0x00000007407717c0,0x0000000745580000)
 Metaspace       used 10857K, capacity 11041K, committed 11264K, reserved 1058816K
  class space    used 1163K, capacity 1215K, committed 1280K, reserved 1048576K
}
Event: 6.386 GC heap before
{Heap before GC invocations=3 (full 0):
 PSYoungGen      total 38400K, used 38368K [0x0000000795580000, 0x000000079a080000, 0x00000007c0000000)
  eden space 33280K, 100% used [0x0000000795580000,0x0000000797600000,0x0000000797600000)
  from space 5120K, 99% used [0x0000000797b00000,0x0000000797ff8050,0x0000000798000000)
  to   space 5120K, 0% used [0x0000000797600000,0x0000000797600000,0x0000000797b00000)
 ParOldGen       total 87552K, used 7621K [0x0000000740000000, 0x0000000745580000, 0x0000000795580000)
  object space 87552K, 8% used [0x0000000740000000,0x00000007407717c0,0x0000000745580000)
 Metaspace       used 10869K, capacity 11045K, committed 11264K, reserved 1058816K
  class space    used 1163K, capacity 1215K, committed 1280K, reserved 1048576K
Event: 6.391 GC heap after
Heap after GC invocations=3 (full 0):
 PSYoungGen      total 38400K, used 5088K [0x0000000795580000, 0x000000079a080000, 0x00000007c0000000)
  eden space 33280K, 0% used [0x0000000795580000,0x0000000795580000,0x0000000797600000)
  from space 5120K, 99% used [0x0000000797600000,0x0000000797af8050,0x0000000797b00000)
  to   space 5120K, 0% used [0x0000000799b80000,0x0000000799b80000,0x000000079a080000)
 ParOldGen       total 87552K, used 10717K [0x0000000740000000, 0x0000000745580000, 0x0000000795580000)
  object space 87552K, 12% used [0x0000000740000000,0x0000000740a777f0,0x0000000745580000)
 Metaspace       used 10869K, capacity 11045K, committed 11264K, reserved 1058816K
  class space    used 1163K, capacity 1215K, committed 1280K, reserved 1048576K
}

Deoptimization events (7 events):
Event: 0.769 Thread 0x00007f87e2800000 Uncommon trap: reason=unstable_if action=reinterpret pc=0x000000010491362c method=java.lang.String.indexOf([CII[CIII)I @ 134
Event: 1.593 Thread 0x00007f87e2800000 Uncommon trap: reason=unstable_if action=reinterpret pc=0x0000000104a038c8 method=java.lang.String.indexOf([CII[CIII)I @ 3
Event: 1.598 Thread 0x00007f87e2800000 Uncommon trap: reason=unstable_if action=reinterpret pc=0x0000000104a1dc2c method=sun.misc.MetaIndex.mayContain(Ljava/lang/String;)Z @ 38
Event: 5.884 Thread 0x00007f87e2800000 Uncommon trap: reason=class_check action=maybe_recompile pc=0x0000000104a29388 method=java.util.HashMap.putVal(ILjava/lang/Object;Ljava/lang/Object;ZZ)Ljava/lang/Object; @ 91
Event: 5.884 Thread 0x00007f87e2800000 Uncommon trap: reason=class_check action=maybe_recompile pc=0x0000000104a29388 method=java.util.HashMap.putVal(ILjava/lang/Object;Ljava/lang/Object;ZZ)Ljava/lang/Object; @ 91
Event: 5.885 Thread 0x00007f87e2800000 Uncommon trap: reason=class_check action=maybe_recompile pc=0x0000000104a29388 method=java.util.HashMap.putVal(ILjava/lang/Object;Ljava/lang/Object;ZZ)Ljava/lang/Object; @ 91
Event: 5.885 Thread 0x00007f87e2800000 Uncommon trap: reason=class_check action=maybe_recompile pc=0x0000000104a29388 method=java.util.HashMap.putVal(ILjava/lang/Object;Ljava/lang/Object;ZZ)Ljava/lang/Object; @ 91

Internal exceptions (10 events):
Event: 0.468 Thread 0x00007f87e2800000 Exception <a 'java/lang/ClassNotFoundException': org/apache/log4j/ConsoleAppenderCustomizer> (0x0000000795a19a50) thrown at [/HUDSON3/workspace/8-2-build-macosx-x86_64/jdk8u101/7261/hotspot/src/share/vm/classfile/systemDictionary.cpp, line 210]
Event: 0.501 Thread 0x00007f87e2800000 Exception <a 'java/lang/ClassNotFoundException': org/apache/log4j/PatternLayoutBeanInfo> (0x0000000795a47868) thrown at [/HUDSON3/workspace/8-2-build-macosx-x86_64/jdk8u101/7261/hotspot/src/share/vm/classfile/systemDictionary.cpp, line 210]
Event: 0.501 Thread 0x00007f87e2800000 Exception <a 'java/lang/ClassNotFoundException': org/apache/log4j/PatternLayoutCustomizer> (0x0000000795a4dd48) thrown at [/HUDSON3/workspace/8-2-build-macosx-x86_64/jdk8u101/7261/hotspot/src/share/vm/classfile/systemDictionary.cpp, line 210]
Event: 0.503 Thread 0x00007f87e2800000 Exception <a 'java/lang/ClassNotFoundException': org/apache/log4j/FileAppenderBeanInfo> (0x0000000795a5ae80) thrown at [/HUDSON3/workspace/8-2-build-macosx-x86_64/jdk8u101/7261/hotspot/src/share/vm/classfile/systemDictionary.cpp, line 210]
Event: 0.503 Thread 0x00007f87e2800000 Exception <a 'java/lang/ClassNotFoundException': org/apache/log4j/FileAppenderCustomizer> (0x0000000795a61208) thrown at [/HUDSON3/workspace/8-2-build-macosx-x86_64/jdk8u101/7261/hotspot/src/share/vm/classfile/systemDictionary.cpp, line 210]
Event: 0.692 Thread 0x00007f87e2800000 Exception <a 'java/lang/NoSuchFieldError': method resolution failed> (0x0000000795bf3da8) thrown at [/HUDSON3/workspace/8-2-build-macosx-x86_64/jdk8u101/7261/hotspot/src/share/vm/prims/methodHandles.cpp, line 1146]
Event: 0.694 Thread 0x00007f87e2800000 Exception <a 'java/lang/NoSuchFieldError': method resolution failed> (0x0000000795c01498) thrown at [/HUDSON3/workspace/8-2-build-macosx-x86_64/jdk8u101/7261/hotspot/src/share/vm/prims/methodHandles.cpp, line 1146]
Event: 1.019 Thread 0x00007f87e2800000 Exception <a 'java/io/FileNotFoundException'> (0x0000000795c7bf80) thrown at [/HUDSON3/workspace/8-2-build-macosx-x86_64/jdk8u101/7261/hotspot/src/share/vm/prims/jni.cpp, line 709]
Event: 1.020 Thread 0x00007f87e2800000 Exception <a 'java/io/FileNotFoundException'> (0x0000000795c7cb20) thrown at [/HUDSON3/workspace/8-2-build-macosx-x86_64/jdk8u101/7261/hotspot/src/share/vm/prims/jni.cpp, line 709]
Event: 1.112 Thread 0x00007f87e2800000 Exception <a 'java/io/FileNotFoundException'> (0x0000000795dbd890) thrown at [/HUDSON3/workspace/8-2-build-macosx-x86_64/jdk8u101/7261/hotspot/src/share/vm/prims/jni.cpp, line 709]

Events (10 events):
Event: 43.183 Executing VM operation: RevokeBias
Event: 43.183 Executing VM operation: RevokeBias done
Event: 43.183 Thread 0x00007f87e3d3d000 Thread exited: 0x00007f87e3d3d000
Event: 43.204 Thread 0x00007f87e2d96800 Thread added: 0x00007f87e2d96800
Event: 44.218 Executing VM operation: RevokeBias
Event: 44.218 Executing VM operation: RevokeBias done
Event: 44.218 Thread 0x00007f87e2d96800 Thread exited: 0x00007f87e2d96800
Event: 45.194 Thread 0x00007f87e3d3d000 Thread added: 0x00007f87e3d3d000
Event: 47.674 loading class org/lwjgl/opengl/CallbackUtil
Event: 47.674 loading class org/lwjgl/opengl/CallbackUtil done


Dynamic libraries:
0x0000000052f2d000 	/System/Library/Frameworks/Cocoa.framework/Versions/A/Cocoa
0x0000000052f2d000 	/System/Library/Frameworks/Security.framework/Versions/A/Security
0x0000000052f2d000 	/System/Library/Frameworks/ApplicationServices.framework/Versions/A/ApplicationServices
0x0000000052f2d000 	/usr/lib/libz.1.dylib
0x0000000052f2d000 	/usr/lib/libSystem.B.dylib
0x0000000052f2d000 	/usr/lib/libobjc.A.dylib
0x0000000052f2d000 	/System/Library/Frameworks/CoreFoundation.framework/Versions/A/CoreFoundation
0x0000000052f2d000 	/System/Library/Frameworks/Foundation.framework/Versions/C/Foundation
0x0000000052f2d000 	/System/Library/Frameworks/AppKit.framework/Versions/C/AppKit
0x0000000052f2d000 	/System/Library/Frameworks/CoreData.framework/Versions/A/CoreData
0x0000000052f2d000 	/System/Library/PrivateFrameworks/RemoteViewServices.framework/Versions/A/RemoteViewServices
0x0000000052f2d000 	/System/Library/PrivateFrameworks/UIFoundation.framework/Versions/A/UIFoundation
0x0000000052f2d000 	/System/Library/PrivateFrameworks/DFRFoundation.framework/Versions/A/DFRFoundation
0x0000000052f2d000 	/usr/lib/libenergytrace.dylib
0x0000000052f2d000 	/System/Library/PrivateFrameworks/SkyLight.framework/Versions/A/SkyLight
0x0000000052f2d000 	/System/Library/Frameworks/CoreGraphics.framework/Versions/A/CoreGraphics
0x0000000052f2d000 	/usr/lib/libScreenReader.dylib
0x0000000052f2d000 	/System/Library/Frameworks/Accelerate.framework/Versions/A/Accelerate
0x0000000052f2d000 	/System/Library/Frameworks/IOSurface.framework/Versions/A/IOSurface
0x0000000052f2d000 	/System/Library/Frameworks/AudioToolbox.framework/Versions/A/AudioToolbox
0x0000000052f2d000 	/System/Library/Frameworks/AudioUnit.framework/Versions/A/AudioUnit
0x0000000052f2d000 	/System/Library/PrivateFrameworks/DataDetectorsCore.framework/Versions/A/DataDetectorsCore
0x0000000052f2d000 	/System/Library/PrivateFrameworks/DesktopServicesPriv.framework/Versions/A/DesktopServicesPriv
0x0000000052f2d000 	/System/Library/Frameworks/Carbon.framework/Versions/A/Frameworks/HIToolbox.framework/Versions/A/HIToolbox
0x0000000052f2d000 	/usr/lib/libicucore.A.dylib
0x0000000052f2d000 	/System/Library/Frameworks/QuartzCore.framework/Versions/A/QuartzCore
0x0000000052f2d000 	/System/Library/Frameworks/Carbon.framework/Versions/A/Frameworks/SpeechRecognition.framework/Versions/A/SpeechRecognition
0x0000000052f2d000 	/usr/lib/libauto.dylib
0x0000000052f2d000 	/usr/lib/libxml2.2.dylib
0x0000000052f2d000 	/System/Library/PrivateFrameworks/CoreUI.framework/Versions/A/CoreUI
0x0000000052f2d000 	/System/Library/Frameworks/CoreAudio.framework/Versions/A/CoreAudio
0x0000000052f2d000 	/System/Library/Frameworks/DiskArbitration.framework/Versions/A/DiskArbitration
0x0000000052f2d000 	/usr/lib/liblangid.dylib
0x0000000052f2d000 	/System/Library/PrivateFrameworks/MultitouchSupport.framework/Versions/A/MultitouchSupport
0x0000000052f2d000 	/System/Library/Frameworks/IOKit.framework/Versions/A/IOKit
0x0000000052f2d000 	/usr/lib/libDiagnosticMessagesClient.dylib
0x0000000052f2d000 	/System/Library/Frameworks/CoreServices.framework/Versions/A/CoreServices
0x0000000052f2d000 	/System/Library/PrivateFrameworks/PerformanceAnalysis.framework/Versions/A/PerformanceAnalysis
0x0000000052f2d000 	/System/Library/PrivateFrameworks/GenerationalStorage.framework/Versions/A/GenerationalStorage
0x0000000052f2d000 	/System/Library/Frameworks/OpenGL.framework/Versions/A/OpenGL
0x0000000052f2d000 	/System/Library/Frameworks/CoreImage.framework/Versions/A/CoreImage
0x0000000052f2d000 	/System/Library/Frameworks/CoreText.framework/Versions/A/CoreText
0x0000000052f2d000 	/System/Library/Frameworks/ImageIO.framework/Versions/A/ImageIO
0x0000000052f2d000 	/System/Library/PrivateFrameworks/Backup.framework/Versions/A/Backup
0x0000000052f2d000 	/usr/lib/libarchive.2.dylib
0x0000000052f2d000 	/System/Library/Frameworks/CFNetwork.framework/Versions/A/CFNetwork
0x0000000052f2d000 	/System/Library/Frameworks/SystemConfiguration.framework/Versions/A/SystemConfiguration
0x0000000052f2d000 	/usr/lib/libCRFSuite.dylib
0x0000000052f2d000 	/usr/lib/libc++.1.dylib
0x0000000052f2d000 	/usr/lib/libc++abi.dylib
0x0000000052f2d000 	/usr/lib/system/libcache.dylib
0x0000000052f2d000 	/usr/lib/system/libcommonCrypto.dylib
0x0000000052f2d000 	/usr/lib/system/libcompiler_rt.dylib
0x0000000052f2d000 	/usr/lib/system/libcopyfile.dylib
0x0000000052f2d000 	/usr/lib/system/libcorecrypto.dylib
0x0000000052f2d000 	/usr/lib/system/libdispatch.dylib
0x0000000052f2d000 	/usr/lib/system/libdyld.dylib
0x0000000052f2d000 	/usr/lib/system/libkeymgr.dylib
0x0000000052f2d000 	/usr/lib/system/liblaunch.dylib
0x0000000052f2d000 	/usr/lib/system/libmacho.dylib
0x0000000052f2d000 	/usr/lib/system/libquarantine.dylib
0x0000000052f2d000 	/usr/lib/system/libremovefile.dylib
0x0000000052f2d000 	/usr/lib/system/libsystem_asl.dylib
0x0000000052f2d000 	/usr/lib/system/libsystem_blocks.dylib
0x0000000052f2d000 	/usr/lib/system/libsystem_c.dylib
0x0000000052f2d000 	/usr/lib/system/libsystem_configuration.dylib
0x0000000052f2d000 	/usr/lib/system/libsystem_coreservices.dylib
0x0000000052f2d000 	/usr/lib/system/libsystem_coretls.dylib
0x0000000052f2d000 	/usr/lib/system/libsystem_dnssd.dylib
0x0000000052f2d000 	/usr/lib/system/libsystem_info.dylib
0x0000000052f2d000 	/usr/lib/system/libsystem_kernel.dylib
0x0000000052f2d000 	/usr/lib/system/libsystem_m.dylib
0x0000000052f2d000 	/usr/lib/system/libsystem_malloc.dylib
0x0000000052f2d000 	/usr/lib/system/libsystem_network.dylib
0x0000000052f2d000 	/usr/lib/system/libsystem_networkextension.dylib
0x0000000052f2d000 	/usr/lib/system/libsystem_notify.dylib
0x0000000052f2d000 	/usr/lib/system/libsystem_platform.dylib
0x0000000052f2d000 	/usr/lib/system/libsystem_pthread.dylib
0x0000000052f2d000 	/usr/lib/system/libsystem_sandbox.dylib
0x0000000052f2d000 	/usr/lib/system/libsystem_secinit.dylib
0x0000000052f2d000 	/usr/lib/system/libsystem_symptoms.dylib
0x0000000052f2d000 	/usr/lib/system/libsystem_trace.dylib
0x0000000052f2d000 	/usr/lib/system/libunwind.dylib
0x0000000052f2d000 	/usr/lib/system/libxpc.dylib
0x0000000052f2d000 	/usr/lib/libbsm.0.dylib
0x0000000052f2d000 	/usr/lib/system/libkxld.dylib
0x0000000052f2d000 	/usr/lib/libcoretls.dylib
0x0000000052f2d000 	/usr/lib/libcoretls_cfhelpers.dylib
0x0000000052f2d000 	/usr/lib/libOpenScriptingUtil.dylib
0x0000000052f2d000 	/usr/lib/libpam.2.dylib
0x0000000052f2d000 	/usr/lib/libsqlite3.dylib
0x0000000052f2d000 	/usr/lib/libxar.1.dylib
0x0000000052f2d000 	/usr/lib/libbz2.1.0.dylib
0x0000000052f2d000 	/usr/lib/liblzma.5.dylib
0x0000000052f2d000 	/usr/lib/libnetwork.dylib
0x0000000052f2d000 	/usr/lib/libpcap.A.dylib
0x0000000052f2d000 	/System/Library/Frameworks/CoreServices.framework/Versions/A/Frameworks/FSEvents.framework/Versions/A/FSEvents
0x0000000052f2d000 	/System/Library/Frameworks/CoreServices.framework/Versions/A/Frameworks/CarbonCore.framework/Versions/A/CarbonCore
0x0000000052f2d000 	/System/Library/Frameworks/CoreServices.framework/Versions/A/Frameworks/Metadata.framework/Versions/A/Metadata
0x0000000052f2d000 	/System/Library/Frameworks/CoreServices.framework/Versions/A/Frameworks/OSServices.framework/Versions/A/OSServices
0x0000000052f2d000 	/System/Library/Frameworks/CoreServices.framework/Versions/A/Frameworks/SearchKit.framework/Versions/A/SearchKit
0x0000000052f2d000 	/System/Library/Frameworks/CoreServices.framework/Versions/A/Frameworks/AE.framework/Versions/A/AE
0x0000000052f2d000 	/System/Library/Frameworks/CoreServices.framework/Versions/A/Frameworks/LaunchServices.framework/Versions/A/LaunchServices
0x0000000052f2d000 	/System/Library/Frameworks/CoreServices.framework/Versions/A/Frameworks/DictionaryServices.framework/Versions/A/DictionaryServices
0x0000000052f2d000 	/System/Library/Frameworks/CoreServices.framework/Versions/A/Frameworks/SharedFileList.framework/Versions/A/SharedFileList
0x0000000052f2d000 	/System/Library/Frameworks/NetFS.framework/Versions/A/NetFS
0x0000000052f2d000 	/System/Library/PrivateFrameworks/NetAuth.framework/Versions/A/NetAuth
0x0000000052f2d000 	/System/Library/PrivateFrameworks/login.framework/Versions/A/Frameworks/loginsupport.framework/Versions/A/loginsupport
0x0000000052f2d000 	/System/Library/PrivateFrameworks/TCC.framework/Versions/A/TCC
0x0000000052f2d000 	/usr/lib/libmecabra.dylib
0x0000000052f2d000 	/System/Library/Frameworks/ApplicationServices.framework/Versions/A/Frameworks/ATS.framework/Versions/A/ATS
0x0000000052f2d000 	/System/Library/Frameworks/ApplicationServices.framework/Versions/A/Frameworks/ColorSync.framework/Versions/A/ColorSync
0x0000000052f2d000 	/System/Library/Frameworks/ApplicationServices.framework/Versions/A/Frameworks/HIServices.framework/Versions/A/HIServices
0x0000000052f2d000 	/System/Library/Frameworks/ApplicationServices.framework/Versions/A/Frameworks/LangAnalysis.framework/Versions/A/LangAnalysis
0x0000000052f2d000 	/System/Library/Frameworks/ApplicationServices.framework/Versions/A/Frameworks/PrintCore.framework/Versions/A/PrintCore
0x0000000052f2d000 	/System/Library/Frameworks/ApplicationServices.framework/Versions/A/Frameworks/QD.framework/Versions/A/QD
0x0000000052f2d000 	/System/Library/Frameworks/ApplicationServices.framework/Versions/A/Frameworks/SpeechSynthesis.framework/Versions/A/SpeechSynthesis
0x0000000052f2d000 	/System/Library/Frameworks/Accelerate.framework/Versions/A/Frameworks/vImage.framework/Versions/A/vImage
0x0000000052f2d000 	/System/Library/Frameworks/Accelerate.framework/Versions/A/Frameworks/vecLib.framework/Versions/A/vecLib
0x0000000052f2d000 	/System/Library/Frameworks/Accelerate.framework/Versions/A/Frameworks/vecLib.framework/Versions/A/libvDSP.dylib
0x0000000052f2d000 	/System/Library/Frameworks/Accelerate.framework/Versions/A/Frameworks/vecLib.framework/Versions/A/libBNNS.dylib
0x0000000052f2d000 	/System/Library/Frameworks/Accelerate.framework/Versions/A/Frameworks/vecLib.framework/Versions/A/libQuadrature.dylib
0x0000000052f2d000 	/System/Library/Frameworks/Accelerate.framework/Versions/A/Frameworks/vecLib.framework/Versions/A/libvMisc.dylib
0x0000000052f2d000 	/System/Library/Frameworks/Accelerate.framework/Versions/A/Frameworks/vecLib.framework/Versions/A/libLAPACK.dylib
0x0000000052f2d000 	/System/Library/Frameworks/Accelerate.framework/Versions/A/Frameworks/vecLib.framework/Versions/A/libBLAS.dylib
0x0000000052f2d000 	/System/Library/Frameworks/Accelerate.framework/Versions/A/Frameworks/vecLib.framework/Versions/A/libLinearAlgebra.dylib
0x0000000052f2d000 	/System/Library/Frameworks/Accelerate.framework/Versions/A/Frameworks/vecLib.framework/Versions/A/libSparseBLAS.dylib
0x0000000052f2d000 	/System/Library/Frameworks/ApplicationServices.framework/Versions/A/Frameworks/ATS.framework/Versions/A/Resources/libFontParser.dylib
0x0000000052f2d000 	/System/Library/Frameworks/ApplicationServices.framework/Versions/A/Frameworks/ATS.framework/Versions/A/Resources/libFontRegistry.dylib
0x0000000052f2d000 	/System/Library/Frameworks/ImageIO.framework/Versions/A/Resources/libJPEG.dylib
0x0000000052f2d000 	/System/Library/Frameworks/ImageIO.framework/Versions/A/Resources/libTIFF.dylib
0x0000000052f2d000 	/System/Library/Frameworks/ImageIO.framework/Versions/A/Resources/libPng.dylib
0x0000000052f2d000 	/System/Library/Frameworks/ImageIO.framework/Versions/A/Resources/libGIF.dylib
0x0000000052f2d000 	/System/Library/Frameworks/ImageIO.framework/Versions/A/Resources/libJP2.dylib
0x0000000052f2d000 	/System/Library/Frameworks/ImageIO.framework/Versions/A/Resources/libRadiance.dylib
0x0000000052f2d000 	/usr/lib/libcompression.dylib
0x0000000052f2d000 	/System/Library/PrivateFrameworks/AppleJPEG.framework/Versions/A/AppleJPEG
0x0000000052f2d000 	/usr/lib/libcups.2.dylib
0x0000000052f2d000 	/System/Library/Frameworks/Kerberos.framework/Versions/A/Kerberos
0x0000000052f2d000 	/System/Library/Frameworks/GSS.framework/Versions/A/GSS
0x0000000052f2d000 	/usr/lib/libresolv.9.dylib
0x0000000052f2d000 	/usr/lib/libiconv.2.dylib
0x0000000052f2d000 	/System/Library/PrivateFrameworks/Heimdal.framework/Versions/A/Heimdal
0x0000000052f2d000 	/usr/lib/libheimdal-asn1.dylib
0x0000000052f2d000 	/System/Library/Frameworks/OpenDirectory.framework/Versions/A/OpenDirectory
0x0000000052f2d000 	/System/Library/PrivateFrameworks/CommonAuth.framework/Versions/A/CommonAuth
0x0000000052f2d000 	/System/Library/Frameworks/OpenDirectory.framework/Versions/A/Frameworks/CFOpenDirectory.framework/Versions/A/CFOpenDirectory
0x0000000052f2d000 	/System/Library/Frameworks/SecurityFoundation.framework/Versions/A/SecurityFoundation
0x0000000052f2d000 	/System/Library/PrivateFrameworks/LanguageModeling.framework/Versions/A/LanguageModeling
0x0000000052f2d000 	/usr/lib/libmarisa.dylib
0x0000000052f2d000 	/usr/lib/libChineseTokenizer.dylib
0x0000000052f2d000 	/usr/lib/libcmph.dylib
0x0000000052f2d000 	/System/Library/PrivateFrameworks/CoreEmoji.framework/Versions/A/CoreEmoji
0x0000000052f2d000 	/System/Library/Frameworks/ServiceManagement.framework/Versions/A/ServiceManagement
0x0000000052f2d000 	/usr/lib/libxslt.1.dylib
0x0000000052f2d000 	/System/Library/Frameworks/Carbon.framework/Versions/A/Frameworks/Ink.framework/Versions/A/Ink
0x0000000052f2d000 	/System/Library/PrivateFrameworks/TextureIO.framework/Versions/A/TextureIO
0x0000000052f2d000 	/System/Library/Frameworks/Metal.framework/Versions/A/Metal
0x0000000052f2d000 	/usr/lib/libate.dylib
0x0000000052f2d000 	/System/Library/PrivateFrameworks/GPUCompiler.framework/libmetal_timestamp.dylib
0x0000000052f2d000 	/System/Library/Frameworks/OpenGL.framework/Versions/A/Libraries/libCoreFSCache.dylib
0x0000000052f2d000 	/System/Library/PrivateFrameworks/IOAccelerator.framework/Versions/A/IOAccelerator
0x0000000052f2d000 	/System/Library/Frameworks/CoreVideo.framework/Versions/A/CoreVideo
0x0000000052f2d000 	/usr/lib/libFosl_dynamic.dylib
0x0000000052f2d000 	/System/Library/PrivateFrameworks/MetalPerformanceShaders.framework/Versions/A/MetalPerformanceShaders
0x0000000052f2d000 	/System/Library/PrivateFrameworks/FaceCore.framework/Versions/A/FaceCore
0x0000000052f2d000 	/System/Library/Frameworks/OpenCL.framework/Versions/A/OpenCL
0x0000000052f2d000 	/System/Library/Frameworks/OpenGL.framework/Versions/A/Libraries/libGLU.dylib
0x0000000052f2d000 	/System/Library/Frameworks/OpenGL.framework/Versions/A/Libraries/libGFXShared.dylib
0x0000000052f2d000 	/System/Library/Frameworks/OpenGL.framework/Versions/A/Libraries/libGL.dylib
0x0000000052f2d000 	/System/Library/Frameworks/OpenGL.framework/Versions/A/Libraries/libGLImage.dylib
0x0000000052f2d000 	/System/Library/Frameworks/OpenGL.framework/Versions/A/Libraries/libCVMSPluginSupport.dylib
0x0000000052f2d000 	/System/Library/Frameworks/OpenGL.framework/Versions/A/Libraries/libCoreVMClient.dylib
0x0000000052f2d000 	/System/Library/PrivateFrameworks/CrashReporterSupport.framework/Versions/A/CrashReporterSupport
0x0000000052f2d000 	/System/Library/PrivateFrameworks/Sharing.framework/Versions/A/Sharing
0x0000000052f2d000 	/System/Library/PrivateFrameworks/IconServices.framework/Versions/A/IconServices
0x0000000052f2d000 	/System/Library/PrivateFrameworks/ProtocolBuffer.framework/Versions/A/ProtocolBuffer
0x0000000052f2d000 	/System/Library/PrivateFrameworks/Apple80211.framework/Versions/A/Apple80211
0x0000000052f2d000 	/System/Library/Frameworks/CoreWLAN.framework/Versions/A/CoreWLAN
0x0000000052f2d000 	/System/Library/PrivateFrameworks/CoreUtils.framework/Versions/A/CoreUtils
0x0000000052f2d000 	/System/Library/Frameworks/IOBluetooth.framework/Versions/A/IOBluetooth
0x0000000052f2d000 	/System/Library/PrivateFrameworks/CoreWiFi.framework/Versions/A/CoreWiFi
0x0000000052f2d000 	/System/Library/Frameworks/CoreBluetooth.framework/Versions/A/CoreBluetooth
0x0000000052f2d000 	/System/Library/Frameworks/CoreDisplay.framework/Versions/A/CoreDisplay
0x0000000052f2d000 	/System/Library/PrivateFrameworks/IOPresentment.framework/Versions/A/IOPresentment
0x0000000052f2d000 	/System/Library/PrivateFrameworks/DSExternalDisplay.framework/Versions/A/DSExternalDisplay
0x0000000052f2d000 	/System/Library/PrivateFrameworks/DebugSymbols.framework/Versions/A/DebugSymbols
0x0000000052f2d000 	/System/Library/PrivateFrameworks/CoreSymbolication.framework/Versions/A/CoreSymbolication
0x0000000052f2d000 	/System/Library/PrivateFrameworks/Symbolication.framework/Versions/A/Symbolication
0x0000000052f2d000 	/System/Library/PrivateFrameworks/AppleFSCompression.framework/Versions/A/AppleFSCompression
0x0000000052f2d000 	/System/Library/PrivateFrameworks/SpeechRecognitionCore.framework/Versions/A/SpeechRecognitionCore
0x0000000052f2d000 	/System/Library/PrivateFrameworks/ChunkingLibrary.framework/Versions/A/ChunkingLibrary
0x0000000103800000 	/Library/Java/JavaVirtualMachines/jdk1.8.0_101.jdk/Contents/Home/jre/lib/server/libjvm.dylib
0x0000000052f2d000 	/usr/lib/libstdc++.6.dylib
0x00000001026d3000 	/Library/Java/JavaVirtualMachines/jdk1.8.0_101.jdk/Contents/Home/jre/lib/libverify.dylib
0x00000001026e1000 	/Library/Java/JavaVirtualMachines/jdk1.8.0_101.jdk/Contents/Home/jre/lib/libjava.dylib
0x0000000102720000 	/Library/Java/JavaVirtualMachines/jdk1.8.0_101.jdk/Contents/Home/jre/lib/libzip.dylib
0x00000001198cf000 	/System/Library/Frameworks/JavaVM.framework/Frameworks/JavaRuntimeSupport.framework/JavaRuntimeSupport
0x00000001198e9000 	/System/Library/Frameworks/JavaVM.framework/Versions/A/Frameworks/JavaNativeFoundation.framework/Versions/A/JavaNativeFoundation
0x0000000102f13000 	/System/Library/Frameworks/JavaVM.framework/Versions/A/JavaVM
0x0000000052f2d000 	/System/Library/Frameworks/Carbon.framework/Versions/A/Carbon
0x0000000102ff3000 	/System/Library/PrivateFrameworks/JavaLaunching.framework/Versions/A/JavaLaunching
0x0000000052f2d000 	/System/Library/Frameworks/Carbon.framework/Versions/A/Frameworks/CommonPanels.framework/Versions/A/CommonPanels
0x0000000052f2d000 	/System/Library/Frameworks/Carbon.framework/Versions/A/Frameworks/Help.framework/Versions/A/Help
0x0000000052f2d000 	/System/Library/Frameworks/Carbon.framework/Versions/A/Frameworks/ImageCapture.framework/Versions/A/ImageCapture
0x0000000052f2d000 	/System/Library/Frameworks/Carbon.framework/Versions/A/Frameworks/OpenScripting.framework/Versions/A/OpenScripting
0x0000000052f2d000 	/System/Library/Frameworks/Carbon.framework/Versions/A/Frameworks/Print.framework/Versions/A/Print
0x0000000052f2d000 	/System/Library/Frameworks/Carbon.framework/Versions/A/Frameworks/SecurityHI.framework/Versions/A/SecurityHI
0x000000011b248000 	/Library/Java/JavaVirtualMachines/jdk1.8.0_101.jdk/Contents/Home/jre/lib/libawt.dylib
0x000000011b2f0000 	/Library/Java/JavaVirtualMachines/jdk1.8.0_101.jdk/Contents/Home/jre/lib/./libmlib_image.dylib
0x000000011b3bc000 	/Library/Java/JavaVirtualMachines/jdk1.8.0_101.jdk/Contents/Home/jre/lib/libawt_lwawt.dylib
0x000000011b471000 	/Library/Java/JavaVirtualMachines/jdk1.8.0_101.jdk/Contents/Home/jre/lib/./libosxapp.dylib
0x0000000052f2d000 	/System/Library/Frameworks/ExceptionHandling.framework/Versions/A/ExceptionHandling
0x0000000052f2d000 	/System/Library/PrivateFrameworks/CoreServicesInternal.framework/Versions/A/CoreServicesInternal
0x0000000052f2d000 	/System/Library/CoreServices/RawCamera.bundle/Contents/MacOS/RawCamera
0x000000011c019000 	/System/Library/Frameworks/Accelerate.framework/Frameworks/vImage.framework/Versions/A/Libraries/libCGInterfaces.dylib
0x0000000052f2d000 	/System/Library/Frameworks/ApplicationServices.framework/Versions/A/Frameworks/ATS.framework/Versions/A/Resources/libTrueTypeScaler.dylib
0x000000011d32c000 	/System/Library/Frameworks/OpenGL.framework/Resources/GLEngine.bundle/GLEngine
0x0000000052f2d000 	/System/Library/Frameworks/OpenGL.framework/Versions/A/Libraries/libGLProgrammability.dylib
0x000000011d511000 	/System/Library/Extensions/AppleIntelHD5000GraphicsGLDriver.bundle/Contents/MacOS/AppleIntelHD5000GraphicsGLDriver
0x0000000052f2d000 	/System/Library/PrivateFrameworks/GPUSupport.framework/Versions/A/Libraries/libGPUSupportMercury.dylib
0x000000011dc83000 	/System/Library/Frameworks/OpenGL.framework/Resources//GLRendererFloat.bundle/GLRendererFloat
0x0000000052f2d000 	/System/Library/Frameworks/OpenCL.framework/Versions/A/Libraries/libcldcpuengine.dylib
0x0000000052f2d000 	/usr/lib/libcrypto.0.9.8.dylib
0x0000000052f2d000 	/System/Library/PrivateFrameworks/TrustEvaluationAgent.framework/Versions/A/TrustEvaluationAgent
0x000000011dcb7000 	/System/Library/Extensions/AppleIntelHD5000GraphicsMTLDriver.bundle/Contents/MacOS/AppleIntelHD5000GraphicsMTLDriver
0x0000000052f2d000 	/System/Library/PrivateFrameworks/FamilyControls.framework/Versions/A/FamilyControls
0x0000000052f2d000 	/System/Library/PrivateFrameworks/CommerceKit.framework/Versions/A/Frameworks/CommerceCore.framework/Versions/A/CommerceCore
0x0000000052f2d000 	/System/Library/PrivateFrameworks/SystemAdministration.framework/Versions/A/SystemAdministration
0x0000000052f2d000 	/System/Library/PrivateFrameworks/AppContainer.framework/Versions/A/AppContainer
0x0000000052f2d000 	/System/Library/PrivateFrameworks/SecCodeWrapper.framework/Versions/A/SecCodeWrapper
0x0000000052f2d000 	/System/Library/Frameworks/DirectoryService.framework/Versions/A/DirectoryService
0x0000000052f2d000 	/System/Library/PrivateFrameworks/DiskImages.framework/Versions/A/DiskImages
0x0000000052f2d000 	/System/Library/PrivateFrameworks/LoginUIKit.framework/Versions/A/Frameworks/LoginUICore.framework/Versions/A/LoginUICore
0x0000000052f2d000 	/usr/lib/libCoreStorage.dylib
0x0000000052f2d000 	/usr/lib/libcsfde.dylib
0x0000000052f2d000 	/usr/lib/libodfde.dylib
0x0000000052f2d000 	/System/Library/Frameworks/DiscRecording.framework/Versions/A/DiscRecording
0x0000000052f2d000 	/usr/lib/libcurl.4.dylib
0x0000000052f2d000 	/System/Library/PrivateFrameworks/MediaKit.framework/Versions/A/MediaKit
0x0000000052f2d000 	/System/Library/PrivateFrameworks/ProtectedCloudStorage.framework/Versions/A/ProtectedCloudStorage
0x0000000052f2d000 	/System/Library/PrivateFrameworks/EFILogin.framework/Versions/A/EFILogin
0x0000000052f2d000 	/usr/lib/libutil.dylib
0x0000000052f2d000 	/System/Library/Frameworks/LDAP.framework/Versions/A/LDAP
0x0000000052f2d000 	/usr/lib/libsasl2.2.dylib
0x0000000052f2d000 	/System/Library/PrivateFrameworks/CoreDaemon.framework/Versions/B/CoreDaemon
0x0000000052f2d000 	/System/Library/PrivateFrameworks/AppleSRP.framework/Versions/A/AppleSRP
0x0000000052f2d000 	/System/Library/PrivateFrameworks/APFS.framework/Versions/A/APFS
0x000000011f10f000 	/Library/Java/JavaVirtualMachines/jdk1.8.0_101.jdk/Contents/Home/jre/lib/libfontmanager.dylib
0x000000011f176000 	/Users/collindutter/Documents/School/CPE307/slick/liblwjgl.dylib
0x000000011c0e7000 	/Library/Java/JavaVirtualMachines/jdk1.8.0_101.jdk/Contents/Home/jre/lib/libjawt.dylib
0x00000001229c1000 	/Users/collindutter/Documents/School/CPE307/slick/libjinput-osx.dylib
0x00000001229c6000 	/System/Library/Extensions/IOHIDFamily.kext/Contents/PlugIns/IOHIDLib.plugin/Contents/MacOS/IOHIDLib
0x0000000123543000 	/Library/Java/JavaVirtualMachines/jdk1.8.0_101.jdk/Contents/Home/jre/lib/libnet.dylib
0x00000001237f2000 	/Library/Java/JavaVirtualMachines/jdk1.8.0_101.jdk/Contents/Home/jre/lib/libnio.dylib

VM Arguments:
jvm_args: -Djava.library.path=/Users/collindutter/Documents/School/CPE307/slick -Dfile.encoding=UTF-8 
java_command: main.OperationIceCream
java_class_path (initial): /Users/collindutter/Documents/School/CPE307/oic2/target/classes:/Users/collindutter/.p2/pool/plugins/org.junit_4.12.0.v201504281640/junit.jar:/Users/collindutter/.p2/pool/plugins/org.hamcrest.core_1.3.0.v201303031735.jar:/Users/collindutter/.m2/repository/org/slick2d/slick2d-basic-game-archetype/1.0.2/slick2d-basic-game-archetype-1.0.2.jar:/Users/collindutter/.m2/repository/org/slick2d/slick2d-core/1.0.2/slick2d-core-1.0.2.jar:/Users/collindutter/.m2/repository/org/lwjgl/lwjgl/lwjgl/2.9.3/lwjgl-2.9.3.jar:/Users/collindutter/.m2/repository/org/lwjgl/lwjgl/lwjgl-platform/2.9.3/lwjgl-platform-2.9.3-natives-windows.jar:/Users/collindutter/.m2/repository/org/lwjgl/lwjgl/lwjgl-platform/2.9.3/lwjgl-platform-2.9.3-natives-linux.jar:/Users/collindutter/.m2/repository/org/lwjgl/lwjgl/lwjgl-platform/2.9.3/lwjgl-platform-2.9.3-natives-osx.jar:/Users/collindutter/.m2/repository/net/java/jinput/jinput/2.0.5/jinput-2.0.5.jar:/Users/collindutter/.m2/repository/net/java/jutils/jutils/1.0.0/jutils-1.0.0.jar:/Users/collindutter/.m2/repository/net/java/jinput/jinput-platform/2.0.5/jinput-platform-2.0.5-natives-linux.jar:/Users/collindutter/.m2/repository/net/java/jinput/jinput-platform/2.0.5/jinput-platform-2.0.5-natives-windows.jar:/Users/collindutter/.m2/repository/net/java/jinput/jinput-platform/2.0.5/jinput-platform-2.0.5-natives-osx.jar:/Library/Java/JavaVirtualMachines/jdk1.8.0_101.jdk/Contents/Home/jre/lib/javaws.jar:/Users/collindutter/.m2/repository/org/jcraft/jorbis/0.0.17/jorbis-0.0.17.jar:/Users/collindutter/.m2/repository/org/slf4j/slf4j-api/1.7.5/slf4j-api-1.7.5.jar:/Users/collindutter/.m2/repository/org/slf4j/slf4j-log4j12/1.7.5/slf4j-log4j12-1.7.5.jar:/Users/collindutter/.m2/repository/log4j/log4j/1.2.17/log4j-1.2.17.jar
Launcher Type: SUN_STANDARD

Environment Variables:
PATH=/usr/bin:/bin:/usr/sbin:/sbin
SHELL=/usr/local/bin/fish
DISPLAY=/private/tmp/com.apple.launchd.bpsjxd5ZlW/org.macosforge.xquartz:0

Signal Handlers:
SIGSEGV: [libjvm.dylib+0x5af145], sa_mask[0]=11111111011111110111111111111111, sa_flags=SA_ONSTACK|SA_RESTART|SA_SIGINFO
SIGBUS: [libjvm.dylib+0x5af145], sa_mask[0]=11111111011111110111111111111111, sa_flags=SA_RESTART|SA_SIGINFO
SIGFPE: [libjvm.dylib+0x48694c], sa_mask[0]=11111111011111110111111111111111, sa_flags=SA_RESTART|SA_SIGINFO
SIGPIPE: [libjvm.dylib+0x48694c], sa_mask[0]=11111111011111110111111111111111, sa_flags=SA_RESTART|SA_SIGINFO
SIGXFSZ: [libjvm.dylib+0x48694c], sa_mask[0]=11111111011111110111111111111111, sa_flags=SA_RESTART|SA_SIGINFO
SIGILL: [libjvm.dylib+0x48694c], sa_mask[0]=11111111011111110111111111111111, sa_flags=SA_RESTART|SA_SIGINFO
SIGUSR1: SIG_DFL, sa_mask[0]=00000000000000000000000000000000, sa_flags=none
SIGUSR2: [libjvm.dylib+0x48646a], sa_mask[0]=00100000000000000000000000000000, sa_flags=SA_RESTART|SA_SIGINFO
SIGHUP: [libjvm.dylib+0x484a41], sa_mask[0]=11111111011111110111111111111111, sa_flags=SA_RESTART|SA_SIGINFO
SIGINT: [libjvm.dylib+0x484a41], sa_mask[0]=11111111011111110111111111111111, sa_flags=SA_RESTART|SA_SIGINFO
SIGTERM: [libjvm.dylib+0x484a41], sa_mask[0]=11111111011111110111111111111111, sa_flags=SA_RESTART|SA_SIGINFO
SIGQUIT: [libjvm.dylib+0x484a41], sa_mask[0]=11111111011111110111111111111111, sa_flags=SA_RESTART|SA_SIGINFO


---------------  S Y S T E M  ---------------

OS:Bsduname:Darwin 16.6.0 Darwin Kernel Version 16.6.0: Fri Apr 14 16:21:16 PDT 2017; root:xnu-3789.60.24~6/RELEASE_X86_64 x86_64
rlimit: STACK 8192k, CORE 0k, NPROC 709, NOFILE 10240, AS infinity
load average:14.25 6.81 3.71

CPU:total 4 (2 cores per cpu, 2 threads per core) family 6 model 69 stepping 1, cmov, cx8, fxsr, mmx, sse, sse2, sse3, ssse3, sse4.1, sse4.2, popcnt, avx, avx2, aes, clmul, erms, lzcnt, ht, tsc, tscinvbit, bmi1, bmi2

Memory: 4k page, physical 8388608k(1071224k free)

/proc/meminfo:


vm_info: Java HotSpot(TM) 64-Bit Server VM (25.101-b13) for bsd-amd64 JRE (1.8.0_101-b13), built on Jun 22 2016 02:42:15 by "java_re" with gcc 4.2.1 (Based on Apple Inc. build 5658) (LLVM build 2336.11.00)

time: Mon Jun  5 17:27:35 2017
elapsed time: 47 seconds (0d 0h 0m 47s)

